<?xml version="1.0" encoding="UTF-8"?>
<testsuite xmlns:xsi="http://www.w3.org/2001/XMLSchema-instance" xsi:noNamespaceSchemaLocation="https://maven.apache.org/surefire/maven-surefire-plugin/xsd/surefire-test-report-3.0.xsd" version="3.0" name="com.solocoffee.backend.integration.PredictionIntegrationTest" time="45.82" tests="4" errors="0" skipped="0" failures="0">
  <properties>
[...]
</properties>
  <testcase name="testGetPredictionOrders" classname="com.solocoffee.backend.integration.PredictionIntegrationTest" time="11.42">
    <system-out><![CDATA[&amp#27;[2m2026-01-18T11:36:47.603+08:00&amp#27;[0;39m &amp#27;[32m INFO&amp#27;[0;39m &amp#27;[35m88348&amp#27;[0;39m &amp#27;[2m---&amp#27;[0;39m &amp#27;[2m[           main]&amp#27;[0;39m &amp#27;[2m&amp#27;[0;39m&amp#27;[36mt.c.s.AnnotationConfigContextLoaderUtils&amp#27;[0;39m &amp#27;[2m:&amp#27;[0;39m Could not detect default configuration classes for test class [com.solocoffee.backend.integration.PredictionIntegrationTest]: PredictionIntegrationTest does not declare any static, non-private, non-final, nested classes annotated with @Configuration.
&amp#27;[2m2026-01-18T11:36:47.603+08:00&amp#27;[0;39m &amp#27;[32m INFO&amp#27;[0;39m &amp#27;[35m88348&amp#27;[0;39m &amp#27;[2m---&amp#27;[0;39m &amp#27;[2m[           main]&amp#27;[0;39m &amp#27;[2m&amp#27;[0;39m&amp#27;[36m.b.t.c.SpringBootTestContextBootstrapper&amp#27;[0;39m &amp#27;[2m:&amp#27;[0;39m Found @SpringBootConfiguration com.solocoffee.backend.BackendApplication for test class com.solocoffee.backend.integration.PredictionIntegrationTest
&amp#27;[2m2026-01-18T11:36:58.612+08:00&amp#27;[0;39m &amp#27;[33m WARN&amp#27;[0;39m &amp#27;[35m88348&amp#27;[0;39m &amp#27;[2m---&amp#27;[0;39m &amp#27;[2m[           main]&amp#27;[0;39m &amp#27;[2m&amp#27;[0;39m&amp#27;[36morg.apache.tomcat.util.net.Acceptor     &amp#27;[0;39m &amp#27;[2m:&amp#27;[0;39m The acceptor thread [http-nio-auto-13-Acceptor] did not stop cleanly
&amp#27;[2m2026-01-18T11:36:58.616+08:00&amp#27;[0;39m &amp#27;[32m INFO&amp#27;[0;39m &amp#27;[35m88348&amp#27;[0;39m &amp#27;[2m---&amp#27;[0;39m &amp#27;[2m[           main]&amp#27;[0;39m &amp#27;[2m&amp#27;[0;39m&amp#27;[36mj.LocalContainerEntityManagerFactoryBean&amp#27;[0;39m &amp#27;[2m:&amp#27;[0;39m Closing JPA EntityManagerFactory for persistence unit 'default'
Hibernate: drop table if exists category cascade 
Hibernate: drop table if exists customers cascade 
Hibernate: drop table if exists employee cascade 
Hibernate: drop table if exists inventory cascade 
Hibernate: drop table if exists member_levels cascade 
Hibernate: drop table if exists order_items cascade 
Hibernate: drop table if exists orders cascade 
Hibernate: drop table if exists points_records cascade 
Hibernate: drop table if exists product_bom cascade 
Hibernate: drop table if exists products cascade 
Hibernate: drop table if exists raw_material_inventory cascade 
Hibernate: drop table if exists raw_materials cascade 
Hibernate: drop table if exists stores cascade 
&amp#27;[2m2026-01-18T11:36:58.622+08:00&amp#27;[0;39m &amp#27;[32m INFO&amp#27;[0;39m &amp#27;[35m88348&amp#27;[0;39m &amp#27;[2m---&amp#27;[0;39m &amp#27;[2m[           main]&amp#27;[0;39m &amp#27;[2m&amp#27;[0;39m&amp#27;[36mcom.zaxxer.hikari.HikariDataSource      &amp#27;[0;39m &amp#27;[2m:&amp#27;[0;39m HikariPool-13 - Shutdown initiated...
&amp#27;[2m2026-01-18T11:36:58.624+08:00&amp#27;[0;39m &amp#27;[32m INFO&amp#27;[0;39m &amp#27;[35m88348&amp#27;[0;39m &amp#27;[2m---&amp#27;[0;39m &amp#27;[2m[           main]&amp#27;[0;39m &amp#27;[2m&amp#27;[0;39m&amp#27;[36mcom.zaxxer.hikari.HikariDataSource      &amp#27;[0;39m &amp#27;[2m:&amp#27;[0;39m HikariPool-13 - Shutdown completed.

  .   ____          _            __ _ _
 /\\ / ___'_ __ _ _(_)_ __  __ _ \ \ \ \
( ( )\___ | '_ | '_| | '_ \/ _` | \ \ \ \
 \\/  ___)| |_)| | | | | || (_| |  ) ) ) )
  '  |____| .__|_| |_|_| |_\__, | / / / /
 =========|_|==============|___/=/_/_/_/
&amp#27;[32m :: Spring Boot :: &amp#27;[39m              &amp#27;[2m (v3.2.0)&amp#27;[0;39m

&amp#27;[2m2026-01-18T11:36:58.640+08:00&amp#27;[0;39m &amp#27;[32m INFO&amp#27;[0;39m &amp#27;[35m88348&amp#27;[0;39m &amp#27;[2m---&amp#27;[0;39m &amp#27;[2m[           main]&amp#27;[0;39m &amp#27;[2m&amp#27;[0;39m&amp#27;[36mc.s.b.i.PredictionIntegrationTest       &amp#27;[0;39m &amp#27;[2m:&amp#27;[0;39m Starting PredictionIntegrationTest using Java 23.0.2 with PID 88348 (started by qixin in /Users/qixin/Google 云端硬盘/教学/企业级应用软件设计与开发/2026/TraeProjects/solo-coffee/backend)
&amp#27;[2m2026-01-18T11:36:58.640+08:00&amp#27;[0;39m &amp#27;[32mDEBUG&amp#27;[0;39m &amp#27;[35m88348&amp#27;[0;39m &amp#27;[2m---&amp#27;[0;39m &amp#27;[2m[           main]&amp#27;[0;39m &amp#27;[2m&amp#27;[0;39m&amp#27;[36mc.s.b.i.PredictionIntegrationTest       &amp#27;[0;39m &amp#27;[2m:&amp#27;[0;39m Running with Spring Boot v3.2.0, Spring v6.1.1
&amp#27;[2m2026-01-18T11:36:58.640+08:00&amp#27;[0;39m &amp#27;[32m INFO&amp#27;[0;39m &amp#27;[35m88348&amp#27;[0;39m &amp#27;[2m---&amp#27;[0;39m &amp#27;[2m[           main]&amp#27;[0;39m &amp#27;[2m&amp#27;[0;39m&amp#27;[36mc.s.b.i.PredictionIntegrationTest       &amp#27;[0;39m &amp#27;[2m:&amp#27;[0;39m The following 1 profile is active: "test"
&amp#27;[2m2026-01-18T11:36:58.698+08:00&amp#27;[0;39m &amp#27;[32m INFO&amp#27;[0;39m &amp#27;[35m88348&amp#27;[0;39m &amp#27;[2m---&amp#27;[0;39m &amp#27;[2m[           main]&amp#27;[0;39m &amp#27;[2m&amp#27;[0;39m&amp#27;[36m.s.d.r.c.RepositoryConfigurationDelegate&amp#27;[0;39m &amp#27;[2m:&amp#27;[0;39m Bootstrapping Spring Data JPA repositories in DEFAULT mode.
&amp#27;[2m2026-01-18T11:36:58.702+08:00&amp#27;[0;39m &amp#27;[32m INFO&amp#27;[0;39m &amp#27;[35m88348&amp#27;[0;39m &amp#27;[2m---&amp#27;[0;39m &amp#27;[2m[           main]&amp#27;[0;39m &amp#27;[2m&amp#27;[0;39m&amp#27;[36m.s.d.r.c.RepositoryConfigurationDelegate&amp#27;[0;39m &amp#27;[2m:&amp#27;[0;39m Finished Spring Data repository scanning in 3 ms. Found 11 JPA repository interfaces.
&amp#27;[2m2026-01-18T11:36:58.734+08:00&amp#27;[0;39m &amp#27;[32m INFO&amp#27;[0;39m &amp#27;[35m88348&amp#27;[0;39m &amp#27;[2m---&amp#27;[0;39m &amp#27;[2m[           main]&amp#27;[0;39m &amp#27;[2m&amp#27;[0;39m&amp#27;[36mo.s.b.w.embedded.tomcat.TomcatWebServer &amp#27;[0;39m &amp#27;[2m:&amp#27;[0;39m Tomcat initialized with port 0 (http)
&amp#27;[2m2026-01-18T11:36:58.735+08:00&amp#27;[0;39m &amp#27;[32m INFO&amp#27;[0;39m &amp#27;[35m88348&amp#27;[0;39m &amp#27;[2m---&amp#27;[0;39m &amp#27;[2m[           main]&amp#27;[0;39m &amp#27;[2m&amp#27;[0;39m&amp#27;[36mo.apache.catalina.core.StandardService  &amp#27;[0;39m &amp#27;[2m:&amp#27;[0;39m Starting service [Tomcat]
&amp#27;[2m2026-01-18T11:36:58.735+08:00&amp#27;[0;39m &amp#27;[32m INFO&amp#27;[0;39m &amp#27;[35m88348&amp#27;[0;39m &amp#27;[2m---&amp#27;[0;39m &amp#27;[2m[           main]&amp#27;[0;39m &amp#27;[2m&amp#27;[0;39m&amp#27;[36mo.apache.catalina.core.StandardEngine   &amp#27;[0;39m &amp#27;[2m:&amp#27;[0;39m Starting Servlet engine: [Apache Tomcat/10.1.16]
&amp#27;[2m2026-01-18T11:36:58.738+08:00&amp#27;[0;39m &amp#27;[32m INFO&amp#27;[0;39m &amp#27;[35m88348&amp#27;[0;39m &amp#27;[2m---&amp#27;[0;39m &amp#27;[2m[           main]&amp#27;[0;39m &amp#27;[2m&amp#27;[0;39m&amp#27;[36mo.a.c.c.C.[Tomcat].[localhost].[/]      &amp#27;[0;39m &amp#27;[2m:&amp#27;[0;39m Initializing Spring embedded WebApplicationContext
&amp#27;[2m2026-01-18T11:36:58.739+08:00&amp#27;[0;39m &amp#27;[32m INFO&amp#27;[0;39m &amp#27;[35m88348&amp#27;[0;39m &amp#27;[2m---&amp#27;[0;39m &amp#27;[2m[           main]&amp#27;[0;39m &amp#27;[2m&amp#27;[0;39m&amp#27;[36mw.s.c.ServletWebServerApplicationContext&amp#27;[0;39m &amp#27;[2m:&amp#27;[0;39m Root WebApplicationContext: initialization completed in 98 ms
&amp#27;[2m2026-01-18T11:36:58.752+08:00&amp#27;[0;39m &amp#27;[32m INFO&amp#27;[0;39m &amp#27;[35m88348&amp#27;[0;39m &amp#27;[2m---&amp#27;[0;39m &amp#27;[2m[           main]&amp#27;[0;39m &amp#27;[2m&amp#27;[0;39m&amp#27;[36mcom.zaxxer.hikari.HikariDataSource      &amp#27;[0;39m &amp#27;[2m:&amp#27;[0;39m HikariPool-14 - Starting...
&amp#27;[2m2026-01-18T11:36:58.753+08:00&amp#27;[0;39m &amp#27;[32m INFO&amp#27;[0;39m &amp#27;[35m88348&amp#27;[0;39m &amp#27;[2m---&amp#27;[0;39m &amp#27;[2m[           main]&amp#27;[0;39m &amp#27;[2m&amp#27;[0;39m&amp#27;[36mcom.zaxxer.hikari.pool.HikariPool       &amp#27;[0;39m &amp#27;[2m:&amp#27;[0;39m HikariPool-14 - Added connection conn130: url=jdbc:h2:mem:solocoffee user=SA
&amp#27;[2m2026-01-18T11:36:58.753+08:00&amp#27;[0;39m &amp#27;[32m INFO&amp#27;[0;39m &amp#27;[35m88348&amp#27;[0;39m &amp#27;[2m---&amp#27;[0;39m &amp#27;[2m[           main]&amp#27;[0;39m &amp#27;[2m&amp#27;[0;39m&amp#27;[36mcom.zaxxer.hikari.HikariDataSource      &amp#27;[0;39m &amp#27;[2m:&amp#27;[0;39m HikariPool-14 - Start completed.
&amp#27;[2m2026-01-18T11:36:58.753+08:00&amp#27;[0;39m &amp#27;[32m INFO&amp#27;[0;39m &amp#27;[35m88348&amp#27;[0;39m &amp#27;[2m---&amp#27;[0;39m &amp#27;[2m[           main]&amp#27;[0;39m &amp#27;[2m&amp#27;[0;39m&amp#27;[36mo.s.b.a.h2.H2ConsoleAutoConfiguration   &amp#27;[0;39m &amp#27;[2m:&amp#27;[0;39m H2 console available at '/h2-console'. Database available at 'jdbc:h2:mem:solocoffee'
&amp#27;[2m2026-01-18T11:36:58.768+08:00&amp#27;[0;39m &amp#27;[32m INFO&amp#27;[0;39m &amp#27;[35m88348&amp#27;[0;39m &amp#27;[2m---&amp#27;[0;39m &amp#27;[2m[           main]&amp#27;[0;39m &amp#27;[2m&amp#27;[0;39m&amp#27;[36mo.hibernate.jpa.internal.util.LogHelper &amp#27;[0;39m &amp#27;[2m:&amp#27;[0;39m HHH000204: Processing PersistenceUnitInfo [name: default]
&amp#27;[2m2026-01-18T11:36:58.769+08:00&amp#27;[0;39m &amp#27;[32m INFO&amp#27;[0;39m &amp#27;[35m88348&amp#27;[0;39m &amp#27;[2m---&amp#27;[0;39m &amp#27;[2m[           main]&amp#27;[0;39m &amp#27;[2m&amp#27;[0;39m&amp#27;[36mo.h.c.internal.RegionFactoryInitiator   &amp#27;[0;39m &amp#27;[2m:&amp#27;[0;39m HHH000026: Second-level cache disabled
&amp#27;[2m2026-01-18T11:36:58.770+08:00&amp#27;[0;39m &amp#27;[32m INFO&amp#27;[0;39m &amp#27;[35m88348&amp#27;[0;39m &amp#27;[2m---&amp#27;[0;39m &amp#27;[2m[           main]&amp#27;[0;39m &amp#27;[2m&amp#27;[0;39m&amp#27;[36mo.s.o.j.p.SpringPersistenceUnitInfo     &amp#27;[0;39m &amp#27;[2m:&amp#27;[0;39m No LoadTimeWeaver setup: ignoring JPA class transformer
&amp#27;[2m2026-01-18T11:36:58.770+08:00&amp#27;[0;39m &amp#27;[33m WARN&amp#27;[0;39m &amp#27;[35m88348&amp#27;[0;39m &amp#27;[2m---&amp#27;[0;39m &amp#27;[2m[           main]&amp#27;[0;39m &amp#27;[2m&amp#27;[0;39m&amp#27;[36morg.hibernate.orm.deprecation           &amp#27;[0;39m &amp#27;[2m:&amp#27;[0;39m HHH90000025: H2Dialect does not need to be specified explicitly using 'hibernate.dialect' (remove the property setting and it will be selected by default)
&amp#27;[2m2026-01-18T11:36:58.797+08:00&amp#27;[0;39m &amp#27;[32m INFO&amp#27;[0;39m &amp#27;[35m88348&amp#27;[0;39m &amp#27;[2m---&amp#27;[0;39m &amp#27;[2m[           main]&amp#27;[0;39m &amp#27;[2m&amp#27;[0;39m&amp#27;[36mo.h.e.t.j.p.i.JtaPlatformInitiator      &amp#27;[0;39m &amp#27;[2m:&amp#27;[0;39m HHH000489: No JTA platform available (set 'hibernate.transaction.jta.platform' to enable JTA platform integration)
Hibernate: drop table if exists category cascade 
Hibernate: drop table if exists customers cascade 
Hibernate: drop table if exists employee cascade 
Hibernate: drop table if exists inventory cascade 
Hibernate: drop table if exists member_levels cascade 
Hibernate: drop table if exists order_items cascade 
Hibernate: drop table if exists orders cascade 
Hibernate: drop table if exists points_records cascade 
Hibernate: drop table if exists product_bom cascade 
Hibernate: drop table if exists products cascade 
Hibernate: drop table if exists raw_material_inventory cascade 
Hibernate: drop table if exists raw_materials cascade 
Hibernate: drop table if exists stores cascade 
Hibernate: create table category (sort_order integer, created_at timestamp(6) not null, id bigint generated by default as identity, updated_at timestamp(6) not null, category_name varchar(255) not null unique, description varchar(255), primary key (id))
Hibernate: create table customers (points int default 0 not null, created_at timestamp(6) not null, id bigint generated by default as identity, last_visit_at timestamp(6), member_level_id bigint, updated_at timestamp(6) not null, avatar_url varchar(255), email varchar(255), name varchar(255), phone varchar(255) not null unique, wechat_open_id varchar(255) unique, primary key (id))
Hibernate: create table employee (status integer not null, created_at timestamp(6) not null, hire_date timestamp(6) not null, id bigint generated by default as identity, store_id bigint not null, updated_at timestamp(6) not null, email varchar(255), employee_id varchar(255) not null unique, name varchar(255) not null, phone varchar(255) not null, position varchar(255) not null, primary key (id))
Hibernate: create table inventory (quantity numeric(38,2) not null, warning_threshold numeric(38,2) not null, created_at timestamp(6) not null, id bigint generated by default as identity, last_purchase_at timestamp(6), last_stocktaking_at timestamp(6), product_id bigint not null, store_id bigint not null, updated_at timestamp(6) not null, unit varchar(255) not null, primary key (id))
Hibernate: create table member_levels (discount_rate numeric(38,2), min_points integer not null, created_at timestamp(6) not null, id bigint generated by default as identity, updated_at timestamp(6) not null, description varchar(255), name varchar(255) not null, primary key (id))
Hibernate: create table order_items (price numeric(38,2) not null, quantity integer not null, subtotal numeric(38,2) not null, id bigint generated by default as identity, order_id bigint not null, product_id bigint not null, options varchar(255), product_name varchar(255) not null, primary key (id))
Hibernate: create table orders (actual_amount numeric(38,2) not null, order_status integer not null, payment_method integer not null, total_amount numeric(38,2) not null, created_at timestamp(6) not null, customer_id bigint, id bigint generated by default as identity, pickup_time timestamp(6), store_id bigint not null, updated_at timestamp(6) not null, order_no varchar(255) not null unique, remarks varchar(255), primary key (id))
Hibernate: create table points_records (points integer not null, type integer not null, created_at timestamp(6) not null, customer_id bigint not null, id bigint generated by default as identity, related_id bigint, description varchar(255), primary key (id))
Hibernate: create table product_bom (is_main boolean, quantity numeric(38,2) not null, created_at timestamp(6) not null, id bigint generated by default as identity, material_id bigint not null, product_id bigint not null, updated_at timestamp(6) not null, description varchar(255), unit varchar(255) not null, primary key (id))
Hibernate: create table products (price numeric(38,2) not null, status integer not null, category_id bigint not null, created_at timestamp(6) not null, id bigint generated by default as identity, updated_at timestamp(6) not null, description varchar(255), image_url varchar(255), name varchar(255) not null, product_no varchar(255) not null unique, primary key (id))
Hibernate: create table raw_material_inventory (quantity numeric(38,2) not null, warning_threshold numeric(38,2) not null, created_at timestamp(6) not null, id bigint generated by default as identity, last_purchase_at timestamp(6), last_stocktaking_at timestamp(6), material_id bigint not null, store_id bigint not null, updated_at timestamp(6) not null, primary key (id))
Hibernate: create table raw_materials (status integer not null, created_at timestamp(6) not null, id bigint generated by default as identity, supplier_id bigint, updated_at timestamp(6) not null, category varchar(255), description varchar(255), material_no varchar(255) not null unique, name varchar(255) not null, unit varchar(255) not null, primary key (id))
Hibernate: create table stores (status integer not null, created_at timestamp(6) not null, id bigint generated by default as identity, manager_id bigint, updated_at timestamp(6) not null, address varchar(255) not null, business_hours varchar(255) not null, email varchar(255), name varchar(255) not null, phone varchar(255) not null, primary key (id))
Hibernate: alter table if exists order_items add constraint FKbioxgbv59vetrxe0ejfubep1w foreign key (order_id) references orders
&amp#27;[2m2026-01-18T11:36:58.799+08:00&amp#27;[0;39m &amp#27;[32m INFO&amp#27;[0;39m &amp#27;[35m88348&amp#27;[0;39m &amp#27;[2m---&amp#27;[0;39m &amp#27;[2m[           main]&amp#27;[0;39m &amp#27;[2m&amp#27;[0;39m&amp#27;[36mj.LocalContainerEntityManagerFactoryBean&amp#27;[0;39m &amp#27;[2m:&amp#27;[0;39m Initialized JPA EntityManagerFactory for persistence unit 'default'
&amp#27;[2m2026-01-18T11:36:58.878+08:00&amp#27;[0;39m &amp#27;[33m WARN&amp#27;[0;39m &amp#27;[35m88348&amp#27;[0;39m &amp#27;[2m---&amp#27;[0;39m &amp#27;[2m[           main]&amp#27;[0;39m &amp#27;[2m&amp#27;[0;39m&amp#27;[36mJpaBaseConfiguration$JpaWebConfiguration&amp#27;[0;39m &amp#27;[2m:&amp#27;[0;39m spring.jpa.open-in-view is enabled by default. Therefore, database queries may be performed during view rendering. Explicitly configure spring.jpa.open-in-view to disable this warning
&amp#27;[2m2026-01-18T11:36:58.947+08:00&amp#27;[0;39m &amp#27;[32m INFO&amp#27;[0;39m &amp#27;[35m88348&amp#27;[0;39m &amp#27;[2m---&amp#27;[0;39m &amp#27;[2m[           main]&amp#27;[0;39m &amp#27;[2m&amp#27;[0;39m&amp#27;[36mo.s.b.a.e.web.EndpointLinksResolver     &amp#27;[0;39m &amp#27;[2m:&amp#27;[0;39m Exposing 13 endpoint(s) beneath base path '/actuator'
&amp#27;[2m2026-01-18T11:36:58.952+08:00&amp#27;[0;39m &amp#27;[32m INFO&amp#27;[0;39m &amp#27;[35m88348&amp#27;[0;39m &amp#27;[2m---&amp#27;[0;39m &amp#27;[2m[           main]&amp#27;[0;39m &amp#27;[2m&amp#27;[0;39m&amp#27;[36mo.s.s.web.DefaultSecurityFilterChain    &amp#27;[0;39m &amp#27;[2m:&amp#27;[0;39m Will secure any request with [org.springframework.security.web.session.DisableEncodeUrlFilter@4bca60f8, org.springframework.security.web.context.request.async.WebAsyncManagerIntegrationFilter@5588c8ca, org.springframework.security.web.context.SecurityContextHolderFilter@6af0a303, org.springframework.security.web.header.HeaderWriterFilter@1d5afe1c, org.springframework.web.filter.CorsFilter@37619e5f, org.springframework.security.web.authentication.logout.LogoutFilter@24e95be6, org.springframework.security.web.savedrequest.RequestCacheAwareFilter@e874e52, org.springframework.security.web.servletapi.SecurityContextHolderAwareRequestFilter@10595a35, org.springframework.security.web.authentication.AnonymousAuthenticationFilter@3432573c, org.springframework.security.web.access.ExceptionTranslationFilter@57802829, org.springframework.security.web.access.intercept.FilterSecurityInterceptor@3c370db6]
&amp#27;[2m2026-01-18T11:36:59.009+08:00&amp#27;[0;39m &amp#27;[32m INFO&amp#27;[0;39m &amp#27;[35m88348&amp#27;[0;39m &amp#27;[2m---&amp#27;[0;39m &amp#27;[2m[           main]&amp#27;[0;39m &amp#27;[2m&amp#27;[0;39m&amp#27;[36mo.s.b.w.embedded.tomcat.TomcatWebServer &amp#27;[0;39m &amp#27;[2m:&amp#27;[0;39m Tomcat started on port 60970 (http) with context path ''
&amp#27;[2m2026-01-18T11:36:59.011+08:00&amp#27;[0;39m &amp#27;[32m INFO&amp#27;[0;39m &amp#27;[35m88348&amp#27;[0;39m &amp#27;[2m---&amp#27;[0;39m &amp#27;[2m[           main]&amp#27;[0;39m &amp#27;[2m&amp#27;[0;39m&amp#27;[36mc.s.b.i.PredictionIntegrationTest       &amp#27;[0;39m &amp#27;[2m:&amp#27;[0;39m Started PredictionIntegrationTest in 0.382 seconds (process running for 153.77)
&amp#27;[2m2026-01-18T11:36:59.015+08:00&amp#27;[0;39m &amp#27;[32m INFO&amp#27;[0;39m &amp#27;[35m88348&amp#27;[0;39m &amp#27;[2m---&amp#27;[0;39m &amp#27;[2m[-auto-14-exec-1]&amp#27;[0;39m &amp#27;[2m&amp#27;[0;39m&amp#27;[36mo.a.c.c.C.[Tomcat].[localhost].[/]      &amp#27;[0;39m &amp#27;[2m:&amp#27;[0;39m Initializing Spring DispatcherServlet 'dispatcherServlet'
&amp#27;[2m2026-01-18T11:36:59.015+08:00&amp#27;[0;39m &amp#27;[32m INFO&amp#27;[0;39m &amp#27;[35m88348&amp#27;[0;39m &amp#27;[2m---&amp#27;[0;39m &amp#27;[2m[-auto-14-exec-1]&amp#27;[0;39m &amp#27;[2m&amp#27;[0;39m&amp#27;[36mo.s.web.servlet.DispatcherServlet       &amp#27;[0;39m &amp#27;[2m:&amp#27;[0;39m Initializing Servlet 'dispatcherServlet'
&amp#27;[2m2026-01-18T11:36:59.015+08:00&amp#27;[0;39m &amp#27;[32m INFO&amp#27;[0;39m &amp#27;[35m88348&amp#27;[0;39m &amp#27;[2m---&amp#27;[0;39m &amp#27;[2m[-auto-14-exec-1]&amp#27;[0;39m &amp#27;[2m&amp#27;[0;39m&amp#27;[36mo.s.web.servlet.DispatcherServlet       &amp#27;[0;39m &amp#27;[2m:&amp#27;[0;39m Completed initialization in 0 ms
&amp#27;[2m2026-01-18T11:36:59.015+08:00&amp#27;[0;39m &amp#27;[33m WARN&amp#27;[0;39m &amp#27;[35m88348&amp#27;[0;39m &amp#27;[2m---&amp#27;[0;39m &amp#27;[2m[-auto-14-exec-1]&amp#27;[0;39m &amp#27;[2m&amp#27;[0;39m&amp#27;[36mo.s.w.s.h.HandlerMappingIntrospector    &amp#27;[0;39m &amp#27;[2m:&amp#27;[0;39m Cache miss for REQUEST dispatch to '/api/v1/members' (previous null). Performing CorsConfiguration lookup. This is logged once only at WARN level, and every time at TRACE.
&amp#27;[2m2026-01-18T11:36:59.017+08:00&amp#27;[0;39m &amp#27;[32mDEBUG&amp#27;[0;39m &amp#27;[35m88348&amp#27;[0;39m &amp#27;[2m---&amp#27;[0;39m &amp#27;[2m[-auto-14-exec-1]&amp#27;[0;39m &amp#27;[2m&amp#27;[0;39m&amp#27;[36mc.s.backend.service.MemberService       &amp#27;[0;39m &amp#27;[2m:&amp#27;[0;39m 会员注册: name=Test Customer, phone=13800138000, email=customer@example.com
Hibernate: select c1_0.id,c1_0.avatar_url,c1_0.created_at,c1_0.email,c1_0.last_visit_at,c1_0.member_level_id,c1_0.name,c1_0.phone,c1_0.points,c1_0.updated_at,c1_0.wechat_open_id from customers c1_0
Hibernate: insert into customers (avatar_url,created_at,email,last_visit_at,member_level_id,name,phone,points,updated_at,wechat_open_id,id) values (?,?,?,?,?,?,?,?,?,?,default)
&amp#27;[2m2026-01-18T11:36:59.018+08:00&amp#27;[0;39m &amp#27;[32m INFO&amp#27;[0;39m &amp#27;[35m88348&amp#27;[0;39m &amp#27;[2m---&amp#27;[0;39m &amp#27;[2m[-auto-14-exec-1]&amp#27;[0;39m &amp#27;[2m&amp#27;[0;39m&amp#27;[36mc.s.backend.service.MemberService       &amp#27;[0;39m &amp#27;[2m:&amp#27;[0;39m 会员注册成功: id=1, phone=13800138000
&amp#27;[2m2026-01-18T11:36:59.022+08:00&amp#27;[0;39m &amp#27;[32mDEBUG&amp#27;[0;39m &amp#27;[35m88348&amp#27;[0;39m &amp#27;[2m---&amp#27;[0;39m &amp#27;[2m[-auto-14-exec-2]&amp#27;[0;39m &amp#27;[2m&amp#27;[0;39m&amp#27;[36mc.s.backend.service.PredictionService   &amp#27;[0;39m &amp#27;[2m:&amp#27;[0;39m 获取预测订单列表，客户ID: 1
&amp#27;[2m2026-01-18T11:36:59.022+08:00&amp#27;[0;39m &amp#27;[32m INFO&amp#27;[0;39m &amp#27;[35m88348&amp#27;[0;39m &amp#27;[2m---&amp#27;[0;39m &amp#27;[2m[-auto-14-exec-2]&amp#27;[0;39m &amp#27;[2m&amp#27;[0;39m&amp#27;[36mc.s.backend.service.PredictionService   &amp#27;[0;39m &amp#27;[2m:&amp#27;[0;39m 获取预测订单列表完成，数量: 0
]]></system-out>
  </testcase>
  <testcase name="testCancelPrediction" classname="com.solocoffee.backend.integration.PredictionIntegrationTest" time="11.552">
    <system-out><![CDATA[&amp#27;[2m2026-01-18T11:37:10.029+08:00&amp#27;[0;39m &amp#27;[33m WARN&amp#27;[0;39m &amp#27;[35m88348&amp#27;[0;39m &amp#27;[2m---&amp#27;[0;39m &amp#27;[2m[           main]&amp#27;[0;39m &amp#27;[2m&amp#27;[0;39m&amp#27;[36morg.apache.tomcat.util.net.Acceptor     &amp#27;[0;39m &amp#27;[2m:&amp#27;[0;39m The acceptor thread [http-nio-auto-14-Acceptor] did not stop cleanly
&amp#27;[2m2026-01-18T11:37:10.033+08:00&amp#27;[0;39m &amp#27;[32m INFO&amp#27;[0;39m &amp#27;[35m88348&amp#27;[0;39m &amp#27;[2m---&amp#27;[0;39m &amp#27;[2m[           main]&amp#27;[0;39m &amp#27;[2m&amp#27;[0;39m&amp#27;[36mj.LocalContainerEntityManagerFactoryBean&amp#27;[0;39m &amp#27;[2m:&amp#27;[0;39m Closing JPA EntityManagerFactory for persistence unit 'default'
Hibernate: drop table if exists category cascade 
Hibernate: drop table if exists customers cascade 
Hibernate: drop table if exists employee cascade 
Hibernate: drop table if exists inventory cascade 
Hibernate: drop table if exists member_levels cascade 
Hibernate: drop table if exists order_items cascade 
Hibernate: drop table if exists orders cascade 
Hibernate: drop table if exists points_records cascade 
Hibernate: drop table if exists product_bom cascade 
Hibernate: drop table if exists products cascade 
Hibernate: drop table if exists raw_material_inventory cascade 
Hibernate: drop table if exists raw_materials cascade 
Hibernate: drop table if exists stores cascade 
&amp#27;[2m2026-01-18T11:37:10.036+08:00&amp#27;[0;39m &amp#27;[32m INFO&amp#27;[0;39m &amp#27;[35m88348&amp#27;[0;39m &amp#27;[2m---&amp#27;[0;39m &amp#27;[2m[           main]&amp#27;[0;39m &amp#27;[2m&amp#27;[0;39m&amp#27;[36mcom.zaxxer.hikari.HikariDataSource      &amp#27;[0;39m &amp#27;[2m:&amp#27;[0;39m HikariPool-14 - Shutdown initiated...
&amp#27;[2m2026-01-18T11:37:10.037+08:00&amp#27;[0;39m &amp#27;[32m INFO&amp#27;[0;39m &amp#27;[35m88348&amp#27;[0;39m &amp#27;[2m---&amp#27;[0;39m &amp#27;[2m[           main]&amp#27;[0;39m &amp#27;[2m&amp#27;[0;39m&amp#27;[36mcom.zaxxer.hikari.HikariDataSource      &amp#27;[0;39m &amp#27;[2m:&amp#27;[0;39m HikariPool-14 - Shutdown completed.

  .   ____          _            __ _ _
 /\\ / ___'_ __ _ _(_)_ __  __ _ \ \ \ \
( ( )\___ | '_ | '_| | '_ \/ _` | \ \ \ \
 \\/  ___)| |_)| | | | | || (_| |  ) ) ) )
  '  |____| .__|_| |_|_| |_\__, | / / / /
 =========|_|==============|___/=/_/_/_/
&amp#27;[32m :: Spring Boot :: &amp#27;[39m              &amp#27;[2m (v3.2.0)&amp#27;[0;39m

&amp#27;[2m2026-01-18T11:37:10.052+08:00&amp#27;[0;39m &amp#27;[32m INFO&amp#27;[0;39m &amp#27;[35m88348&amp#27;[0;39m &amp#27;[2m---&amp#27;[0;39m &amp#27;[2m[           main]&amp#27;[0;39m &amp#27;[2m&amp#27;[0;39m&amp#27;[36mc.s.b.i.PredictionIntegrationTest       &amp#27;[0;39m &amp#27;[2m:&amp#27;[0;39m Starting PredictionIntegrationTest using Java 23.0.2 with PID 88348 (started by qixin in /Users/qixin/Google 云端硬盘/教学/企业级应用软件设计与开发/2026/TraeProjects/solo-coffee/backend)
&amp#27;[2m2026-01-18T11:37:10.052+08:00&amp#27;[0;39m &amp#27;[32mDEBUG&amp#27;[0;39m &amp#27;[35m88348&amp#27;[0;39m &amp#27;[2m---&amp#27;[0;39m &amp#27;[2m[           main]&amp#27;[0;39m &amp#27;[2m&amp#27;[0;39m&amp#27;[36mc.s.b.i.PredictionIntegrationTest       &amp#27;[0;39m &amp#27;[2m:&amp#27;[0;39m Running with Spring Boot v3.2.0, Spring v6.1.1
&amp#27;[2m2026-01-18T11:37:10.052+08:00&amp#27;[0;39m &amp#27;[32m INFO&amp#27;[0;39m &amp#27;[35m88348&amp#27;[0;39m &amp#27;[2m---&amp#27;[0;39m &amp#27;[2m[           main]&amp#27;[0;39m &amp#27;[2m&amp#27;[0;39m&amp#27;[36mc.s.b.i.PredictionIntegrationTest       &amp#27;[0;39m &amp#27;[2m:&amp#27;[0;39m The following 1 profile is active: "test"
&amp#27;[2m2026-01-18T11:37:10.123+08:00&amp#27;[0;39m &amp#27;[32m INFO&amp#27;[0;39m &amp#27;[35m88348&amp#27;[0;39m &amp#27;[2m---&amp#27;[0;39m &amp#27;[2m[           main]&amp#27;[0;39m &amp#27;[2m&amp#27;[0;39m&amp#27;[36m.s.d.r.c.RepositoryConfigurationDelegate&amp#27;[0;39m &amp#27;[2m:&amp#27;[0;39m Bootstrapping Spring Data JPA repositories in DEFAULT mode.
&amp#27;[2m2026-01-18T11:37:10.130+08:00&amp#27;[0;39m &amp#27;[32m INFO&amp#27;[0;39m &amp#27;[35m88348&amp#27;[0;39m &amp#27;[2m---&amp#27;[0;39m &amp#27;[2m[           main]&amp#27;[0;39m &amp#27;[2m&amp#27;[0;39m&amp#27;[36m.s.d.r.c.RepositoryConfigurationDelegate&amp#27;[0;39m &amp#27;[2m:&amp#27;[0;39m Finished Spring Data repository scanning in 6 ms. Found 11 JPA repository interfaces.
&amp#27;[2m2026-01-18T11:37:10.181+08:00&amp#27;[0;39m &amp#27;[32m INFO&amp#27;[0;39m &amp#27;[35m88348&amp#27;[0;39m &amp#27;[2m---&amp#27;[0;39m &amp#27;[2m[           main]&amp#27;[0;39m &amp#27;[2m&amp#27;[0;39m&amp#27;[36mo.s.b.w.embedded.tomcat.TomcatWebServer &amp#27;[0;39m &amp#27;[2m:&amp#27;[0;39m Tomcat initialized with port 0 (http)
&amp#27;[2m2026-01-18T11:37:10.181+08:00&amp#27;[0;39m &amp#27;[32m INFO&amp#27;[0;39m &amp#27;[35m88348&amp#27;[0;39m &amp#27;[2m---&amp#27;[0;39m &amp#27;[2m[           main]&amp#27;[0;39m &amp#27;[2m&amp#27;[0;39m&amp#27;[36mo.apache.catalina.core.StandardService  &amp#27;[0;39m &amp#27;[2m:&amp#27;[0;39m Starting service [Tomcat]
&amp#27;[2m2026-01-18T11:37:10.181+08:00&amp#27;[0;39m &amp#27;[32m INFO&amp#27;[0;39m &amp#27;[35m88348&amp#27;[0;39m &amp#27;[2m---&amp#27;[0;39m &amp#27;[2m[           main]&amp#27;[0;39m &amp#27;[2m&amp#27;[0;39m&amp#27;[36mo.apache.catalina.core.StandardEngine   &amp#27;[0;39m &amp#27;[2m:&amp#27;[0;39m Starting Servlet engine: [Apache Tomcat/10.1.16]
&amp#27;[2m2026-01-18T11:37:10.193+08:00&amp#27;[0;39m &amp#27;[32m INFO&amp#27;[0;39m &amp#27;[35m88348&amp#27;[0;39m &amp#27;[2m---&amp#27;[0;39m &amp#27;[2m[           main]&amp#27;[0;39m &amp#27;[2m&amp#27;[0;39m&amp#27;[36mo.a.c.c.C.[Tomcat].[localhost].[/]      &amp#27;[0;39m &amp#27;[2m:&amp#27;[0;39m Initializing Spring embedded WebApplicationContext
&amp#27;[2m2026-01-18T11:37:10.193+08:00&amp#27;[0;39m &amp#27;[32m INFO&amp#27;[0;39m &amp#27;[35m88348&amp#27;[0;39m &amp#27;[2m---&amp#27;[0;39m &amp#27;[2m[           main]&amp#27;[0;39m &amp#27;[2m&amp#27;[0;39m&amp#27;[36mw.s.c.ServletWebServerApplicationContext&amp#27;[0;39m &amp#27;[2m:&amp#27;[0;39m Root WebApplicationContext: initialization completed in 140 ms
&amp#27;[2m2026-01-18T11:37:10.209+08:00&amp#27;[0;39m &amp#27;[32m INFO&amp#27;[0;39m &amp#27;[35m88348&amp#27;[0;39m &amp#27;[2m---&amp#27;[0;39m &amp#27;[2m[           main]&amp#27;[0;39m &amp#27;[2m&amp#27;[0;39m&amp#27;[36mcom.zaxxer.hikari.HikariDataSource      &amp#27;[0;39m &amp#27;[2m:&amp#27;[0;39m HikariPool-15 - Starting...
&amp#27;[2m2026-01-18T11:37:10.210+08:00&amp#27;[0;39m &amp#27;[32m INFO&amp#27;[0;39m &amp#27;[35m88348&amp#27;[0;39m &amp#27;[2m---&amp#27;[0;39m &amp#27;[2m[           main]&amp#27;[0;39m &amp#27;[2m&amp#27;[0;39m&amp#27;[36mcom.zaxxer.hikari.pool.HikariPool       &amp#27;[0;39m &amp#27;[2m:&amp#27;[0;39m HikariPool-15 - Added connection conn140: url=jdbc:h2:mem:solocoffee user=SA
&amp#27;[2m2026-01-18T11:37:10.210+08:00&amp#27;[0;39m &amp#27;[32m INFO&amp#27;[0;39m &amp#27;[35m88348&amp#27;[0;39m &amp#27;[2m---&amp#27;[0;39m &amp#27;[2m[           main]&amp#27;[0;39m &amp#27;[2m&amp#27;[0;39m&amp#27;[36mcom.zaxxer.hikari.HikariDataSource      &amp#27;[0;39m &amp#27;[2m:&amp#27;[0;39m HikariPool-15 - Start completed.
&amp#27;[2m2026-01-18T11:37:10.210+08:00&amp#27;[0;39m &amp#27;[32m INFO&amp#27;[0;39m &amp#27;[35m88348&amp#27;[0;39m &amp#27;[2m---&amp#27;[0;39m &amp#27;[2m[           main]&amp#27;[0;39m &amp#27;[2m&amp#27;[0;39m&amp#27;[36mo.s.b.a.h2.H2ConsoleAutoConfiguration   &amp#27;[0;39m &amp#27;[2m:&amp#27;[0;39m H2 console available at '/h2-console'. Database available at 'jdbc:h2:mem:solocoffee'
&amp#27;[2m2026-01-18T11:37:10.233+08:00&amp#27;[0;39m &amp#27;[32m INFO&amp#27;[0;39m &amp#27;[35m88348&amp#27;[0;39m &amp#27;[2m---&amp#27;[0;39m &amp#27;[2m[           main]&amp#27;[0;39m &amp#27;[2m&amp#27;[0;39m&amp#27;[36mo.hibernate.jpa.internal.util.LogHelper &amp#27;[0;39m &amp#27;[2m:&amp#27;[0;39m HHH000204: Processing PersistenceUnitInfo [name: default]
&amp#27;[2m2026-01-18T11:37:10.234+08:00&amp#27;[0;39m &amp#27;[32m INFO&amp#27;[0;39m &amp#27;[35m88348&amp#27;[0;39m &amp#27;[2m---&amp#27;[0;39m &amp#27;[2m[           main]&amp#27;[0;39m &amp#27;[2m&amp#27;[0;39m&amp#27;[36mo.h.c.internal.RegionFactoryInitiator   &amp#27;[0;39m &amp#27;[2m:&amp#27;[0;39m HHH000026: Second-level cache disabled
&amp#27;[2m2026-01-18T11:37:10.235+08:00&amp#27;[0;39m &amp#27;[32m INFO&amp#27;[0;39m &amp#27;[35m88348&amp#27;[0;39m &amp#27;[2m---&amp#27;[0;39m &amp#27;[2m[           main]&amp#27;[0;39m &amp#27;[2m&amp#27;[0;39m&amp#27;[36mo.s.o.j.p.SpringPersistenceUnitInfo     &amp#27;[0;39m &amp#27;[2m:&amp#27;[0;39m No LoadTimeWeaver setup: ignoring JPA class transformer
&amp#27;[2m2026-01-18T11:37:10.235+08:00&amp#27;[0;39m &amp#27;[33m WARN&amp#27;[0;39m &amp#27;[35m88348&amp#27;[0;39m &amp#27;[2m---&amp#27;[0;39m &amp#27;[2m[           main]&amp#27;[0;39m &amp#27;[2m&amp#27;[0;39m&amp#27;[36morg.hibernate.orm.deprecation           &amp#27;[0;39m &amp#27;[2m:&amp#27;[0;39m HHH90000025: H2Dialect does not need to be specified explicitly using 'hibernate.dialect' (remove the property setting and it will be selected by default)
&amp#27;[2m2026-01-18T11:37:10.269+08:00&amp#27;[0;39m &amp#27;[32m INFO&amp#27;[0;39m &amp#27;[35m88348&amp#27;[0;39m &amp#27;[2m---&amp#27;[0;39m &amp#27;[2m[           main]&amp#27;[0;39m &amp#27;[2m&amp#27;[0;39m&amp#27;[36mo.h.e.t.j.p.i.JtaPlatformInitiator      &amp#27;[0;39m &amp#27;[2m:&amp#27;[0;39m HHH000489: No JTA platform available (set 'hibernate.transaction.jta.platform' to enable JTA platform integration)
Hibernate: drop table if exists category cascade 
Hibernate: drop table if exists customers cascade 
Hibernate: drop table if exists employee cascade 
Hibernate: drop table if exists inventory cascade 
Hibernate: drop table if exists member_levels cascade 
Hibernate: drop table if exists order_items cascade 
Hibernate: drop table if exists orders cascade 
Hibernate: drop table if exists points_records cascade 
Hibernate: drop table if exists product_bom cascade 
Hibernate: drop table if exists products cascade 
Hibernate: drop table if exists raw_material_inventory cascade 
Hibernate: drop table if exists raw_materials cascade 
Hibernate: drop table if exists stores cascade 
Hibernate: create table category (sort_order integer, created_at timestamp(6) not null, id bigint generated by default as identity, updated_at timestamp(6) not null, category_name varchar(255) not null unique, description varchar(255), primary key (id))
Hibernate: create table customers (points int default 0 not null, created_at timestamp(6) not null, id bigint generated by default as identity, last_visit_at timestamp(6), member_level_id bigint, updated_at timestamp(6) not null, avatar_url varchar(255), email varchar(255), name varchar(255), phone varchar(255) not null unique, wechat_open_id varchar(255) unique, primary key (id))
Hibernate: create table employee (status integer not null, created_at timestamp(6) not null, hire_date timestamp(6) not null, id bigint generated by default as identity, store_id bigint not null, updated_at timestamp(6) not null, email varchar(255), employee_id varchar(255) not null unique, name varchar(255) not null, phone varchar(255) not null, position varchar(255) not null, primary key (id))
Hibernate: create table inventory (quantity numeric(38,2) not null, warning_threshold numeric(38,2) not null, created_at timestamp(6) not null, id bigint generated by default as identity, last_purchase_at timestamp(6), last_stocktaking_at timestamp(6), product_id bigint not null, store_id bigint not null, updated_at timestamp(6) not null, unit varchar(255) not null, primary key (id))
Hibernate: create table member_levels (discount_rate numeric(38,2), min_points integer not null, created_at timestamp(6) not null, id bigint generated by default as identity, updated_at timestamp(6) not null, description varchar(255), name varchar(255) not null, primary key (id))
Hibernate: create table order_items (price numeric(38,2) not null, quantity integer not null, subtotal numeric(38,2) not null, id bigint generated by default as identity, order_id bigint not null, product_id bigint not null, options varchar(255), product_name varchar(255) not null, primary key (id))
Hibernate: create table orders (actual_amount numeric(38,2) not null, order_status integer not null, payment_method integer not null, total_amount numeric(38,2) not null, created_at timestamp(6) not null, customer_id bigint, id bigint generated by default as identity, pickup_time timestamp(6), store_id bigint not null, updated_at timestamp(6) not null, order_no varchar(255) not null unique, remarks varchar(255), primary key (id))
Hibernate: create table points_records (points integer not null, type integer not null, created_at timestamp(6) not null, customer_id bigint not null, id bigint generated by default as identity, related_id bigint, description varchar(255), primary key (id))
Hibernate: create table product_bom (is_main boolean, quantity numeric(38,2) not null, created_at timestamp(6) not null, id bigint generated by default as identity, material_id bigint not null, product_id bigint not null, updated_at timestamp(6) not null, description varchar(255), unit varchar(255) not null, primary key (id))
Hibernate: create table products (price numeric(38,2) not null, status integer not null, category_id bigint not null, created_at timestamp(6) not null, id bigint generated by default as identity, updated_at timestamp(6) not null, description varchar(255), image_url varchar(255), name varchar(255) not null, product_no varchar(255) not null unique, primary key (id))
Hibernate: create table raw_material_inventory (quantity numeric(38,2) not null, warning_threshold numeric(38,2) not null, created_at timestamp(6) not null, id bigint generated by default as identity, last_purchase_at timestamp(6), last_stocktaking_at timestamp(6), material_id bigint not null, store_id bigint not null, updated_at timestamp(6) not null, primary key (id))
Hibernate: create table raw_materials (status integer not null, created_at timestamp(6) not null, id bigint generated by default as identity, supplier_id bigint, updated_at timestamp(6) not null, category varchar(255), description varchar(255), material_no varchar(255) not null unique, name varchar(255) not null, unit varchar(255) not null, primary key (id))
Hibernate: create table stores (status integer not null, created_at timestamp(6) not null, id bigint generated by default as identity, manager_id bigint, updated_at timestamp(6) not null, address varchar(255) not null, business_hours varchar(255) not null, email varchar(255), name varchar(255) not null, phone varchar(255) not null, primary key (id))
Hibernate: alter table if exists order_items add constraint FKbioxgbv59vetrxe0ejfubep1w foreign key (order_id) references orders
&amp#27;[2m2026-01-18T11:37:10.272+08:00&amp#27;[0;39m &amp#27;[32m INFO&amp#27;[0;39m &amp#27;[35m88348&amp#27;[0;39m &amp#27;[2m---&amp#27;[0;39m &amp#27;[2m[           main]&amp#27;[0;39m &amp#27;[2m&amp#27;[0;39m&amp#27;[36mj.LocalContainerEntityManagerFactoryBean&amp#27;[0;39m &amp#27;[2m:&amp#27;[0;39m Initialized JPA EntityManagerFactory for persistence unit 'default'
&amp#27;[2m2026-01-18T11:37:10.423+08:00&amp#27;[0;39m &amp#27;[33m WARN&amp#27;[0;39m &amp#27;[35m88348&amp#27;[0;39m &amp#27;[2m---&amp#27;[0;39m &amp#27;[2m[           main]&amp#27;[0;39m &amp#27;[2m&amp#27;[0;39m&amp#27;[36mJpaBaseConfiguration$JpaWebConfiguration&amp#27;[0;39m &amp#27;[2m:&amp#27;[0;39m spring.jpa.open-in-view is enabled by default. Therefore, database queries may be performed during view rendering. Explicitly configure spring.jpa.open-in-view to disable this warning
&amp#27;[2m2026-01-18T11:37:10.498+08:00&amp#27;[0;39m &amp#27;[32m INFO&amp#27;[0;39m &amp#27;[35m88348&amp#27;[0;39m &amp#27;[2m---&amp#27;[0;39m &amp#27;[2m[           main]&amp#27;[0;39m &amp#27;[2m&amp#27;[0;39m&amp#27;[36mo.s.b.a.e.web.EndpointLinksResolver     &amp#27;[0;39m &amp#27;[2m:&amp#27;[0;39m Exposing 13 endpoint(s) beneath base path '/actuator'
&amp#27;[2m2026-01-18T11:37:10.502+08:00&amp#27;[0;39m &amp#27;[32m INFO&amp#27;[0;39m &amp#27;[35m88348&amp#27;[0;39m &amp#27;[2m---&amp#27;[0;39m &amp#27;[2m[           main]&amp#27;[0;39m &amp#27;[2m&amp#27;[0;39m&amp#27;[36mo.s.s.web.DefaultSecurityFilterChain    &amp#27;[0;39m &amp#27;[2m:&amp#27;[0;39m Will secure any request with [org.springframework.security.web.session.DisableEncodeUrlFilter@21c01881, org.springframework.security.web.context.request.async.WebAsyncManagerIntegrationFilter@46bd89bf, org.springframework.security.web.context.SecurityContextHolderFilter@21c43859, org.springframework.security.web.header.HeaderWriterFilter@1ea333db, org.springframework.web.filter.CorsFilter@4b9d78f0, org.springframework.security.web.authentication.logout.LogoutFilter@7eb82e43, org.springframework.security.web.savedrequest.RequestCacheAwareFilter@6c6f7da4, org.springframework.security.web.servletapi.SecurityContextHolderAwareRequestFilter@5738ff8c, org.springframework.security.web.authentication.AnonymousAuthenticationFilter@10029a64, org.springframework.security.web.access.ExceptionTranslationFilter@559d1c7, org.springframework.security.web.access.intercept.FilterSecurityInterceptor@7a7de435]
&amp#27;[2m2026-01-18T11:37:10.556+08:00&amp#27;[0;39m &amp#27;[32m INFO&amp#27;[0;39m &amp#27;[35m88348&amp#27;[0;39m &amp#27;[2m---&amp#27;[0;39m &amp#27;[2m[           main]&amp#27;[0;39m &amp#27;[2m&amp#27;[0;39m&amp#27;[36mo.s.b.w.embedded.tomcat.TomcatWebServer &amp#27;[0;39m &amp#27;[2m:&amp#27;[0;39m Tomcat started on port 61031 (http) with context path ''
&amp#27;[2m2026-01-18T11:37:10.557+08:00&amp#27;[0;39m &amp#27;[32m INFO&amp#27;[0;39m &amp#27;[35m88348&amp#27;[0;39m &amp#27;[2m---&amp#27;[0;39m &amp#27;[2m[           main]&amp#27;[0;39m &amp#27;[2m&amp#27;[0;39m&amp#27;[36mc.s.b.i.PredictionIntegrationTest       &amp#27;[0;39m &amp#27;[2m:&amp#27;[0;39m Started PredictionIntegrationTest in 0.515 seconds (process running for 165.316)
&amp#27;[2m2026-01-18T11:37:10.561+08:00&amp#27;[0;39m &amp#27;[32m INFO&amp#27;[0;39m &amp#27;[35m88348&amp#27;[0;39m &amp#27;[2m---&amp#27;[0;39m &amp#27;[2m[-auto-15-exec-2]&amp#27;[0;39m &amp#27;[2m&amp#27;[0;39m&amp#27;[36mo.a.c.c.C.[Tomcat].[localhost].[/]      &amp#27;[0;39m &amp#27;[2m:&amp#27;[0;39m Initializing Spring DispatcherServlet 'dispatcherServlet'
&amp#27;[2m2026-01-18T11:37:10.561+08:00&amp#27;[0;39m &amp#27;[32m INFO&amp#27;[0;39m &amp#27;[35m88348&amp#27;[0;39m &amp#27;[2m---&amp#27;[0;39m &amp#27;[2m[-auto-15-exec-2]&amp#27;[0;39m &amp#27;[2m&amp#27;[0;39m&amp#27;[36mo.s.web.servlet.DispatcherServlet       &amp#27;[0;39m &amp#27;[2m:&amp#27;[0;39m Initializing Servlet 'dispatcherServlet'
&amp#27;[2m2026-01-18T11:37:10.561+08:00&amp#27;[0;39m &amp#27;[32m INFO&amp#27;[0;39m &amp#27;[35m88348&amp#27;[0;39m &amp#27;[2m---&amp#27;[0;39m &amp#27;[2m[-auto-15-exec-2]&amp#27;[0;39m &amp#27;[2m&amp#27;[0;39m&amp#27;[36mo.s.web.servlet.DispatcherServlet       &amp#27;[0;39m &amp#27;[2m:&amp#27;[0;39m Completed initialization in 0 ms
&amp#27;[2m2026-01-18T11:37:10.562+08:00&amp#27;[0;39m &amp#27;[33m WARN&amp#27;[0;39m &amp#27;[35m88348&amp#27;[0;39m &amp#27;[2m---&amp#27;[0;39m &amp#27;[2m[-auto-15-exec-2]&amp#27;[0;39m &amp#27;[2m&amp#27;[0;39m&amp#27;[36mo.s.w.s.h.HandlerMappingIntrospector    &amp#27;[0;39m &amp#27;[2m:&amp#27;[0;39m Cache miss for REQUEST dispatch to '/api/v1/members' (previous null). Performing CorsConfiguration lookup. This is logged once only at WARN level, and every time at TRACE.
&amp#27;[2m2026-01-18T11:37:10.563+08:00&amp#27;[0;39m &amp#27;[32mDEBUG&amp#27;[0;39m &amp#27;[35m88348&amp#27;[0;39m &amp#27;[2m---&amp#27;[0;39m &amp#27;[2m[-auto-15-exec-2]&amp#27;[0;39m &amp#27;[2m&amp#27;[0;39m&amp#27;[36mc.s.backend.service.MemberService       &amp#27;[0;39m &amp#27;[2m:&amp#27;[0;39m 会员注册: name=Test Customer, phone=13800138000, email=customer@example.com
Hibernate: select c1_0.id,c1_0.avatar_url,c1_0.created_at,c1_0.email,c1_0.last_visit_at,c1_0.member_level_id,c1_0.name,c1_0.phone,c1_0.points,c1_0.updated_at,c1_0.wechat_open_id from customers c1_0
Hibernate: insert into customers (avatar_url,created_at,email,last_visit_at,member_level_id,name,phone,points,updated_at,wechat_open_id,id) values (?,?,?,?,?,?,?,?,?,?,default)
&amp#27;[2m2026-01-18T11:37:10.565+08:00&amp#27;[0;39m &amp#27;[32m INFO&amp#27;[0;39m &amp#27;[35m88348&amp#27;[0;39m &amp#27;[2m---&amp#27;[0;39m &amp#27;[2m[-auto-15-exec-2]&amp#27;[0;39m &amp#27;[2m&amp#27;[0;39m&amp#27;[36mc.s.backend.service.MemberService       &amp#27;[0;39m &amp#27;[2m:&amp#27;[0;39m 会员注册成功: id=1, phone=13800138000
&amp#27;[2m2026-01-18T11:37:10.570+08:00&amp#27;[0;39m &amp#27;[32mDEBUG&amp#27;[0;39m &amp#27;[35m88348&amp#27;[0;39m &amp#27;[2m---&amp#27;[0;39m &amp#27;[2m[-auto-15-exec-1]&amp#27;[0;39m &amp#27;[2m&amp#27;[0;39m&amp#27;[36mc.s.backend.service.PredictionService   &amp#27;[0;39m &amp#27;[2m:&amp#27;[0;39m 生成订单预测，客户ID: 1
&amp#27;[2m2026-01-18T11:37:10.570+08:00&amp#27;[0;39m &amp#27;[32m INFO&amp#27;[0;39m &amp#27;[35m88348&amp#27;[0;39m &amp#27;[2m---&amp#27;[0;39m &amp#27;[2m[-auto-15-exec-1]&amp#27;[0;39m &amp#27;[2m&amp#27;[0;39m&amp#27;[36mc.s.backend.service.PredictionService   &amp#27;[0;39m &amp#27;[2m:&amp#27;[0;39m 生成订单预测完成，预测ID: 2
&amp#27;[2m2026-01-18T11:37:10.574+08:00&amp#27;[0;39m &amp#27;[32mDEBUG&amp#27;[0;39m &amp#27;[35m88348&amp#27;[0;39m &amp#27;[2m---&amp#27;[0;39m &amp#27;[2m[-auto-15-exec-3]&amp#27;[0;39m &amp#27;[2m&amp#27;[0;39m&amp#27;[36mc.s.backend.service.PredictionService   &amp#27;[0;39m &amp#27;[2m:&amp#27;[0;39m 取消预测订单，预测ID: 2
&amp#27;[2m2026-01-18T11:37:10.574+08:00&amp#27;[0;39m &amp#27;[32m INFO&amp#27;[0;39m &amp#27;[35m88348&amp#27;[0;39m &amp#27;[2m---&amp#27;[0;39m &amp#27;[2m[-auto-15-exec-3]&amp#27;[0;39m &amp#27;[2m&amp#27;[0;39m&amp#27;[36mc.s.backend.service.PredictionService   &amp#27;[0;39m &amp#27;[2m:&amp#27;[0;39m 取消预测订单完成，预测ID: 2
]]></system-out>
  </testcase>
  <testcase name="testPredictOrder" classname="com.solocoffee.backend.integration.PredictionIntegrationTest" time="11.399">
    <system-out><![CDATA[&amp#27;[2m2026-01-18T11:37:21.579+08:00&amp#27;[0;39m &amp#27;[33m WARN&amp#27;[0;39m &amp#27;[35m88348&amp#27;[0;39m &amp#27;[2m---&amp#27;[0;39m &amp#27;[2m[           main]&amp#27;[0;39m &amp#27;[2m&amp#27;[0;39m&amp#27;[36morg.apache.tomcat.util.net.Acceptor     &amp#27;[0;39m &amp#27;[2m:&amp#27;[0;39m The acceptor thread [http-nio-auto-15-Acceptor] did not stop cleanly
&amp#27;[2m2026-01-18T11:37:21.580+08:00&amp#27;[0;39m &amp#27;[32m INFO&amp#27;[0;39m &amp#27;[35m88348&amp#27;[0;39m &amp#27;[2m---&amp#27;[0;39m &amp#27;[2m[           main]&amp#27;[0;39m &amp#27;[2m&amp#27;[0;39m&amp#27;[36mj.LocalContainerEntityManagerFactoryBean&amp#27;[0;39m &amp#27;[2m:&amp#27;[0;39m Closing JPA EntityManagerFactory for persistence unit 'default'
Hibernate: drop table if exists category cascade 
Hibernate: drop table if exists customers cascade 
Hibernate: drop table if exists employee cascade 
Hibernate: drop table if exists inventory cascade 
Hibernate: drop table if exists member_levels cascade 
Hibernate: drop table if exists order_items cascade 
Hibernate: drop table if exists orders cascade 
Hibernate: drop table if exists points_records cascade 
Hibernate: drop table if exists product_bom cascade 
Hibernate: drop table if exists products cascade 
Hibernate: drop table if exists raw_material_inventory cascade 
Hibernate: drop table if exists raw_materials cascade 
Hibernate: drop table if exists stores cascade 
&amp#27;[2m2026-01-18T11:37:21.582+08:00&amp#27;[0;39m &amp#27;[32m INFO&amp#27;[0;39m &amp#27;[35m88348&amp#27;[0;39m &amp#27;[2m---&amp#27;[0;39m &amp#27;[2m[           main]&amp#27;[0;39m &amp#27;[2m&amp#27;[0;39m&amp#27;[36mcom.zaxxer.hikari.HikariDataSource      &amp#27;[0;39m &amp#27;[2m:&amp#27;[0;39m HikariPool-15 - Shutdown initiated...
&amp#27;[2m2026-01-18T11:37:21.582+08:00&amp#27;[0;39m &amp#27;[32m INFO&amp#27;[0;39m &amp#27;[35m88348&amp#27;[0;39m &amp#27;[2m---&amp#27;[0;39m &amp#27;[2m[           main]&amp#27;[0;39m &amp#27;[2m&amp#27;[0;39m&amp#27;[36mcom.zaxxer.hikari.HikariDataSource      &amp#27;[0;39m &amp#27;[2m:&amp#27;[0;39m HikariPool-15 - Shutdown completed.

  .   ____          _            __ _ _
 /\\ / ___'_ __ _ _(_)_ __  __ _ \ \ \ \
( ( )\___ | '_ | '_| | '_ \/ _` | \ \ \ \
 \\/  ___)| |_)| | | | | || (_| |  ) ) ) )
  '  |____| .__|_| |_|_| |_\__, | / / / /
 =========|_|==============|___/=/_/_/_/
&amp#27;[32m :: Spring Boot :: &amp#27;[39m              &amp#27;[2m (v3.2.0)&amp#27;[0;39m

&amp#27;[2m2026-01-18T11:37:21.591+08:00&amp#27;[0;39m &amp#27;[32m INFO&amp#27;[0;39m &amp#27;[35m88348&amp#27;[0;39m &amp#27;[2m---&amp#27;[0;39m &amp#27;[2m[           main]&amp#27;[0;39m &amp#27;[2m&amp#27;[0;39m&amp#27;[36mc.s.b.i.PredictionIntegrationTest       &amp#27;[0;39m &amp#27;[2m:&amp#27;[0;39m Starting PredictionIntegrationTest using Java 23.0.2 with PID 88348 (started by qixin in /Users/qixin/Google 云端硬盘/教学/企业级应用软件设计与开发/2026/TraeProjects/solo-coffee/backend)
&amp#27;[2m2026-01-18T11:37:21.591+08:00&amp#27;[0;39m &amp#27;[32mDEBUG&amp#27;[0;39m &amp#27;[35m88348&amp#27;[0;39m &amp#27;[2m---&amp#27;[0;39m &amp#27;[2m[           main]&amp#27;[0;39m &amp#27;[2m&amp#27;[0;39m&amp#27;[36mc.s.b.i.PredictionIntegrationTest       &amp#27;[0;39m &amp#27;[2m:&amp#27;[0;39m Running with Spring Boot v3.2.0, Spring v6.1.1
&amp#27;[2m2026-01-18T11:37:21.591+08:00&amp#27;[0;39m &amp#27;[32m INFO&amp#27;[0;39m &amp#27;[35m88348&amp#27;[0;39m &amp#27;[2m---&amp#27;[0;39m &amp#27;[2m[           main]&amp#27;[0;39m &amp#27;[2m&amp#27;[0;39m&amp#27;[36mc.s.b.i.PredictionIntegrationTest       &amp#27;[0;39m &amp#27;[2m:&amp#27;[0;39m The following 1 profile is active: "test"
&amp#27;[2m2026-01-18T11:37:21.645+08:00&amp#27;[0;39m &amp#27;[32m INFO&amp#27;[0;39m &amp#27;[35m88348&amp#27;[0;39m &amp#27;[2m---&amp#27;[0;39m &amp#27;[2m[           main]&amp#27;[0;39m &amp#27;[2m&amp#27;[0;39m&amp#27;[36m.s.d.r.c.RepositoryConfigurationDelegate&amp#27;[0;39m &amp#27;[2m:&amp#27;[0;39m Bootstrapping Spring Data JPA repositories in DEFAULT mode.
&amp#27;[2m2026-01-18T11:37:21.649+08:00&amp#27;[0;39m &amp#27;[32m INFO&amp#27;[0;39m &amp#27;[35m88348&amp#27;[0;39m &amp#27;[2m---&amp#27;[0;39m &amp#27;[2m[           main]&amp#27;[0;39m &amp#27;[2m&amp#27;[0;39m&amp#27;[36m.s.d.r.c.RepositoryConfigurationDelegate&amp#27;[0;39m &amp#27;[2m:&amp#27;[0;39m Finished Spring Data repository scanning in 3 ms. Found 11 JPA repository interfaces.
&amp#27;[2m2026-01-18T11:37:21.679+08:00&amp#27;[0;39m &amp#27;[32m INFO&amp#27;[0;39m &amp#27;[35m88348&amp#27;[0;39m &amp#27;[2m---&amp#27;[0;39m &amp#27;[2m[           main]&amp#27;[0;39m &amp#27;[2m&amp#27;[0;39m&amp#27;[36mo.s.b.w.embedded.tomcat.TomcatWebServer &amp#27;[0;39m &amp#27;[2m:&amp#27;[0;39m Tomcat initialized with port 0 (http)
&amp#27;[2m2026-01-18T11:37:21.680+08:00&amp#27;[0;39m &amp#27;[32m INFO&amp#27;[0;39m &amp#27;[35m88348&amp#27;[0;39m &amp#27;[2m---&amp#27;[0;39m &amp#27;[2m[           main]&amp#27;[0;39m &amp#27;[2m&amp#27;[0;39m&amp#27;[36mo.apache.catalina.core.StandardService  &amp#27;[0;39m &amp#27;[2m:&amp#27;[0;39m Starting service [Tomcat]
&amp#27;[2m2026-01-18T11:37:21.680+08:00&amp#27;[0;39m &amp#27;[32m INFO&amp#27;[0;39m &amp#27;[35m88348&amp#27;[0;39m &amp#27;[2m---&amp#27;[0;39m &amp#27;[2m[           main]&amp#27;[0;39m &amp#27;[2m&amp#27;[0;39m&amp#27;[36mo.apache.catalina.core.StandardEngine   &amp#27;[0;39m &amp#27;[2m:&amp#27;[0;39m Starting Servlet engine: [Apache Tomcat/10.1.16]
&amp#27;[2m2026-01-18T11:37:21.692+08:00&amp#27;[0;39m &amp#27;[32m INFO&amp#27;[0;39m &amp#27;[35m88348&amp#27;[0;39m &amp#27;[2m---&amp#27;[0;39m &amp#27;[2m[           main]&amp#27;[0;39m &amp#27;[2m&amp#27;[0;39m&amp#27;[36mo.a.c.c.C.[Tomcat].[localhost].[/]      &amp#27;[0;39m &amp#27;[2m:&amp#27;[0;39m Initializing Spring embedded WebApplicationContext
&amp#27;[2m2026-01-18T11:37:21.692+08:00&amp#27;[0;39m &amp#27;[32m INFO&amp#27;[0;39m &amp#27;[35m88348&amp#27;[0;39m &amp#27;[2m---&amp#27;[0;39m &amp#27;[2m[           main]&amp#27;[0;39m &amp#27;[2m&amp#27;[0;39m&amp#27;[36mw.s.c.ServletWebServerApplicationContext&amp#27;[0;39m &amp#27;[2m:&amp#27;[0;39m Root WebApplicationContext: initialization completed in 100 ms
&amp#27;[2m2026-01-18T11:37:21.716+08:00&amp#27;[0;39m &amp#27;[32m INFO&amp#27;[0;39m &amp#27;[35m88348&amp#27;[0;39m &amp#27;[2m---&amp#27;[0;39m &amp#27;[2m[           main]&amp#27;[0;39m &amp#27;[2m&amp#27;[0;39m&amp#27;[36mcom.zaxxer.hikari.HikariDataSource      &amp#27;[0;39m &amp#27;[2m:&amp#27;[0;39m HikariPool-16 - Starting...
&amp#27;[2m2026-01-18T11:37:21.717+08:00&amp#27;[0;39m &amp#27;[32m INFO&amp#27;[0;39m &amp#27;[35m88348&amp#27;[0;39m &amp#27;[2m---&amp#27;[0;39m &amp#27;[2m[           main]&amp#27;[0;39m &amp#27;[2m&amp#27;[0;39m&amp#27;[36mcom.zaxxer.hikari.pool.HikariPool       &amp#27;[0;39m &amp#27;[2m:&amp#27;[0;39m HikariPool-16 - Added connection conn150: url=jdbc:h2:mem:solocoffee user=SA
&amp#27;[2m2026-01-18T11:37:21.717+08:00&amp#27;[0;39m &amp#27;[32m INFO&amp#27;[0;39m &amp#27;[35m88348&amp#27;[0;39m &amp#27;[2m---&amp#27;[0;39m &amp#27;[2m[           main]&amp#27;[0;39m &amp#27;[2m&amp#27;[0;39m&amp#27;[36mcom.zaxxer.hikari.HikariDataSource      &amp#27;[0;39m &amp#27;[2m:&amp#27;[0;39m HikariPool-16 - Start completed.
&amp#27;[2m2026-01-18T11:37:21.717+08:00&amp#27;[0;39m &amp#27;[32m INFO&amp#27;[0;39m &amp#27;[35m88348&amp#27;[0;39m &amp#27;[2m---&amp#27;[0;39m &amp#27;[2m[           main]&amp#27;[0;39m &amp#27;[2m&amp#27;[0;39m&amp#27;[36mo.s.b.a.h2.H2ConsoleAutoConfiguration   &amp#27;[0;39m &amp#27;[2m:&amp#27;[0;39m H2 console available at '/h2-console'. Database available at 'jdbc:h2:mem:solocoffee'
&amp#27;[2m2026-01-18T11:37:21.735+08:00&amp#27;[0;39m &amp#27;[32m INFO&amp#27;[0;39m &amp#27;[35m88348&amp#27;[0;39m &amp#27;[2m---&amp#27;[0;39m &amp#27;[2m[           main]&amp#27;[0;39m &amp#27;[2m&amp#27;[0;39m&amp#27;[36mo.hibernate.jpa.internal.util.LogHelper &amp#27;[0;39m &amp#27;[2m:&amp#27;[0;39m HHH000204: Processing PersistenceUnitInfo [name: default]
&amp#27;[2m2026-01-18T11:37:21.737+08:00&amp#27;[0;39m &amp#27;[32m INFO&amp#27;[0;39m &amp#27;[35m88348&amp#27;[0;39m &amp#27;[2m---&amp#27;[0;39m &amp#27;[2m[           main]&amp#27;[0;39m &amp#27;[2m&amp#27;[0;39m&amp#27;[36mo.h.c.internal.RegionFactoryInitiator   &amp#27;[0;39m &amp#27;[2m:&amp#27;[0;39m HHH000026: Second-level cache disabled
&amp#27;[2m2026-01-18T11:37:21.739+08:00&amp#27;[0;39m &amp#27;[32m INFO&amp#27;[0;39m &amp#27;[35m88348&amp#27;[0;39m &amp#27;[2m---&amp#27;[0;39m &amp#27;[2m[           main]&amp#27;[0;39m &amp#27;[2m&amp#27;[0;39m&amp#27;[36mo.s.o.j.p.SpringPersistenceUnitInfo     &amp#27;[0;39m &amp#27;[2m:&amp#27;[0;39m No LoadTimeWeaver setup: ignoring JPA class transformer
&amp#27;[2m2026-01-18T11:37:21.739+08:00&amp#27;[0;39m &amp#27;[33m WARN&amp#27;[0;39m &amp#27;[35m88348&amp#27;[0;39m &amp#27;[2m---&amp#27;[0;39m &amp#27;[2m[           main]&amp#27;[0;39m &amp#27;[2m&amp#27;[0;39m&amp#27;[36morg.hibernate.orm.deprecation           &amp#27;[0;39m &amp#27;[2m:&amp#27;[0;39m HHH90000025: H2Dialect does not need to be specified explicitly using 'hibernate.dialect' (remove the property setting and it will be selected by default)
&amp#27;[2m2026-01-18T11:37:21.774+08:00&amp#27;[0;39m &amp#27;[32m INFO&amp#27;[0;39m &amp#27;[35m88348&amp#27;[0;39m &amp#27;[2m---&amp#27;[0;39m &amp#27;[2m[           main]&amp#27;[0;39m &amp#27;[2m&amp#27;[0;39m&amp#27;[36mo.h.e.t.j.p.i.JtaPlatformInitiator      &amp#27;[0;39m &amp#27;[2m:&amp#27;[0;39m HHH000489: No JTA platform available (set 'hibernate.transaction.jta.platform' to enable JTA platform integration)
Hibernate: drop table if exists category cascade 
Hibernate: drop table if exists customers cascade 
Hibernate: drop table if exists employee cascade 
Hibernate: drop table if exists inventory cascade 
Hibernate: drop table if exists member_levels cascade 
Hibernate: drop table if exists order_items cascade 
Hibernate: drop table if exists orders cascade 
Hibernate: drop table if exists points_records cascade 
Hibernate: drop table if exists product_bom cascade 
Hibernate: drop table if exists products cascade 
Hibernate: drop table if exists raw_material_inventory cascade 
Hibernate: drop table if exists raw_materials cascade 
Hibernate: drop table if exists stores cascade 
Hibernate: create table category (sort_order integer, created_at timestamp(6) not null, id bigint generated by default as identity, updated_at timestamp(6) not null, category_name varchar(255) not null unique, description varchar(255), primary key (id))
Hibernate: create table customers (points int default 0 not null, created_at timestamp(6) not null, id bigint generated by default as identity, last_visit_at timestamp(6), member_level_id bigint, updated_at timestamp(6) not null, avatar_url varchar(255), email varchar(255), name varchar(255), phone varchar(255) not null unique, wechat_open_id varchar(255) unique, primary key (id))
Hibernate: create table employee (status integer not null, created_at timestamp(6) not null, hire_date timestamp(6) not null, id bigint generated by default as identity, store_id bigint not null, updated_at timestamp(6) not null, email varchar(255), employee_id varchar(255) not null unique, name varchar(255) not null, phone varchar(255) not null, position varchar(255) not null, primary key (id))
Hibernate: create table inventory (quantity numeric(38,2) not null, warning_threshold numeric(38,2) not null, created_at timestamp(6) not null, id bigint generated by default as identity, last_purchase_at timestamp(6), last_stocktaking_at timestamp(6), product_id bigint not null, store_id bigint not null, updated_at timestamp(6) not null, unit varchar(255) not null, primary key (id))
Hibernate: create table member_levels (discount_rate numeric(38,2), min_points integer not null, created_at timestamp(6) not null, id bigint generated by default as identity, updated_at timestamp(6) not null, description varchar(255), name varchar(255) not null, primary key (id))
Hibernate: create table order_items (price numeric(38,2) not null, quantity integer not null, subtotal numeric(38,2) not null, id bigint generated by default as identity, order_id bigint not null, product_id bigint not null, options varchar(255), product_name varchar(255) not null, primary key (id))
Hibernate: create table orders (actual_amount numeric(38,2) not null, order_status integer not null, payment_method integer not null, total_amount numeric(38,2) not null, created_at timestamp(6) not null, customer_id bigint, id bigint generated by default as identity, pickup_time timestamp(6), store_id bigint not null, updated_at timestamp(6) not null, order_no varchar(255) not null unique, remarks varchar(255), primary key (id))
Hibernate: create table points_records (points integer not null, type integer not null, created_at timestamp(6) not null, customer_id bigint not null, id bigint generated by default as identity, related_id bigint, description varchar(255), primary key (id))
Hibernate: create table product_bom (is_main boolean, quantity numeric(38,2) not null, created_at timestamp(6) not null, id bigint generated by default as identity, material_id bigint not null, product_id bigint not null, updated_at timestamp(6) not null, description varchar(255), unit varchar(255) not null, primary key (id))
Hibernate: create table products (price numeric(38,2) not null, status integer not null, category_id bigint not null, created_at timestamp(6) not null, id bigint generated by default as identity, updated_at timestamp(6) not null, description varchar(255), image_url varchar(255), name varchar(255) not null, product_no varchar(255) not null unique, primary key (id))
Hibernate: create table raw_material_inventory (quantity numeric(38,2) not null, warning_threshold numeric(38,2) not null, created_at timestamp(6) not null, id bigint generated by default as identity, last_purchase_at timestamp(6), last_stocktaking_at timestamp(6), material_id bigint not null, store_id bigint not null, updated_at timestamp(6) not null, primary key (id))
Hibernate: create table raw_materials (status integer not null, created_at timestamp(6) not null, id bigint generated by default as identity, supplier_id bigint, updated_at timestamp(6) not null, category varchar(255), description varchar(255), material_no varchar(255) not null unique, name varchar(255) not null, unit varchar(255) not null, primary key (id))
Hibernate: create table stores (status integer not null, created_at timestamp(6) not null, id bigint generated by default as identity, manager_id bigint, updated_at timestamp(6) not null, address varchar(255) not null, business_hours varchar(255) not null, email varchar(255), name varchar(255) not null, phone varchar(255) not null, primary key (id))
Hibernate: alter table if exists order_items add constraint FKbioxgbv59vetrxe0ejfubep1w foreign key (order_id) references orders
&amp#27;[2m2026-01-18T11:37:21.778+08:00&amp#27;[0;39m &amp#27;[32m INFO&amp#27;[0;39m &amp#27;[35m88348&amp#27;[0;39m &amp#27;[2m---&amp#27;[0;39m &amp#27;[2m[           main]&amp#27;[0;39m &amp#27;[2m&amp#27;[0;39m&amp#27;[36mj.LocalContainerEntityManagerFactoryBean&amp#27;[0;39m &amp#27;[2m:&amp#27;[0;39m Initialized JPA EntityManagerFactory for persistence unit 'default'
&amp#27;[2m2026-01-18T11:37:21.845+08:00&amp#27;[0;39m &amp#27;[33m WARN&amp#27;[0;39m &amp#27;[35m88348&amp#27;[0;39m &amp#27;[2m---&amp#27;[0;39m &amp#27;[2m[           main]&amp#27;[0;39m &amp#27;[2m&amp#27;[0;39m&amp#27;[36mJpaBaseConfiguration$JpaWebConfiguration&amp#27;[0;39m &amp#27;[2m:&amp#27;[0;39m spring.jpa.open-in-view is enabled by default. Therefore, database queries may be performed during view rendering. Explicitly configure spring.jpa.open-in-view to disable this warning
&amp#27;[2m2026-01-18T11:37:21.907+08:00&amp#27;[0;39m &amp#27;[32m INFO&amp#27;[0;39m &amp#27;[35m88348&amp#27;[0;39m &amp#27;[2m---&amp#27;[0;39m &amp#27;[2m[           main]&amp#27;[0;39m &amp#27;[2m&amp#27;[0;39m&amp#27;[36mo.s.b.a.e.web.EndpointLinksResolver     &amp#27;[0;39m &amp#27;[2m:&amp#27;[0;39m Exposing 13 endpoint(s) beneath base path '/actuator'
&amp#27;[2m2026-01-18T11:37:21.911+08:00&amp#27;[0;39m &amp#27;[32m INFO&amp#27;[0;39m &amp#27;[35m88348&amp#27;[0;39m &amp#27;[2m---&amp#27;[0;39m &amp#27;[2m[           main]&amp#27;[0;39m &amp#27;[2m&amp#27;[0;39m&amp#27;[36mo.s.s.web.DefaultSecurityFilterChain    &amp#27;[0;39m &amp#27;[2m:&amp#27;[0;39m Will secure any request with [org.springframework.security.web.session.DisableEncodeUrlFilter@3add679, org.springframework.security.web.context.request.async.WebAsyncManagerIntegrationFilter@4eaedd17, org.springframework.security.web.context.SecurityContextHolderFilter@68cd839b, org.springframework.security.web.header.HeaderWriterFilter@7e161da5, org.springframework.web.filter.CorsFilter@222e008e, org.springframework.security.web.authentication.logout.LogoutFilter@36f772c2, org.springframework.security.web.savedrequest.RequestCacheAwareFilter@6eafc58e, org.springframework.security.web.servletapi.SecurityContextHolderAwareRequestFilter@140e7ec4, org.springframework.security.web.authentication.AnonymousAuthenticationFilter@66a16de3, org.springframework.security.web.access.ExceptionTranslationFilter@da56a6f, org.springframework.security.web.access.intercept.FilterSecurityInterceptor@3053aa3e]
&amp#27;[2m2026-01-18T11:37:21.960+08:00&amp#27;[0;39m &amp#27;[32m INFO&amp#27;[0;39m &amp#27;[35m88348&amp#27;[0;39m &amp#27;[2m---&amp#27;[0;39m &amp#27;[2m[           main]&amp#27;[0;39m &amp#27;[2m&amp#27;[0;39m&amp#27;[36mo.s.b.w.embedded.tomcat.TomcatWebServer &amp#27;[0;39m &amp#27;[2m:&amp#27;[0;39m Tomcat started on port 61088 (http) with context path ''
&amp#27;[2m2026-01-18T11:37:21.961+08:00&amp#27;[0;39m &amp#27;[32m INFO&amp#27;[0;39m &amp#27;[35m88348&amp#27;[0;39m &amp#27;[2m---&amp#27;[0;39m &amp#27;[2m[           main]&amp#27;[0;39m &amp#27;[2m&amp#27;[0;39m&amp#27;[36mc.s.b.i.PredictionIntegrationTest       &amp#27;[0;39m &amp#27;[2m:&amp#27;[0;39m Started PredictionIntegrationTest in 0.376 seconds (process running for 176.72)
&amp#27;[2m2026-01-18T11:37:21.965+08:00&amp#27;[0;39m &amp#27;[32m INFO&amp#27;[0;39m &amp#27;[35m88348&amp#27;[0;39m &amp#27;[2m---&amp#27;[0;39m &amp#27;[2m[-auto-16-exec-1]&amp#27;[0;39m &amp#27;[2m&amp#27;[0;39m&amp#27;[36mo.a.c.c.C.[Tomcat].[localhost].[/]      &amp#27;[0;39m &amp#27;[2m:&amp#27;[0;39m Initializing Spring DispatcherServlet 'dispatcherServlet'
&amp#27;[2m2026-01-18T11:37:21.965+08:00&amp#27;[0;39m &amp#27;[32m INFO&amp#27;[0;39m &amp#27;[35m88348&amp#27;[0;39m &amp#27;[2m---&amp#27;[0;39m &amp#27;[2m[-auto-16-exec-1]&amp#27;[0;39m &amp#27;[2m&amp#27;[0;39m&amp#27;[36mo.s.web.servlet.DispatcherServlet       &amp#27;[0;39m &amp#27;[2m:&amp#27;[0;39m Initializing Servlet 'dispatcherServlet'
&amp#27;[2m2026-01-18T11:37:21.965+08:00&amp#27;[0;39m &amp#27;[32m INFO&amp#27;[0;39m &amp#27;[35m88348&amp#27;[0;39m &amp#27;[2m---&amp#27;[0;39m &amp#27;[2m[-auto-16-exec-1]&amp#27;[0;39m &amp#27;[2m&amp#27;[0;39m&amp#27;[36mo.s.web.servlet.DispatcherServlet       &amp#27;[0;39m &amp#27;[2m:&amp#27;[0;39m Completed initialization in 0 ms
&amp#27;[2m2026-01-18T11:37:21.965+08:00&amp#27;[0;39m &amp#27;[33m WARN&amp#27;[0;39m &amp#27;[35m88348&amp#27;[0;39m &amp#27;[2m---&amp#27;[0;39m &amp#27;[2m[-auto-16-exec-1]&amp#27;[0;39m &amp#27;[2m&amp#27;[0;39m&amp#27;[36mo.s.w.s.h.HandlerMappingIntrospector    &amp#27;[0;39m &amp#27;[2m:&amp#27;[0;39m Cache miss for REQUEST dispatch to '/api/v1/members' (previous null). Performing CorsConfiguration lookup. This is logged once only at WARN level, and every time at TRACE.
&amp#27;[2m2026-01-18T11:37:21.966+08:00&amp#27;[0;39m &amp#27;[32mDEBUG&amp#27;[0;39m &amp#27;[35m88348&amp#27;[0;39m &amp#27;[2m---&amp#27;[0;39m &amp#27;[2m[-auto-16-exec-1]&amp#27;[0;39m &amp#27;[2m&amp#27;[0;39m&amp#27;[36mc.s.backend.service.MemberService       &amp#27;[0;39m &amp#27;[2m:&amp#27;[0;39m 会员注册: name=Test Customer, phone=13800138000, email=customer@example.com
Hibernate: select c1_0.id,c1_0.avatar_url,c1_0.created_at,c1_0.email,c1_0.last_visit_at,c1_0.member_level_id,c1_0.name,c1_0.phone,c1_0.points,c1_0.updated_at,c1_0.wechat_open_id from customers c1_0
Hibernate: insert into customers (avatar_url,created_at,email,last_visit_at,member_level_id,name,phone,points,updated_at,wechat_open_id,id) values (?,?,?,?,?,?,?,?,?,?,default)
&amp#27;[2m2026-01-18T11:37:21.968+08:00&amp#27;[0;39m &amp#27;[32m INFO&amp#27;[0;39m &amp#27;[35m88348&amp#27;[0;39m &amp#27;[2m---&amp#27;[0;39m &amp#27;[2m[-auto-16-exec-1]&amp#27;[0;39m &amp#27;[2m&amp#27;[0;39m&amp#27;[36mc.s.backend.service.MemberService       &amp#27;[0;39m &amp#27;[2m:&amp#27;[0;39m 会员注册成功: id=1, phone=13800138000
&amp#27;[2m2026-01-18T11:37:21.973+08:00&amp#27;[0;39m &amp#27;[32mDEBUG&amp#27;[0;39m &amp#27;[35m88348&amp#27;[0;39m &amp#27;[2m---&amp#27;[0;39m &amp#27;[2m[-auto-16-exec-2]&amp#27;[0;39m &amp#27;[2m&amp#27;[0;39m&amp#27;[36mc.s.backend.service.PredictionService   &amp#27;[0;39m &amp#27;[2m:&amp#27;[0;39m 生成订单预测，客户ID: 1
&amp#27;[2m2026-01-18T11:37:21.973+08:00&amp#27;[0;39m &amp#27;[32m INFO&amp#27;[0;39m &amp#27;[35m88348&amp#27;[0;39m &amp#27;[2m---&amp#27;[0;39m &amp#27;[2m[-auto-16-exec-2]&amp#27;[0;39m &amp#27;[2m&amp#27;[0;39m&amp#27;[36mc.s.backend.service.PredictionService   &amp#27;[0;39m &amp#27;[2m:&amp#27;[0;39m 生成订单预测完成，预测ID: 2
]]></system-out>
  </testcase>
  <testcase name="testConfirmPrediction" classname="com.solocoffee.backend.integration.PredictionIntegrationTest" time="11.447">
    <system-out><![CDATA[&amp#27;[2m2026-01-18T11:37:32.986+08:00&amp#27;[0;39m &amp#27;[33m WARN&amp#27;[0;39m &amp#27;[35m88348&amp#27;[0;39m &amp#27;[2m---&amp#27;[0;39m &amp#27;[2m[           main]&amp#27;[0;39m &amp#27;[2m&amp#27;[0;39m&amp#27;[36morg.apache.tomcat.util.net.Acceptor     &amp#27;[0;39m &amp#27;[2m:&amp#27;[0;39m The acceptor thread [http-nio-auto-16-Acceptor] did not stop cleanly
&amp#27;[2m2026-01-18T11:37:32.990+08:00&amp#27;[0;39m &amp#27;[32m INFO&amp#27;[0;39m &amp#27;[35m88348&amp#27;[0;39m &amp#27;[2m---&amp#27;[0;39m &amp#27;[2m[           main]&amp#27;[0;39m &amp#27;[2m&amp#27;[0;39m&amp#27;[36mj.LocalContainerEntityManagerFactoryBean&amp#27;[0;39m &amp#27;[2m:&amp#27;[0;39m Closing JPA EntityManagerFactory for persistence unit 'default'
Hibernate: drop table if exists category cascade 
Hibernate: drop table if exists customers cascade 
Hibernate: drop table if exists employee cascade 
Hibernate: drop table if exists inventory cascade 
Hibernate: drop table if exists member_levels cascade 
Hibernate: drop table if exists order_items cascade 
Hibernate: drop table if exists orders cascade 
Hibernate: drop table if exists points_records cascade 
Hibernate: drop table if exists product_bom cascade 
Hibernate: drop table if exists products cascade 
Hibernate: drop table if exists raw_material_inventory cascade 
Hibernate: drop table if exists raw_materials cascade 
Hibernate: drop table if exists stores cascade 
&amp#27;[2m2026-01-18T11:37:32.994+08:00&amp#27;[0;39m &amp#27;[32m INFO&amp#27;[0;39m &amp#27;[35m88348&amp#27;[0;39m &amp#27;[2m---&amp#27;[0;39m &amp#27;[2m[           main]&amp#27;[0;39m &amp#27;[2m&amp#27;[0;39m&amp#27;[36mcom.zaxxer.hikari.HikariDataSource      &amp#27;[0;39m &amp#27;[2m:&amp#27;[0;39m HikariPool-16 - Shutdown initiated...
&amp#27;[2m2026-01-18T11:37:32.996+08:00&amp#27;[0;39m &amp#27;[32m INFO&amp#27;[0;39m &amp#27;[35m88348&amp#27;[0;39m &amp#27;[2m---&amp#27;[0;39m &amp#27;[2m[           main]&amp#27;[0;39m &amp#27;[2m&amp#27;[0;39m&amp#27;[36mcom.zaxxer.hikari.HikariDataSource      &amp#27;[0;39m &amp#27;[2m:&amp#27;[0;39m HikariPool-16 - Shutdown completed.

  .   ____          _            __ _ _
 /\\ / ___'_ __ _ _(_)_ __  __ _ \ \ \ \
( ( )\___ | '_ | '_| | '_ \/ _` | \ \ \ \
 \\/  ___)| |_)| | | | | || (_| |  ) ) ) )
  '  |____| .__|_| |_|_| |_\__, | / / / /
 =========|_|==============|___/=/_/_/_/
&amp#27;[32m :: Spring Boot :: &amp#27;[39m              &amp#27;[2m (v3.2.0)&amp#27;[0;39m

&amp#27;[2m2026-01-18T11:37:33.012+08:00&amp#27;[0;39m &amp#27;[32m INFO&amp#27;[0;39m &amp#27;[35m88348&amp#27;[0;39m &amp#27;[2m---&amp#27;[0;39m &amp#27;[2m[           main]&amp#27;[0;39m &amp#27;[2m&amp#27;[0;39m&amp#27;[36mc.s.b.i.PredictionIntegrationTest       &amp#27;[0;39m &amp#27;[2m:&amp#27;[0;39m Starting PredictionIntegrationTest using Java 23.0.2 with PID 88348 (started by qixin in /Users/qixin/Google 云端硬盘/教学/企业级应用软件设计与开发/2026/TraeProjects/solo-coffee/backend)
&amp#27;[2m2026-01-18T11:37:33.012+08:00&amp#27;[0;39m &amp#27;[32mDEBUG&amp#27;[0;39m &amp#27;[35m88348&amp#27;[0;39m &amp#27;[2m---&amp#27;[0;39m &amp#27;[2m[           main]&amp#27;[0;39m &amp#27;[2m&amp#27;[0;39m&amp#27;[36mc.s.b.i.PredictionIntegrationTest       &amp#27;[0;39m &amp#27;[2m:&amp#27;[0;39m Running with Spring Boot v3.2.0, Spring v6.1.1
&amp#27;[2m2026-01-18T11:37:33.012+08:00&amp#27;[0;39m &amp#27;[32m INFO&amp#27;[0;39m &amp#27;[35m88348&amp#27;[0;39m &amp#27;[2m---&amp#27;[0;39m &amp#27;[2m[           main]&amp#27;[0;39m &amp#27;[2m&amp#27;[0;39m&amp#27;[36mc.s.b.i.PredictionIntegrationTest       &amp#27;[0;39m &amp#27;[2m:&amp#27;[0;39m The following 1 profile is active: "test"
&amp#27;[2m2026-01-18T11:37:33.095+08:00&amp#27;[0;39m &amp#27;[32m INFO&amp#27;[0;39m &amp#27;[35m88348&amp#27;[0;39m &amp#27;[2m---&amp#27;[0;39m &amp#27;[2m[           main]&amp#27;[0;39m &amp#27;[2m&amp#27;[0;39m&amp#27;[36m.s.d.r.c.RepositoryConfigurationDelegate&amp#27;[0;39m &amp#27;[2m:&amp#27;[0;39m Bootstrapping Spring Data JPA repositories in DEFAULT mode.
&amp#27;[2m2026-01-18T11:37:33.099+08:00&amp#27;[0;39m &amp#27;[32m INFO&amp#27;[0;39m &amp#27;[35m88348&amp#27;[0;39m &amp#27;[2m---&amp#27;[0;39m &amp#27;[2m[           main]&amp#27;[0;39m &amp#27;[2m&amp#27;[0;39m&amp#27;[36m.s.d.r.c.RepositoryConfigurationDelegate&amp#27;[0;39m &amp#27;[2m:&amp#27;[0;39m Finished Spring Data repository scanning in 3 ms. Found 11 JPA repository interfaces.
&amp#27;[2m2026-01-18T11:37:33.129+08:00&amp#27;[0;39m &amp#27;[32m INFO&amp#27;[0;39m &amp#27;[35m88348&amp#27;[0;39m &amp#27;[2m---&amp#27;[0;39m &amp#27;[2m[           main]&amp#27;[0;39m &amp#27;[2m&amp#27;[0;39m&amp#27;[36mo.s.b.w.embedded.tomcat.TomcatWebServer &amp#27;[0;39m &amp#27;[2m:&amp#27;[0;39m Tomcat initialized with port 0 (http)
&amp#27;[2m2026-01-18T11:37:33.129+08:00&amp#27;[0;39m &amp#27;[32m INFO&amp#27;[0;39m &amp#27;[35m88348&amp#27;[0;39m &amp#27;[2m---&amp#27;[0;39m &amp#27;[2m[           main]&amp#27;[0;39m &amp#27;[2m&amp#27;[0;39m&amp#27;[36mo.apache.catalina.core.StandardService  &amp#27;[0;39m &amp#27;[2m:&amp#27;[0;39m Starting service [Tomcat]
&amp#27;[2m2026-01-18T11:37:33.129+08:00&amp#27;[0;39m &amp#27;[32m INFO&amp#27;[0;39m &amp#27;[35m88348&amp#27;[0;39m &amp#27;[2m---&amp#27;[0;39m &amp#27;[2m[           main]&amp#27;[0;39m &amp#27;[2m&amp#27;[0;39m&amp#27;[36mo.apache.catalina.core.StandardEngine   &amp#27;[0;39m &amp#27;[2m:&amp#27;[0;39m Starting Servlet engine: [Apache Tomcat/10.1.16]
&amp#27;[2m2026-01-18T11:37:33.141+08:00&amp#27;[0;39m &amp#27;[32m INFO&amp#27;[0;39m &amp#27;[35m88348&amp#27;[0;39m &amp#27;[2m---&amp#27;[0;39m &amp#27;[2m[           main]&amp#27;[0;39m &amp#27;[2m&amp#27;[0;39m&amp#27;[36mo.a.c.c.C.[Tomcat].[localhost].[/]      &amp#27;[0;39m &amp#27;[2m:&amp#27;[0;39m Initializing Spring embedded WebApplicationContext
&amp#27;[2m2026-01-18T11:37:33.141+08:00&amp#27;[0;39m &amp#27;[32m INFO&amp#27;[0;39m &amp#27;[35m88348&amp#27;[0;39m &amp#27;[2m---&amp#27;[0;39m &amp#27;[2m[           main]&amp#27;[0;39m &amp#27;[2m&amp#27;[0;39m&amp#27;[36mw.s.c.ServletWebServerApplicationContext&amp#27;[0;39m &amp#27;[2m:&amp#27;[0;39m Root WebApplicationContext: initialization completed in 128 ms
&amp#27;[2m2026-01-18T11:37:33.155+08:00&amp#27;[0;39m &amp#27;[32m INFO&amp#27;[0;39m &amp#27;[35m88348&amp#27;[0;39m &amp#27;[2m---&amp#27;[0;39m &amp#27;[2m[           main]&amp#27;[0;39m &amp#27;[2m&amp#27;[0;39m&amp#27;[36mcom.zaxxer.hikari.HikariDataSource      &amp#27;[0;39m &amp#27;[2m:&amp#27;[0;39m HikariPool-17 - Starting...
&amp#27;[2m2026-01-18T11:37:33.156+08:00&amp#27;[0;39m &amp#27;[32m INFO&amp#27;[0;39m &amp#27;[35m88348&amp#27;[0;39m &amp#27;[2m---&amp#27;[0;39m &amp#27;[2m[           main]&amp#27;[0;39m &amp#27;[2m&amp#27;[0;39m&amp#27;[36mcom.zaxxer.hikari.pool.HikariPool       &amp#27;[0;39m &amp#27;[2m:&amp#27;[0;39m HikariPool-17 - Added connection conn160: url=jdbc:h2:mem:solocoffee user=SA
&amp#27;[2m2026-01-18T11:37:33.156+08:00&amp#27;[0;39m &amp#27;[32m INFO&amp#27;[0;39m &amp#27;[35m88348&amp#27;[0;39m &amp#27;[2m---&amp#27;[0;39m &amp#27;[2m[           main]&amp#27;[0;39m &amp#27;[2m&amp#27;[0;39m&amp#27;[36mcom.zaxxer.hikari.HikariDataSource      &amp#27;[0;39m &amp#27;[2m:&amp#27;[0;39m HikariPool-17 - Start completed.
&amp#27;[2m2026-01-18T11:37:33.156+08:00&amp#27;[0;39m &amp#27;[32m INFO&amp#27;[0;39m &amp#27;[35m88348&amp#27;[0;39m &amp#27;[2m---&amp#27;[0;39m &amp#27;[2m[           main]&amp#27;[0;39m &amp#27;[2m&amp#27;[0;39m&amp#27;[36mo.s.b.a.h2.H2ConsoleAutoConfiguration   &amp#27;[0;39m &amp#27;[2m:&amp#27;[0;39m H2 console available at '/h2-console'. Database available at 'jdbc:h2:mem:solocoffee'
&amp#27;[2m2026-01-18T11:37:33.172+08:00&amp#27;[0;39m &amp#27;[32m INFO&amp#27;[0;39m &amp#27;[35m88348&amp#27;[0;39m &amp#27;[2m---&amp#27;[0;39m &amp#27;[2m[           main]&amp#27;[0;39m &amp#27;[2m&amp#27;[0;39m&amp#27;[36mo.hibernate.jpa.internal.util.LogHelper &amp#27;[0;39m &amp#27;[2m:&amp#27;[0;39m HHH000204: Processing PersistenceUnitInfo [name: default]
&amp#27;[2m2026-01-18T11:37:33.172+08:00&amp#27;[0;39m &amp#27;[32m INFO&amp#27;[0;39m &amp#27;[35m88348&amp#27;[0;39m &amp#27;[2m---&amp#27;[0;39m &amp#27;[2m[           main]&amp#27;[0;39m &amp#27;[2m&amp#27;[0;39m&amp#27;[36mo.h.c.internal.RegionFactoryInitiator   &amp#27;[0;39m &amp#27;[2m:&amp#27;[0;39m HHH000026: Second-level cache disabled
&amp#27;[2m2026-01-18T11:37:33.173+08:00&amp#27;[0;39m &amp#27;[32m INFO&amp#27;[0;39m &amp#27;[35m88348&amp#27;[0;39m &amp#27;[2m---&amp#27;[0;39m &amp#27;[2m[           main]&amp#27;[0;39m &amp#27;[2m&amp#27;[0;39m&amp#27;[36mo.s.o.j.p.SpringPersistenceUnitInfo     &amp#27;[0;39m &amp#27;[2m:&amp#27;[0;39m No LoadTimeWeaver setup: ignoring JPA class transformer
&amp#27;[2m2026-01-18T11:37:33.173+08:00&amp#27;[0;39m &amp#27;[33m WARN&amp#27;[0;39m &amp#27;[35m88348&amp#27;[0;39m &amp#27;[2m---&amp#27;[0;39m &amp#27;[2m[           main]&amp#27;[0;39m &amp#27;[2m&amp#27;[0;39m&amp#27;[36morg.hibernate.orm.deprecation           &amp#27;[0;39m &amp#27;[2m:&amp#27;[0;39m HHH90000025: H2Dialect does not need to be specified explicitly using 'hibernate.dialect' (remove the property setting and it will be selected by default)
&amp#27;[2m2026-01-18T11:37:33.199+08:00&amp#27;[0;39m &amp#27;[32m INFO&amp#27;[0;39m &amp#27;[35m88348&amp#27;[0;39m &amp#27;[2m---&amp#27;[0;39m &amp#27;[2m[           main]&amp#27;[0;39m &amp#27;[2m&amp#27;[0;39m&amp#27;[36mo.h.e.t.j.p.i.JtaPlatformInitiator      &amp#27;[0;39m &amp#27;[2m:&amp#27;[0;39m HHH000489: No JTA platform available (set 'hibernate.transaction.jta.platform' to enable JTA platform integration)
Hibernate: drop table if exists category cascade 
Hibernate: drop table if exists customers cascade 
Hibernate: drop table if exists employee cascade 
Hibernate: drop table if exists inventory cascade 
Hibernate: drop table if exists member_levels cascade 
Hibernate: drop table if exists order_items cascade 
Hibernate: drop table if exists orders cascade 
Hibernate: drop table if exists points_records cascade 
Hibernate: drop table if exists product_bom cascade 
Hibernate: drop table if exists products cascade 
Hibernate: drop table if exists raw_material_inventory cascade 
Hibernate: drop table if exists raw_materials cascade 
Hibernate: drop table if exists stores cascade 
Hibernate: create table category (sort_order integer, created_at timestamp(6) not null, id bigint generated by default as identity, updated_at timestamp(6) not null, category_name varchar(255) not null unique, description varchar(255), primary key (id))
Hibernate: create table customers (points int default 0 not null, created_at timestamp(6) not null, id bigint generated by default as identity, last_visit_at timestamp(6), member_level_id bigint, updated_at timestamp(6) not null, avatar_url varchar(255), email varchar(255), name varchar(255), phone varchar(255) not null unique, wechat_open_id varchar(255) unique, primary key (id))
Hibernate: create table employee (status integer not null, created_at timestamp(6) not null, hire_date timestamp(6) not null, id bigint generated by default as identity, store_id bigint not null, updated_at timestamp(6) not null, email varchar(255), employee_id varchar(255) not null unique, name varchar(255) not null, phone varchar(255) not null, position varchar(255) not null, primary key (id))
Hibernate: create table inventory (quantity numeric(38,2) not null, warning_threshold numeric(38,2) not null, created_at timestamp(6) not null, id bigint generated by default as identity, last_purchase_at timestamp(6), last_stocktaking_at timestamp(6), product_id bigint not null, store_id bigint not null, updated_at timestamp(6) not null, unit varchar(255) not null, primary key (id))
Hibernate: create table member_levels (discount_rate numeric(38,2), min_points integer not null, created_at timestamp(6) not null, id bigint generated by default as identity, updated_at timestamp(6) not null, description varchar(255), name varchar(255) not null, primary key (id))
Hibernate: create table order_items (price numeric(38,2) not null, quantity integer not null, subtotal numeric(38,2) not null, id bigint generated by default as identity, order_id bigint not null, product_id bigint not null, options varchar(255), product_name varchar(255) not null, primary key (id))
Hibernate: create table orders (actual_amount numeric(38,2) not null, order_status integer not null, payment_method integer not null, total_amount numeric(38,2) not null, created_at timestamp(6) not null, customer_id bigint, id bigint generated by default as identity, pickup_time timestamp(6), store_id bigint not null, updated_at timestamp(6) not null, order_no varchar(255) not null unique, remarks varchar(255), primary key (id))
[...]
	at org.apache.tomcat.util.threads.ThreadPoolExecutor$Worker.run(ThreadPoolExecutor.java:659) ~[tomcat-embed-core-10.1.16.jar:10.1.16]
	at org.apache.tomcat.util.threads.TaskThread$WrappingRunnable.run(TaskThread.java:61) ~[tomcat-embed-core-10.1.16.jar:10.1.16]
	at java.base/java.lang.Thread.run(Thread.java:1575) ~[na:na]

&amp#27;[2m2026-01-18T11:37:33.420+08:00&amp#27;[0;39m &amp#27;[31mERROR&amp#27;[0;39m &amp#27;[35m88348&amp#27;[0;39m &amp#27;[2m---&amp#27;[0;39m &amp#27;[2m[-auto-17-exec-3]&amp#27;[0;39m &amp#27;[2m&amp#27;[0;39m&amp#27;[36mc.s.b.controller.PredictionController   &amp#27;[0;39m &amp#27;[2m:&amp#27;[0;39m 预点单确认失败: Transaction silently rolled back because it has been marked as rollback-only

org.springframework.transaction.UnexpectedRollbackException: Transaction silently rolled back because it has been marked as rollback-only
	at org.springframework.transaction.support.AbstractPlatformTransactionManager.processCommit(AbstractPlatformTransactionManager.java:803) ~[spring-tx-6.1.1.jar:6.1.1]
	at org.springframework.transaction.support.AbstractPlatformTransactionManager.commit(AbstractPlatformTransactionManager.java:757) ~[spring-tx-6.1.1.jar:6.1.1]
	at org.springframework.transaction.interceptor.TransactionAspectSupport.commitTransactionAfterReturning(TransactionAspectSupport.java:669) ~[spring-tx-6.1.1.jar:6.1.1]
	at org.springframework.transaction.interceptor.TransactionAspectSupport.invokeWithinTransaction(TransactionAspectSupport.java:419) ~[spring-tx-6.1.1.jar:6.1.1]
	at org.springframework.transaction.interceptor.TransactionInterceptor.invoke(TransactionInterceptor.java:119) ~[spring-tx-6.1.1.jar:6.1.1]
	at org.springframework.aop.framework.ReflectiveMethodInvocation.proceed(ReflectiveMethodInvocation.java:184) ~[spring-aop-6.1.1.jar:6.1.1]
	at org.springframework.aop.framework.CglibAopProxy$CglibMethodInvocation.proceed(CglibAopProxy.java:765) ~[spring-aop-6.1.1.jar:6.1.1]
	at org.springframework.aop.framework.CglibAopProxy$DynamicAdvisedInterceptor.intercept(CglibAopProxy.java:717) ~[spring-aop-6.1.1.jar:6.1.1]
	at com.solocoffee.backend.service.PredictionService$$SpringCGLIB$$0.confirmPredictedOrder(<generated>) ~[classes/:na]
	at com.solocoffee.backend.controller.PredictionController.confirmPredictedOrder(PredictionController.java:43) ~[classes/:na]
	at java.base/jdk.internal.reflect.DirectMethodHandleAccessor.invoke(DirectMethodHandleAccessor.java:103) ~[na:na]
	at java.base/java.lang.reflect.Method.invoke(Method.java:580) ~[na:na]
	at org.springframework.web.method.support.InvocableHandlerMethod.doInvoke(InvocableHandlerMethod.java:254) ~[spring-web-6.1.1.jar:6.1.1]
	at org.springframework.web.method.support.InvocableHandlerMethod.invokeForRequest(InvocableHandlerMethod.java:182) ~[spring-web-6.1.1.jar:6.1.1]
	at org.springframework.web.servlet.mvc.method.annotation.ServletInvocableHandlerMethod.invokeAndHandle(ServletInvocableHandlerMethod.java:118) ~[spring-webmvc-6.1.1.jar:6.1.1]
	at org.springframework.web.servlet.mvc.method.annotation.RequestMappingHandlerAdapter.invokeHandlerMethod(RequestMappingHandlerAdapter.java:917) ~[spring-webmvc-6.1.1.jar:6.1.1]
	at org.springframework.web.servlet.mvc.method.annotation.RequestMappingHandlerAdapter.handleInternal(RequestMappingHandlerAdapter.java:829) ~[spring-webmvc-6.1.1.jar:6.1.1]
	at org.springframework.web.servlet.mvc.method.AbstractHandlerMethodAdapter.handle(AbstractHandlerMethodAdapter.java:87) ~[spring-webmvc-6.1.1.jar:6.1.1]
	at org.springframework.web.servlet.DispatcherServlet.doDispatch(DispatcherServlet.java:1089) ~[spring-webmvc-6.1.1.jar:6.1.1]
	at org.springframework.web.servlet.DispatcherServlet.doService(DispatcherServlet.java:979) ~[spring-webmvc-6.1.1.jar:6.1.1]
	at org.springframework.web.servlet.FrameworkServlet.processRequest(FrameworkServlet.java:1014) ~[spring-webmvc-6.1.1.jar:6.1.1]
	at org.springframework.web.servlet.FrameworkServlet.doPost(FrameworkServlet.java:914) ~[spring-webmvc-6.1.1.jar:6.1.1]
	at jakarta.servlet.http.HttpServlet.service(HttpServlet.java:590) ~[tomcat-embed-core-10.1.16.jar:6.0]
	at org.springframework.web.servlet.FrameworkServlet.service(FrameworkServlet.java:885) ~[spring-webmvc-6.1.1.jar:6.1.1]
	at jakarta.servlet.http.HttpServlet.service(HttpServlet.java:658) ~[tomcat-embed-core-10.1.16.jar:6.0]
	at org.apache.catalina.core.ApplicationFilterChain.internalDoFilter(ApplicationFilterChain.java:205) ~[tomcat-embed-core-10.1.16.jar:10.1.16]
	at org.apache.catalina.core.ApplicationFilterChain.doFilter(ApplicationFilterChain.java:149) ~[tomcat-embed-core-10.1.16.jar:10.1.16]
	at org.apache.tomcat.websocket.server.WsFilter.doFilter(WsFilter.java:51) ~[tomcat-embed-websocket-10.1.16.jar:10.1.16]
	at org.apache.catalina.core.ApplicationFilterChain.internalDoFilter(ApplicationFilterChain.java:174) ~[tomcat-embed-core-10.1.16.jar:10.1.16]
	at org.apache.catalina.core.ApplicationFilterChain.doFilter(ApplicationFilterChain.java:149) ~[tomcat-embed-core-10.1.16.jar:10.1.16]
	at org.springframework.security.web.FilterChainProxy.lambda$doFilterInternal$3(FilterChainProxy.java:231) ~[spring-security-web-6.2.0.jar:6.2.0]
	at org.springframework.security.web.ObservationFilterChainDecorator$FilterObservation$SimpleFilterObservation.lambda$wrap$1(ObservationFilterChainDecorator.java:479) ~[spring-security-web-6.2.0.jar:6.2.0]
	at org.springframework.security.web.ObservationFilterChainDecorator$AroundFilterObservation$SimpleAroundFilterObservation.lambda$wrap$1(ObservationFilterChainDecorator.java:340) ~[spring-security-web-6.2.0.jar:6.2.0]
	at org.springframework.security.web.ObservationFilterChainDecorator.lambda$wrapSecured$0(ObservationFilterChainDecorator.java:82) ~[spring-security-web-6.2.0.jar:6.2.0]
	at org.springframework.security.web.ObservationFilterChainDecorator$VirtualFilterChain.doFilter(ObservationFilterChainDecorator.java:128) ~[spring-security-web-6.2.0.jar:6.2.0]
	at org.springframework.security.web.access.intercept.FilterSecurityInterceptor.invoke(FilterSecurityInterceptor.java:117) ~[spring-security-web-6.2.0.jar:6.2.0]
	at org.springframework.security.web.access.intercept.FilterSecurityInterceptor.doFilter(FilterSecurityInterceptor.java:83) ~[spring-security-web-6.2.0.jar:6.2.0]
	at org.springframework.security.web.ObservationFilterChainDecorator$ObservationFilter.wrapFilter(ObservationFilterChainDecorator.java:240) ~[spring-security-web-6.2.0.jar:6.2.0]
	at org.springframework.security.web.ObservationFilterChainDecorator$ObservationFilter.doFilter(ObservationFilterChainDecorator.java:227) ~[spring-security-web-6.2.0.jar:6.2.0]
	at org.springframework.security.web.ObservationFilterChainDecorator$VirtualFilterChain.doFilter(ObservationFilterChainDecorator.java:137) ~[spring-security-web-6.2.0.jar:6.2.0]
	at org.springframework.security.web.access.ExceptionTranslationFilter.doFilter(ExceptionTranslationFilter.java:126) ~[spring-security-web-6.2.0.jar:6.2.0]
	at org.springframework.security.web.access.ExceptionTranslationFilter.doFilter(ExceptionTranslationFilter.java:120) ~[spring-security-web-6.2.0.jar:6.2.0]
	at org.springframework.security.web.ObservationFilterChainDecorator$ObservationFilter.wrapFilter(ObservationFilterChainDecorator.java:240) ~[spring-security-web-6.2.0.jar:6.2.0]
	at org.springframework.security.web.ObservationFilterChainDecorator$ObservationFilter.doFilter(ObservationFilterChainDecorator.java:227) ~[spring-security-web-6.2.0.jar:6.2.0]
	at org.springframework.security.web.ObservationFilterChainDecorator$VirtualFilterChain.doFilter(ObservationFilterChainDecorator.java:137) ~[spring-security-web-6.2.0.jar:6.2.0]
	at org.springframework.security.web.authentication.AnonymousAuthenticationFilter.doFilter(AnonymousAuthenticationFilter.java:100) ~[spring-security-web-6.2.0.jar:6.2.0]
	at org.springframework.security.web.ObservationFilterChainDecorator$ObservationFilter.wrapFilter(ObservationFilterChainDecorator.java:240) ~[spring-security-web-6.2.0.jar:6.2.0]
	at org.springframework.security.web.ObservationFilterChainDecorator$ObservationFilter.doFilter(ObservationFilterChainDecorator.java:227) ~[spring-security-web-6.2.0.jar:6.2.0]
	at org.springframework.security.web.ObservationFilterChainDecorator$VirtualFilterChain.doFilter(ObservationFilterChainDecorator.java:137) ~[spring-security-web-6.2.0.jar:6.2.0]
	at org.springframework.security.web.servletapi.SecurityContextHolderAwareRequestFilter.doFilter(SecurityContextHolderAwareRequestFilter.java:179) ~[spring-security-web-6.2.0.jar:6.2.0]
	at org.springframework.security.web.ObservationFilterChainDecorator$ObservationFilter.wrapFilter(ObservationFilterChainDecorator.java:240) ~[spring-security-web-6.2.0.jar:6.2.0]
	at org.springframework.security.web.ObservationFilterChainDecorator$ObservationFilter.doFilter(ObservationFilterChainDecorator.java:227) ~[spring-security-web-6.2.0.jar:6.2.0]
	at org.springframework.security.web.ObservationFilterChainDecorator$VirtualFilterChain.doFilter(ObservationFilterChainDecorator.java:137) ~[spring-security-web-6.2.0.jar:6.2.0]
	at org.springframework.security.web.savedrequest.RequestCacheAwareFilter.doFilter(RequestCacheAwareFilter.java:63) ~[spring-security-web-6.2.0.jar:6.2.0]
	at org.springframework.security.web.ObservationFilterChainDecorator$ObservationFilter.wrapFilter(ObservationFilterChainDecorator.java:240) ~[spring-security-web-6.2.0.jar:6.2.0]
	at org.springframework.security.web.ObservationFilterChainDecorator$ObservationFilter.doFilter(ObservationFilterChainDecorator.java:227) ~[spring-security-web-6.2.0.jar:6.2.0]
	at org.springframework.security.web.ObservationFilterChainDecorator$VirtualFilterChain.doFilter(ObservationFilterChainDecorator.java:137) ~[spring-security-web-6.2.0.jar:6.2.0]
	at org.springframework.security.web.authentication.logout.LogoutFilter.doFilter(LogoutFilter.java:107) ~[spring-security-web-6.2.0.jar:6.2.0]
	at org.springframework.security.web.authentication.logout.LogoutFilter.doFilter(LogoutFilter.java:93) ~[spring-security-web-6.2.0.jar:6.2.0]
	at org.springframework.security.web.ObservationFilterChainDecorator$ObservationFilter.wrapFilter(ObservationFilterChainDecorator.java:240) ~[spring-security-web-6.2.0.jar:6.2.0]
	at org.springframework.security.web.ObservationFilterChainDecorator$ObservationFilter.doFilter(ObservationFilterChainDecorator.java:227) ~[spring-security-web-6.2.0.jar:6.2.0]
	at org.springframework.security.web.ObservationFilterChainDecorator$VirtualFilterChain.doFilter(ObservationFilterChainDecorator.java:137) ~[spring-security-web-6.2.0.jar:6.2.0]
	at org.springframework.web.filter.CorsFilter.doFilterInternal(CorsFilter.java:91) ~[spring-web-6.1.1.jar:6.1.1]
	at org.springframework.web.filter.OncePerRequestFilter.doFilter(OncePerRequestFilter.java:116) ~[spring-web-6.1.1.jar:6.1.1]
	at org.springframework.security.web.ObservationFilterChainDecorator$ObservationFilter.wrapFilter(ObservationFilterChainDecorator.java:240) ~[spring-security-web-6.2.0.jar:6.2.0]
	at org.springframework.security.web.ObservationFilterChainDecorator$ObservationFilter.doFilter(ObservationFilterChainDecorator.java:227) ~[spring-security-web-6.2.0.jar:6.2.0]
	at org.springframework.security.web.ObservationFilterChainDecorator$VirtualFilterChain.doFilter(ObservationFilterChainDecorator.java:137) ~[spring-security-web-6.2.0.jar:6.2.0]
	at org.springframework.security.web.header.HeaderWriterFilter.doHeadersAfter(HeaderWriterFilter.java:90) ~[spring-security-web-6.2.0.jar:6.2.0]
	at org.springframework.security.web.header.HeaderWriterFilter.doFilterInternal(HeaderWriterFilter.java:75) ~[spring-security-web-6.2.0.jar:6.2.0]
	at org.springframework.web.filter.OncePerRequestFilter.doFilter(OncePerRequestFilter.java:116) ~[spring-web-6.1.1.jar:6.1.1]
	at org.springframework.security.web.ObservationFilterChainDecorator$ObservationFilter.wrapFilter(ObservationFilterChainDecorator.java:240) ~[spring-security-web-6.2.0.jar:6.2.0]
	at org.springframework.security.web.ObservationFilterChainDecorator$ObservationFilter.doFilter(ObservationFilterChainDecorator.java:227) ~[spring-security-web-6.2.0.jar:6.2.0]
	at org.springframework.security.web.ObservationFilterChainDecorator$VirtualFilterChain.doFilter(ObservationFilterChainDecorator.java:137) ~[spring-security-web-6.2.0.jar:6.2.0]
	at org.springframework.security.web.context.SecurityContextHolderFilter.doFilter(SecurityContextHolderFilter.java:82) ~[spring-security-web-6.2.0.jar:6.2.0]
	at org.springframework.security.web.context.SecurityContextHolderFilter.doFilter(SecurityContextHolderFilter.java:69) ~[spring-security-web-6.2.0.jar:6.2.0]
	at org.springframework.security.web.ObservationFilterChainDecorator$ObservationFilter.wrapFilter(ObservationFilterChainDecorator.java:240) ~[spring-security-web-6.2.0.jar:6.2.0]
	at org.springframework.security.web.ObservationFilterChainDecorator$ObservationFilter.doFilter(ObservationFilterChainDecorator.java:227) ~[spring-security-web-6.2.0.jar:6.2.0]
	at org.springframework.security.web.ObservationFilterChainDecorator$VirtualFilterChain.doFilter(ObservationFilterChainDecorator.java:137) ~[spring-security-web-6.2.0.jar:6.2.0]
	at org.springframework.security.web.context.request.async.WebAsyncManagerIntegrationFilter.doFilterInternal(WebAsyncManagerIntegrationFilter.java:62) ~[spring-security-web-6.2.0.jar:6.2.0]
	at org.springframework.web.filter.OncePerRequestFilter.doFilter(OncePerRequestFilter.java:116) ~[spring-web-6.1.1.jar:6.1.1]
	at org.springframework.security.web.ObservationFilterChainDecorator$ObservationFilter.wrapFilter(ObservationFilterChainDecorator.java:240) ~[spring-security-web-6.2.0.jar:6.2.0]
	at org.springframework.security.web.ObservationFilterChainDecorator$ObservationFilter.doFilter(ObservationFilterChainDecorator.java:227) ~[spring-security-web-6.2.0.jar:6.2.0]
	at org.springframework.security.web.ObservationFilterChainDecorator$VirtualFilterChain.doFilter(ObservationFilterChainDecorator.java:137) ~[spring-security-web-6.2.0.jar:6.2.0]
	at org.springframework.security.web.session.DisableEncodeUrlFilter.doFilterInternal(DisableEncodeUrlFilter.java:42) ~[spring-security-web-6.2.0.jar:6.2.0]
	at org.springframework.web.filter.OncePerRequestFilter.doFilter(OncePerRequestFilter.java:116) ~[spring-web-6.1.1.jar:6.1.1]
	at org.springframework.security.web.ObservationFilterChainDecorator$ObservationFilter.wrapFilter(ObservationFilterChainDecorator.java:240) ~[spring-security-web-6.2.0.jar:6.2.0]
	at org.springframework.security.web.ObservationFilterChainDecorator$AroundFilterObservation$SimpleAroundFilterObservation.lambda$wrap$0(ObservationFilterChainDecorator.java:323) ~[spring-security-web-6.2.0.jar:6.2.0]
	at org.springframework.security.web.ObservationFilterChainDecorator$ObservationFilter.doFilter(ObservationFilterChainDecorator.java:224) ~[spring-security-web-6.2.0.jar:6.2.0]
	at org.springframework.security.web.ObservationFilterChainDecorator$VirtualFilterChain.doFilter(ObservationFilterChainDecorator.java:137) ~[spring-security-web-6.2.0.jar:6.2.0]
	at org.springframework.security.web.FilterChainProxy.doFilterInternal(FilterChainProxy.java:233) ~[spring-security-web-6.2.0.jar:6.2.0]
	at org.springframework.security.web.FilterChainProxy.doFilter(FilterChainProxy.java:191) ~[spring-security-web-6.2.0.jar:6.2.0]
	at org.springframework.web.filter.DelegatingFilterProxy.invokeDelegate(DelegatingFilterProxy.java:352) ~[spring-web-6.1.1.jar:6.1.1]
	at org.springframework.web.filter.DelegatingFilterProxy.doFilter(DelegatingFilterProxy.java:268) ~[spring-web-6.1.1.jar:6.1.1]
	at org.apache.catalina.core.ApplicationFilterChain.internalDoFilter(ApplicationFilterChain.java:174) ~[tomcat-embed-core-10.1.16.jar:10.1.16]
	at org.apache.catalina.core.ApplicationFilterChain.doFilter(ApplicationFilterChain.java:149) ~[tomcat-embed-core-10.1.16.jar:10.1.16]
	at org.springframework.web.filter.RequestContextFilter.doFilterInternal(RequestContextFilter.java:100) ~[spring-web-6.1.1.jar:6.1.1]
	at org.springframework.web.filter.OncePerRequestFilter.doFilter(OncePerRequestFilter.java:116) ~[spring-web-6.1.1.jar:6.1.1]
	at org.apache.catalina.core.ApplicationFilterChain.internalDoFilter(ApplicationFilterChain.java:174) ~[tomcat-embed-core-10.1.16.jar:10.1.16]
	at org.apache.catalina.core.ApplicationFilterChain.doFilter(ApplicationFilterChain.java:149) ~[tomcat-embed-core-10.1.16.jar:10.1.16]
	at org.springframework.web.filter.FormContentFilter.doFilterInternal(FormContentFilter.java:93) ~[spring-web-6.1.1.jar:6.1.1]
	at org.springframework.web.filter.OncePerRequestFilter.doFilter(OncePerRequestFilter.java:116) ~[spring-web-6.1.1.jar:6.1.1]
	at org.apache.catalina.core.ApplicationFilterChain.internalDoFilter(ApplicationFilterChain.java:174) ~[tomcat-embed-core-10.1.16.jar:10.1.16]
	at org.apache.catalina.core.ApplicationFilterChain.doFilter(ApplicationFilterChain.java:149) ~[tomcat-embed-core-10.1.16.jar:10.1.16]
	at org.springframework.web.filter.ServerHttpObservationFilter.doFilterInternal(ServerHttpObservationFilter.java:109) ~[spring-web-6.1.1.jar:6.1.1]
	at org.springframework.web.filter.OncePerRequestFilter.doFilter(OncePerRequestFilter.java:116) ~[spring-web-6.1.1.jar:6.1.1]
	at org.apache.catalina.core.ApplicationFilterChain.internalDoFilter(ApplicationFilterChain.java:174) ~[tomcat-embed-core-10.1.16.jar:10.1.16]
	at org.apache.catalina.core.ApplicationFilterChain.doFilter(ApplicationFilterChain.java:149) ~[tomcat-embed-core-10.1.16.jar:10.1.16]
	at org.springframework.web.filter.CharacterEncodingFilter.doFilterInternal(CharacterEncodingFilter.java:201) ~[spring-web-6.1.1.jar:6.1.1]
	at org.springframework.web.filter.OncePerRequestFilter.doFilter(OncePerRequestFilter.java:116) ~[spring-web-6.1.1.jar:6.1.1]
	at org.apache.catalina.core.ApplicationFilterChain.internalDoFilter(ApplicationFilterChain.java:174) ~[tomcat-embed-core-10.1.16.jar:10.1.16]
	at org.apache.catalina.core.ApplicationFilterChain.doFilter(ApplicationFilterChain.java:149) ~[tomcat-embed-core-10.1.16.jar:10.1.16]
	at org.apache.catalina.core.StandardWrapperValve.invoke(StandardWrapperValve.java:167) ~[tomcat-embed-core-10.1.16.jar:10.1.16]
	at org.apache.catalina.core.StandardContextValve.invoke(StandardContextValve.java:90) ~[tomcat-embed-core-10.1.16.jar:10.1.16]
	at org.apache.catalina.authenticator.AuthenticatorBase.invoke(AuthenticatorBase.java:482) ~[tomcat-embed-core-10.1.16.jar:10.1.16]
	at org.apache.catalina.core.StandardHostValve.invoke(StandardHostValve.java:115) ~[tomcat-embed-core-10.1.16.jar:10.1.16]
	at org.apache.catalina.valves.ErrorReportValve.invoke(ErrorReportValve.java:93) ~[tomcat-embed-core-10.1.16.jar:10.1.16]
	at org.apache.catalina.core.StandardEngineValve.invoke(StandardEngineValve.java:74) ~[tomcat-embed-core-10.1.16.jar:10.1.16]
	at org.apache.catalina.connector.CoyoteAdapter.service(CoyoteAdapter.java:340) ~[tomcat-embed-core-10.1.16.jar:10.1.16]
	at org.apache.coyote.http11.Http11Processor.service(Http11Processor.java:391) ~[tomcat-embed-core-10.1.16.jar:10.1.16]
	at org.apache.coyote.AbstractProcessorLight.process(AbstractProcessorLight.java:63) ~[tomcat-embed-core-10.1.16.jar:10.1.16]
	at org.apache.coyote.AbstractProtocol$ConnectionHandler.process(AbstractProtocol.java:896) ~[tomcat-embed-core-10.1.16.jar:10.1.16]
	at org.apache.tomcat.util.net.NioEndpoint$SocketProcessor.doRun(NioEndpoint.java:1744) ~[tomcat-embed-core-10.1.16.jar:10.1.16]
	at org.apache.tomcat.util.net.SocketProcessorBase.run(SocketProcessorBase.java:52) ~[tomcat-embed-core-10.1.16.jar:10.1.16]
	at org.apache.tomcat.util.threads.ThreadPoolExecutor.runWorker(ThreadPoolExecutor.java:1191) ~[tomcat-embed-core-10.1.16.jar:10.1.16]
	at org.apache.tomcat.util.threads.ThreadPoolExecutor$Worker.run(ThreadPoolExecutor.java:659) ~[tomcat-embed-core-10.1.16.jar:10.1.16]
	at org.apache.tomcat.util.threads.TaskThread$WrappingRunnable.run(TaskThread.java:61) ~[tomcat-embed-core-10.1.16.jar:10.1.16]
	at java.base/java.lang.Thread.run(Thread.java:1575) ~[na:na]

]]></system-out>
  </testcase>
</testsuite>