<?xml version="1.0" encoding="UTF-8"?>
<testsuite xmlns:xsi="http://www.w3.org/2001/XMLSchema-instance" xsi:noNamespaceSchemaLocation="https://maven.apache.org/surefire/maven-surefire-plugin/xsd/surefire-test-report-3.0.xsd" version="3.0" name="com.solocoffee.backend.integration.BOMIntegrationTest" time="69.155" tests="6" errors="0" skipped="0" failures="0">
  <properties>
[...]
</properties>
  <testcase name="testRawMaterialLowStockWarning" classname="com.solocoffee.backend.integration.BOMIntegrationTest" time="11.49">
    <system-out><![CDATA[&amp#27;[2m2026-01-18T11:39:05.038+08:00&amp#27;[0;39m &amp#27;[32m INFO&amp#27;[0;39m &amp#27;[35m88348&amp#27;[0;39m &amp#27;[2m---&amp#27;[0;39m &amp#27;[2m[           main]&amp#27;[0;39m &amp#27;[2m&amp#27;[0;39m&amp#27;[36mt.c.s.AnnotationConfigContextLoaderUtils&amp#27;[0;39m &amp#27;[2m:&amp#27;[0;39m Could not detect default configuration classes for test class [com.solocoffee.backend.integration.BOMIntegrationTest]: BOMIntegrationTest does not declare any static, non-private, non-final, nested classes annotated with @Configuration.
&amp#27;[2m2026-01-18T11:39:05.038+08:00&amp#27;[0;39m &amp#27;[32m INFO&amp#27;[0;39m &amp#27;[35m88348&amp#27;[0;39m &amp#27;[2m---&amp#27;[0;39m &amp#27;[2m[           main]&amp#27;[0;39m &amp#27;[2m&amp#27;[0;39m&amp#27;[36m.b.t.c.SpringBootTestContextBootstrapper&amp#27;[0;39m &amp#27;[2m:&amp#27;[0;39m Found @SpringBootConfiguration com.solocoffee.backend.BackendApplication for test class com.solocoffee.backend.integration.BOMIntegrationTest
&amp#27;[2m2026-01-18T11:39:16.045+08:00&amp#27;[0;39m &amp#27;[33m WARN&amp#27;[0;39m &amp#27;[35m88348&amp#27;[0;39m &amp#27;[2m---&amp#27;[0;39m &amp#27;[2m[           main]&amp#27;[0;39m &amp#27;[2m&amp#27;[0;39m&amp#27;[36morg.apache.tomcat.util.net.Acceptor     &amp#27;[0;39m &amp#27;[2m:&amp#27;[0;39m The acceptor thread [http-nio-auto-25-Acceptor] did not stop cleanly
&amp#27;[2m2026-01-18T11:39:16.047+08:00&amp#27;[0;39m &amp#27;[32m INFO&amp#27;[0;39m &amp#27;[35m88348&amp#27;[0;39m &amp#27;[2m---&amp#27;[0;39m &amp#27;[2m[           main]&amp#27;[0;39m &amp#27;[2m&amp#27;[0;39m&amp#27;[36mj.LocalContainerEntityManagerFactoryBean&amp#27;[0;39m &amp#27;[2m:&amp#27;[0;39m Closing JPA EntityManagerFactory for persistence unit 'default'
Hibernate: drop table if exists category cascade 
Hibernate: drop table if exists customers cascade 
Hibernate: drop table if exists employee cascade 
Hibernate: drop table if exists inventory cascade 
Hibernate: drop table if exists member_levels cascade 
Hibernate: drop table if exists order_items cascade 
Hibernate: drop table if exists orders cascade 
Hibernate: drop table if exists points_records cascade 
Hibernate: drop table if exists product_bom cascade 
Hibernate: drop table if exists products cascade 
Hibernate: drop table if exists raw_material_inventory cascade 
Hibernate: drop table if exists raw_materials cascade 
Hibernate: drop table if exists stores cascade 
&amp#27;[2m2026-01-18T11:39:16.048+08:00&amp#27;[0;39m &amp#27;[32m INFO&amp#27;[0;39m &amp#27;[35m88348&amp#27;[0;39m &amp#27;[2m---&amp#27;[0;39m &amp#27;[2m[           main]&amp#27;[0;39m &amp#27;[2m&amp#27;[0;39m&amp#27;[36mcom.zaxxer.hikari.HikariDataSource      &amp#27;[0;39m &amp#27;[2m:&amp#27;[0;39m HikariPool-25 - Shutdown initiated...
&amp#27;[2m2026-01-18T11:39:16.048+08:00&amp#27;[0;39m &amp#27;[32m INFO&amp#27;[0;39m &amp#27;[35m88348&amp#27;[0;39m &amp#27;[2m---&amp#27;[0;39m &amp#27;[2m[           main]&amp#27;[0;39m &amp#27;[2m&amp#27;[0;39m&amp#27;[36mcom.zaxxer.hikari.HikariDataSource      &amp#27;[0;39m &amp#27;[2m:&amp#27;[0;39m HikariPool-25 - Shutdown completed.

  .   ____          _            __ _ _
 /\\ / ___'_ __ _ _(_)_ __  __ _ \ \ \ \
( ( )\___ | '_ | '_| | '_ \/ _` | \ \ \ \
 \\/  ___)| |_)| | | | | || (_| |  ) ) ) )
  '  |____| .__|_| |_|_| |_\__, | / / / /
 =========|_|==============|___/=/_/_/_/
&amp#27;[32m :: Spring Boot :: &amp#27;[39m              &amp#27;[2m (v3.2.0)&amp#27;[0;39m

&amp#27;[2m2026-01-18T11:39:16.057+08:00&amp#27;[0;39m &amp#27;[32m INFO&amp#27;[0;39m &amp#27;[35m88348&amp#27;[0;39m &amp#27;[2m---&amp#27;[0;39m &amp#27;[2m[           main]&amp#27;[0;39m &amp#27;[2m&amp#27;[0;39m&amp#27;[36mc.s.b.integration.BOMIntegrationTest    &amp#27;[0;39m &amp#27;[2m:&amp#27;[0;39m Starting BOMIntegrationTest using Java 23.0.2 with PID 88348 (started by qixin in /Users/qixin/Google 云端硬盘/教学/企业级应用软件设计与开发/2026/TraeProjects/solo-coffee/backend)
&amp#27;[2m2026-01-18T11:39:16.057+08:00&amp#27;[0;39m &amp#27;[32mDEBUG&amp#27;[0;39m &amp#27;[35m88348&amp#27;[0;39m &amp#27;[2m---&amp#27;[0;39m &amp#27;[2m[           main]&amp#27;[0;39m &amp#27;[2m&amp#27;[0;39m&amp#27;[36mc.s.b.integration.BOMIntegrationTest    &amp#27;[0;39m &amp#27;[2m:&amp#27;[0;39m Running with Spring Boot v3.2.0, Spring v6.1.1
&amp#27;[2m2026-01-18T11:39:16.057+08:00&amp#27;[0;39m &amp#27;[32m INFO&amp#27;[0;39m &amp#27;[35m88348&amp#27;[0;39m &amp#27;[2m---&amp#27;[0;39m &amp#27;[2m[           main]&amp#27;[0;39m &amp#27;[2m&amp#27;[0;39m&amp#27;[36mc.s.b.integration.BOMIntegrationTest    &amp#27;[0;39m &amp#27;[2m:&amp#27;[0;39m The following 1 profile is active: "test"
&amp#27;[2m2026-01-18T11:39:16.123+08:00&amp#27;[0;39m &amp#27;[32m INFO&amp#27;[0;39m &amp#27;[35m88348&amp#27;[0;39m &amp#27;[2m---&amp#27;[0;39m &amp#27;[2m[           main]&amp#27;[0;39m &amp#27;[2m&amp#27;[0;39m&amp#27;[36m.s.d.r.c.RepositoryConfigurationDelegate&amp#27;[0;39m &amp#27;[2m:&amp#27;[0;39m Bootstrapping Spring Data JPA repositories in DEFAULT mode.
&amp#27;[2m2026-01-18T11:39:16.128+08:00&amp#27;[0;39m &amp#27;[32m INFO&amp#27;[0;39m &amp#27;[35m88348&amp#27;[0;39m &amp#27;[2m---&amp#27;[0;39m &amp#27;[2m[           main]&amp#27;[0;39m &amp#27;[2m&amp#27;[0;39m&amp#27;[36m.s.d.r.c.RepositoryConfigurationDelegate&amp#27;[0;39m &amp#27;[2m:&amp#27;[0;39m Finished Spring Data repository scanning in 4 ms. Found 11 JPA repository interfaces.
&amp#27;[2m2026-01-18T11:39:16.161+08:00&amp#27;[0;39m &amp#27;[32m INFO&amp#27;[0;39m &amp#27;[35m88348&amp#27;[0;39m &amp#27;[2m---&amp#27;[0;39m &amp#27;[2m[           main]&amp#27;[0;39m &amp#27;[2m&amp#27;[0;39m&amp#27;[36mo.s.b.w.embedded.tomcat.TomcatWebServer &amp#27;[0;39m &amp#27;[2m:&amp#27;[0;39m Tomcat initialized with port 0 (http)
&amp#27;[2m2026-01-18T11:39:16.161+08:00&amp#27;[0;39m &amp#27;[32m INFO&amp#27;[0;39m &amp#27;[35m88348&amp#27;[0;39m &amp#27;[2m---&amp#27;[0;39m &amp#27;[2m[           main]&amp#27;[0;39m &amp#27;[2m&amp#27;[0;39m&amp#27;[36mo.apache.catalina.core.StandardService  &amp#27;[0;39m &amp#27;[2m:&amp#27;[0;39m Starting service [Tomcat]
&amp#27;[2m2026-01-18T11:39:16.161+08:00&amp#27;[0;39m &amp#27;[32m INFO&amp#27;[0;39m &amp#27;[35m88348&amp#27;[0;39m &amp#27;[2m---&amp#27;[0;39m &amp#27;[2m[           main]&amp#27;[0;39m &amp#27;[2m&amp#27;[0;39m&amp#27;[36mo.apache.catalina.core.StandardEngine   &amp#27;[0;39m &amp#27;[2m:&amp#27;[0;39m Starting Servlet engine: [Apache Tomcat/10.1.16]
&amp#27;[2m2026-01-18T11:39:16.174+08:00&amp#27;[0;39m &amp#27;[32m INFO&amp#27;[0;39m &amp#27;[35m88348&amp#27;[0;39m &amp#27;[2m---&amp#27;[0;39m &amp#27;[2m[           main]&amp#27;[0;39m &amp#27;[2m&amp#27;[0;39m&amp#27;[36mo.a.c.c.C.[Tomcat].[localhost].[/]      &amp#27;[0;39m &amp#27;[2m:&amp#27;[0;39m Initializing Spring embedded WebApplicationContext
&amp#27;[2m2026-01-18T11:39:16.174+08:00&amp#27;[0;39m &amp#27;[32m INFO&amp#27;[0;39m &amp#27;[35m88348&amp#27;[0;39m &amp#27;[2m---&amp#27;[0;39m &amp#27;[2m[           main]&amp#27;[0;39m &amp#27;[2m&amp#27;[0;39m&amp#27;[36mw.s.c.ServletWebServerApplicationContext&amp#27;[0;39m &amp#27;[2m:&amp#27;[0;39m Root WebApplicationContext: initialization completed in 116 ms
&amp#27;[2m2026-01-18T11:39:16.190+08:00&amp#27;[0;39m &amp#27;[32m INFO&amp#27;[0;39m &amp#27;[35m88348&amp#27;[0;39m &amp#27;[2m---&amp#27;[0;39m &amp#27;[2m[           main]&amp#27;[0;39m &amp#27;[2m&amp#27;[0;39m&amp#27;[36mcom.zaxxer.hikari.HikariDataSource      &amp#27;[0;39m &amp#27;[2m:&amp#27;[0;39m HikariPool-26 - Starting...
&amp#27;[2m2026-01-18T11:39:16.190+08:00&amp#27;[0;39m &amp#27;[32m INFO&amp#27;[0;39m &amp#27;[35m88348&amp#27;[0;39m &amp#27;[2m---&amp#27;[0;39m &amp#27;[2m[           main]&amp#27;[0;39m &amp#27;[2m&amp#27;[0;39m&amp#27;[36mcom.zaxxer.hikari.pool.HikariPool       &amp#27;[0;39m &amp#27;[2m:&amp#27;[0;39m HikariPool-26 - Added connection conn250: url=jdbc:h2:mem:solocoffee user=SA
&amp#27;[2m2026-01-18T11:39:16.190+08:00&amp#27;[0;39m &amp#27;[32m INFO&amp#27;[0;39m &amp#27;[35m88348&amp#27;[0;39m &amp#27;[2m---&amp#27;[0;39m &amp#27;[2m[           main]&amp#27;[0;39m &amp#27;[2m&amp#27;[0;39m&amp#27;[36mcom.zaxxer.hikari.HikariDataSource      &amp#27;[0;39m &amp#27;[2m:&amp#27;[0;39m HikariPool-26 - Start completed.
&amp#27;[2m2026-01-18T11:39:16.190+08:00&amp#27;[0;39m &amp#27;[32m INFO&amp#27;[0;39m &amp#27;[35m88348&amp#27;[0;39m &amp#27;[2m---&amp#27;[0;39m &amp#27;[2m[           main]&amp#27;[0;39m &amp#27;[2m&amp#27;[0;39m&amp#27;[36mo.s.b.a.h2.H2ConsoleAutoConfiguration   &amp#27;[0;39m &amp#27;[2m:&amp#27;[0;39m H2 console available at '/h2-console'. Database available at 'jdbc:h2:mem:solocoffee'
&amp#27;[2m2026-01-18T11:39:16.207+08:00&amp#27;[0;39m &amp#27;[32m INFO&amp#27;[0;39m &amp#27;[35m88348&amp#27;[0;39m &amp#27;[2m---&amp#27;[0;39m &amp#27;[2m[           main]&amp#27;[0;39m &amp#27;[2m&amp#27;[0;39m&amp#27;[36mo.hibernate.jpa.internal.util.LogHelper &amp#27;[0;39m &amp#27;[2m:&amp#27;[0;39m HHH000204: Processing PersistenceUnitInfo [name: default]
&amp#27;[2m2026-01-18T11:39:16.208+08:00&amp#27;[0;39m &amp#27;[32m INFO&amp#27;[0;39m &amp#27;[35m88348&amp#27;[0;39m &amp#27;[2m---&amp#27;[0;39m &amp#27;[2m[           main]&amp#27;[0;39m &amp#27;[2m&amp#27;[0;39m&amp#27;[36mo.h.c.internal.RegionFactoryInitiator   &amp#27;[0;39m &amp#27;[2m:&amp#27;[0;39m HHH000026: Second-level cache disabled
&amp#27;[2m2026-01-18T11:39:16.209+08:00&amp#27;[0;39m &amp#27;[32m INFO&amp#27;[0;39m &amp#27;[35m88348&amp#27;[0;39m &amp#27;[2m---&amp#27;[0;39m &amp#27;[2m[           main]&amp#27;[0;39m &amp#27;[2m&amp#27;[0;39m&amp#27;[36mo.s.o.j.p.SpringPersistenceUnitInfo     &amp#27;[0;39m &amp#27;[2m:&amp#27;[0;39m No LoadTimeWeaver setup: ignoring JPA class transformer
&amp#27;[2m2026-01-18T11:39:16.209+08:00&amp#27;[0;39m &amp#27;[33m WARN&amp#27;[0;39m &amp#27;[35m88348&amp#27;[0;39m &amp#27;[2m---&amp#27;[0;39m &amp#27;[2m[           main]&amp#27;[0;39m &amp#27;[2m&amp#27;[0;39m&amp#27;[36morg.hibernate.orm.deprecation           &amp#27;[0;39m &amp#27;[2m:&amp#27;[0;39m HHH90000025: H2Dialect does not need to be specified explicitly using 'hibernate.dialect' (remove the property setting and it will be selected by default)
&amp#27;[2m2026-01-18T11:39:16.249+08:00&amp#27;[0;39m &amp#27;[32m INFO&amp#27;[0;39m &amp#27;[35m88348&amp#27;[0;39m &amp#27;[2m---&amp#27;[0;39m &amp#27;[2m[           main]&amp#27;[0;39m &amp#27;[2m&amp#27;[0;39m&amp#27;[36mo.h.e.t.j.p.i.JtaPlatformInitiator      &amp#27;[0;39m &amp#27;[2m:&amp#27;[0;39m HHH000489: No JTA platform available (set 'hibernate.transaction.jta.platform' to enable JTA platform integration)
Hibernate: drop table if exists category cascade 
Hibernate: drop table if exists customers cascade 
Hibernate: drop table if exists employee cascade 
Hibernate: drop table if exists inventory cascade 
Hibernate: drop table if exists member_levels cascade 
Hibernate: drop table if exists order_items cascade 
Hibernate: drop table if exists orders cascade 
Hibernate: drop table if exists points_records cascade 
Hibernate: drop table if exists product_bom cascade 
Hibernate: drop table if exists products cascade 
Hibernate: drop table if exists raw_material_inventory cascade 
Hibernate: drop table if exists raw_materials cascade 
Hibernate: drop table if exists stores cascade 
Hibernate: create table category (sort_order integer, created_at timestamp(6) not null, id bigint generated by default as identity, updated_at timestamp(6) not null, category_name varchar(255) not null unique, description varchar(255), primary key (id))
Hibernate: create table customers (points int default 0 not null, created_at timestamp(6) not null, id bigint generated by default as identity, last_visit_at timestamp(6), member_level_id bigint, updated_at timestamp(6) not null, avatar_url varchar(255), email varchar(255), name varchar(255), phone varchar(255) not null unique, wechat_open_id varchar(255) unique, primary key (id))
Hibernate: create table employee (status integer not null, created_at timestamp(6) not null, hire_date timestamp(6) not null, id bigint generated by default as identity, store_id bigint not null, updated_at timestamp(6) not null, email varchar(255), employee_id varchar(255) not null unique, name varchar(255) not null, phone varchar(255) not null, position varchar(255) not null, primary key (id))
Hibernate: create table inventory (quantity numeric(38,2) not null, warning_threshold numeric(38,2) not null, created_at timestamp(6) not null, id bigint generated by default as identity, last_purchase_at timestamp(6), last_stocktaking_at timestamp(6), product_id bigint not null, store_id bigint not null, updated_at timestamp(6) not null, unit varchar(255) not null, primary key (id))
Hibernate: create table member_levels (discount_rate numeric(38,2), min_points integer not null, created_at timestamp(6) not null, id bigint generated by default as identity, updated_at timestamp(6) not null, description varchar(255), name varchar(255) not null, primary key (id))
Hibernate: create table order_items (price numeric(38,2) not null, quantity integer not null, subtotal numeric(38,2) not null, id bigint generated by default as identity, order_id bigint not null, product_id bigint not null, options varchar(255), product_name varchar(255) not null, primary key (id))
Hibernate: create table orders (actual_amount numeric(38,2) not null, order_status integer not null, payment_method integer not null, total_amount numeric(38,2) not null, created_at timestamp(6) not null, customer_id bigint, id bigint generated by default as identity, pickup_time timestamp(6), store_id bigint not null, updated_at timestamp(6) not null, order_no varchar(255) not null unique, remarks varchar(255), primary key (id))
Hibernate: create table points_records (points integer not null, type integer not null, created_at timestamp(6) not null, customer_id bigint not null, id bigint generated by default as identity, related_id bigint, description varchar(255), primary key (id))
Hibernate: create table product_bom (is_main boolean, quantity numeric(38,2) not null, created_at timestamp(6) not null, id bigint generated by default as identity, material_id bigint not null, product_id bigint not null, updated_at timestamp(6) not null, description varchar(255), unit varchar(255) not null, primary key (id))
Hibernate: create table products (price numeric(38,2) not null, status integer not null, category_id bigint not null, created_at timestamp(6) not null, id bigint generated by default as identity, updated_at timestamp(6) not null, description varchar(255), image_url varchar(255), name varchar(255) not null, product_no varchar(255) not null unique, primary key (id))
Hibernate: create table raw_material_inventory (quantity numeric(38,2) not null, warning_threshold numeric(38,2) not null, created_at timestamp(6) not null, id bigint generated by default as identity, last_purchase_at timestamp(6), last_stocktaking_at timestamp(6), material_id bigint not null, store_id bigint not null, updated_at timestamp(6) not null, primary key (id))
Hibernate: create table raw_materials (status integer not null, created_at timestamp(6) not null, id bigint generated by default as identity, supplier_id bigint, updated_at timestamp(6) not null, category varchar(255), description varchar(255), material_no varchar(255) not null unique, name varchar(255) not null, unit varchar(255) not null, primary key (id))
Hibernate: create table stores (status integer not null, created_at timestamp(6) not null, id bigint generated by default as identity, manager_id bigint, updated_at timestamp(6) not null, address varchar(255) not null, business_hours varchar(255) not null, email varchar(255), name varchar(255) not null, phone varchar(255) not null, primary key (id))
Hibernate: alter table if exists order_items add constraint FKbioxgbv59vetrxe0ejfubep1w foreign key (order_id) references orders
&amp#27;[2m2026-01-18T11:39:16.252+08:00&amp#27;[0;39m &amp#27;[32m INFO&amp#27;[0;39m &amp#27;[35m88348&amp#27;[0;39m &amp#27;[2m---&amp#27;[0;39m &amp#27;[2m[           main]&amp#27;[0;39m &amp#27;[2m&amp#27;[0;39m&amp#27;[36mj.LocalContainerEntityManagerFactoryBean&amp#27;[0;39m &amp#27;[2m:&amp#27;[0;39m Initialized JPA EntityManagerFactory for persistence unit 'default'
&amp#27;[2m2026-01-18T11:39:16.344+08:00&amp#27;[0;39m &amp#27;[33m WARN&amp#27;[0;39m &amp#27;[35m88348&amp#27;[0;39m &amp#27;[2m---&amp#27;[0;39m &amp#27;[2m[           main]&amp#27;[0;39m &amp#27;[2m&amp#27;[0;39m&amp#27;[36mJpaBaseConfiguration$JpaWebConfiguration&amp#27;[0;39m &amp#27;[2m:&amp#27;[0;39m spring.jpa.open-in-view is enabled by default. Therefore, database queries may be performed during view rendering. Explicitly configure spring.jpa.open-in-view to disable this warning
&amp#27;[2m2026-01-18T11:39:16.431+08:00&amp#27;[0;39m &amp#27;[32m INFO&amp#27;[0;39m &amp#27;[35m88348&amp#27;[0;39m &amp#27;[2m---&amp#27;[0;39m &amp#27;[2m[           main]&amp#27;[0;39m &amp#27;[2m&amp#27;[0;39m&amp#27;[36mo.s.b.a.e.web.EndpointLinksResolver     &amp#27;[0;39m &amp#27;[2m:&amp#27;[0;39m Exposing 13 endpoint(s) beneath base path '/actuator'
&amp#27;[2m2026-01-18T11:39:16.435+08:00&amp#27;[0;39m &amp#27;[32m INFO&amp#27;[0;39m &amp#27;[35m88348&amp#27;[0;39m &amp#27;[2m---&amp#27;[0;39m &amp#27;[2m[           main]&amp#27;[0;39m &amp#27;[2m&amp#27;[0;39m&amp#27;[36mo.s.s.web.DefaultSecurityFilterChain    &amp#27;[0;39m &amp#27;[2m:&amp#27;[0;39m Will secure any request with [org.springframework.security.web.session.DisableEncodeUrlFilter@21d96dda, org.springframework.security.web.context.request.async.WebAsyncManagerIntegrationFilter@64129ceb, org.springframework.security.web.context.SecurityContextHolderFilter@9a1767e, org.springframework.security.web.header.HeaderWriterFilter@42934ff2, org.springframework.web.filter.CorsFilter@1adef66b, org.springframework.security.web.authentication.logout.LogoutFilter@84d47b5, org.springframework.security.web.savedrequest.RequestCacheAwareFilter@554b821, org.springframework.security.web.servletapi.SecurityContextHolderAwareRequestFilter@1cad7488, org.springframework.security.web.authentication.AnonymousAuthenticationFilter@3f6f22fc, org.springframework.security.web.access.ExceptionTranslationFilter@6af64d08, org.springframework.security.web.access.intercept.FilterSecurityInterceptor@5a542ea7]
&amp#27;[2m2026-01-18T11:39:16.491+08:00&amp#27;[0;39m &amp#27;[32m INFO&amp#27;[0;39m &amp#27;[35m88348&amp#27;[0;39m &amp#27;[2m---&amp#27;[0;39m &amp#27;[2m[           main]&amp#27;[0;39m &amp#27;[2m&amp#27;[0;39m&amp#27;[36mo.s.b.w.embedded.tomcat.TomcatWebServer &amp#27;[0;39m &amp#27;[2m:&amp#27;[0;39m Tomcat started on port 61596 (http) with context path ''
&amp#27;[2m2026-01-18T11:39:16.492+08:00&amp#27;[0;39m &amp#27;[32m INFO&amp#27;[0;39m &amp#27;[35m88348&amp#27;[0;39m &amp#27;[2m---&amp#27;[0;39m &amp#27;[2m[           main]&amp#27;[0;39m &amp#27;[2m&amp#27;[0;39m&amp#27;[36mc.s.b.integration.BOMIntegrationTest    &amp#27;[0;39m &amp#27;[2m:&amp#27;[0;39m Started BOMIntegrationTest in 0.441 seconds (process running for 291.251)
&amp#27;[2m2026-01-18T11:39:16.496+08:00&amp#27;[0;39m &amp#27;[32m INFO&amp#27;[0;39m &amp#27;[35m88348&amp#27;[0;39m &amp#27;[2m---&amp#27;[0;39m &amp#27;[2m[-auto-26-exec-1]&amp#27;[0;39m &amp#27;[2m&amp#27;[0;39m&amp#27;[36mo.a.c.c.C.[Tomcat].[localhost].[/]      &amp#27;[0;39m &amp#27;[2m:&amp#27;[0;39m Initializing Spring DispatcherServlet 'dispatcherServlet'
&amp#27;[2m2026-01-18T11:39:16.496+08:00&amp#27;[0;39m &amp#27;[32m INFO&amp#27;[0;39m &amp#27;[35m88348&amp#27;[0;39m &amp#27;[2m---&amp#27;[0;39m &amp#27;[2m[-auto-26-exec-1]&amp#27;[0;39m &amp#27;[2m&amp#27;[0;39m&amp#27;[36mo.s.web.servlet.DispatcherServlet       &amp#27;[0;39m &amp#27;[2m:&amp#27;[0;39m Initializing Servlet 'dispatcherServlet'
&amp#27;[2m2026-01-18T11:39:16.497+08:00&amp#27;[0;39m &amp#27;[32m INFO&amp#27;[0;39m &amp#27;[35m88348&amp#27;[0;39m &amp#27;[2m---&amp#27;[0;39m &amp#27;[2m[-auto-26-exec-1]&amp#27;[0;39m &amp#27;[2m&amp#27;[0;39m&amp#27;[36mo.s.web.servlet.DispatcherServlet       &amp#27;[0;39m &amp#27;[2m:&amp#27;[0;39m Completed initialization in 1 ms
&amp#27;[2m2026-01-18T11:39:16.497+08:00&amp#27;[0;39m &amp#27;[33m WARN&amp#27;[0;39m &amp#27;[35m88348&amp#27;[0;39m &amp#27;[2m---&amp#27;[0;39m &amp#27;[2m[-auto-26-exec-1]&amp#27;[0;39m &amp#27;[2m&amp#27;[0;39m&amp#27;[36mo.s.w.s.h.HandlerMappingIntrospector    &amp#27;[0;39m &amp#27;[2m:&amp#27;[0;39m Cache miss for REQUEST dispatch to '/api/v1/categories' (previous null). Performing CorsConfiguration lookup. This is logged once only at WARN level, and every time at TRACE.
&amp#27;[2m2026-01-18T11:39:16.498+08:00&amp#27;[0;39m &amp#27;[32mDEBUG&amp#27;[0;39m &amp#27;[35m88348&amp#27;[0;39m &amp#27;[2m---&amp#27;[0;39m &amp#27;[2m[-auto-26-exec-1]&amp#27;[0;39m &amp#27;[2m&amp#27;[0;39m&amp#27;[36mc.s.b.controller.CategoryController     &amp#27;[0;39m &amp#27;[2m:&amp#27;[0;39m 开始创建分类: com.solocoffee.backend.entity.Category@48630910
&amp#27;[2m2026-01-18T11:39:16.498+08:00&amp#27;[0;39m &amp#27;[32mDEBUG&amp#27;[0;39m &amp#27;[35m88348&amp#27;[0;39m &amp#27;[2m---&amp#27;[0;39m &amp#27;[2m[-auto-26-exec-1]&amp#27;[0;39m &amp#27;[2m&amp#27;[0;39m&amp#27;[36mc.s.backend.service.CategoryService     &amp#27;[0;39m &amp#27;[2m:&amp#27;[0;39m 开始创建分类: com.solocoffee.backend.entity.Category@48630910
Hibernate: insert into category (category_name,created_at,description,sort_order,updated_at,id) values (?,?,?,?,?,default)
&amp#27;[2m2026-01-18T11:39:16.499+08:00&amp#27;[0;39m &amp#27;[32mDEBUG&amp#27;[0;39m &amp#27;[35m88348&amp#27;[0;39m &amp#27;[2m---&amp#27;[0;39m &amp#27;[2m[-auto-26-exec-1]&amp#27;[0;39m &amp#27;[2m&amp#27;[0;39m&amp#27;[36mc.s.b.controller.CategoryController     &amp#27;[0;39m &amp#27;[2m:&amp#27;[0;39m 分类创建成功: com.solocoffee.backend.entity.Category@48630910
Hibernate: insert into products (category_id,created_at,description,image_url,name,price,product_no,status,updated_at,id) values (?,?,?,?,?,?,?,?,?,default)
Hibernate: insert into products (category_id,created_at,description,image_url,name,price,product_no,status,updated_at,id) values (?,?,?,?,?,?,?,?,?,default)
Hibernate: insert into customers (avatar_url,created_at,email,last_visit_at,member_level_id,name,phone,points,updated_at,wechat_open_id,id) values (?,?,?,?,?,?,?,?,?,?,default)
&amp#27;[2m2026-01-18T11:39:16.514+08:00&amp#27;[0;39m &amp#27;[32mDEBUG&amp#27;[0;39m &amp#27;[35m88348&amp#27;[0;39m &amp#27;[2m---&amp#27;[0;39m &amp#27;[2m[-auto-26-exec-5]&amp#27;[0;39m &amp#27;[2m&amp#27;[0;39m&amp#27;[36mc.s.backend.controller.StoreController  &amp#27;[0;39m &amp#27;[2m:&amp#27;[0;39m 开始创建门店: Store(id=null, name=Test Store, address=123 Main St, phone=13800138001, email=test@store.com, businessHours=09:00-18:00, managerId=null, status=1, createdAt=null, updatedAt=null)
&amp#27;[2m2026-01-18T11:39:16.515+08:00&amp#27;[0;39m &amp#27;[32mDEBUG&amp#27;[0;39m &amp#27;[35m88348&amp#27;[0;39m &amp#27;[2m---&amp#27;[0;39m &amp#27;[2m[-auto-26-exec-5]&amp#27;[0;39m &amp#27;[2m&amp#27;[0;39m&amp#27;[36mc.s.backend.service.StoreService        &amp#27;[0;39m &amp#27;[2m:&amp#27;[0;39m 开始创建门店: Store(id=null, name=Test Store, address=123 Main St, phone=13800138001, email=test@store.com, businessHours=09:00-18:00, managerId=null, status=1, createdAt=null, updatedAt=null)
Hibernate: insert into stores (address,business_hours,created_at,email,manager_id,name,phone,status,updated_at,id) values (?,?,?,?,?,?,?,?,?,default)
&amp#27;[2m2026-01-18T11:39:16.515+08:00&amp#27;[0;39m &amp#27;[32mDEBUG&amp#27;[0;39m &amp#27;[35m88348&amp#27;[0;39m &amp#27;[2m---&amp#27;[0;39m &amp#27;[2m[-auto-26-exec-5]&amp#27;[0;39m &amp#27;[2m&amp#27;[0;39m&amp#27;[36mc.s.backend.controller.StoreController  &amp#27;[0;39m &amp#27;[2m:&amp#27;[0;39m 门店创建成功: Store(id=1, name=Test Store, address=123 Main St, phone=13800138001, email=test@store.com, businessHours=09:00-18:00, managerId=null, status=1, createdAt=2026-01-18T11:39:16.515237, updatedAt=2026-01-18T11:39:16.515239)
Hibernate: insert into raw_materials (category,created_at,description,material_no,name,status,supplier_id,unit,updated_at,id) values (?,?,?,?,?,?,?,?,?,default)
Hibernate: insert into raw_material_inventory (created_at,last_purchase_at,last_stocktaking_at,material_id,quantity,store_id,updated_at,warning_threshold,id) values (?,?,?,?,?,?,?,?,default)
Hibernate: select rmi1_0.id,rmi1_0.created_at,rmi1_0.last_purchase_at,rmi1_0.last_stocktaking_at,rmi1_0.material_id,rmi1_0.quantity,rmi1_0.store_id,rmi1_0.updated_at,rmi1_0.warning_threshold from raw_material_inventory rmi1_0 where rmi1_0.quantity<=?
]]></system-out>
  </testcase>
  <testcase name="testRawMaterialInventoryOperations" classname="com.solocoffee.backend.integration.BOMIntegrationTest" time="11.492">
    <system-out><![CDATA[&amp#27;[2m2026-01-18T11:39:27.536+08:00&amp#27;[0;39m &amp#27;[33m WARN&amp#27;[0;39m &amp#27;[35m88348&amp#27;[0;39m &amp#27;[2m---&amp#27;[0;39m &amp#27;[2m[           main]&amp#27;[0;39m &amp#27;[2m&amp#27;[0;39m&amp#27;[36morg.apache.tomcat.util.net.Acceptor     &amp#27;[0;39m &amp#27;[2m:&amp#27;[0;39m The acceptor thread [http-nio-auto-26-Acceptor] did not stop cleanly
&amp#27;[2m2026-01-18T11:39:27.542+08:00&amp#27;[0;39m &amp#27;[32m INFO&amp#27;[0;39m &amp#27;[35m88348&amp#27;[0;39m &amp#27;[2m---&amp#27;[0;39m &amp#27;[2m[           main]&amp#27;[0;39m &amp#27;[2m&amp#27;[0;39m&amp#27;[36mj.LocalContainerEntityManagerFactoryBean&amp#27;[0;39m &amp#27;[2m:&amp#27;[0;39m Closing JPA EntityManagerFactory for persistence unit 'default'
Hibernate: drop table if exists category cascade 
Hibernate: drop table if exists customers cascade 
Hibernate: drop table if exists employee cascade 
Hibernate: drop table if exists inventory cascade 
Hibernate: drop table if exists member_levels cascade 
Hibernate: drop table if exists order_items cascade 
Hibernate: drop table if exists orders cascade 
Hibernate: drop table if exists points_records cascade 
Hibernate: drop table if exists product_bom cascade 
Hibernate: drop table if exists products cascade 
Hibernate: drop table if exists raw_material_inventory cascade 
Hibernate: drop table if exists raw_materials cascade 
Hibernate: drop table if exists stores cascade 
&amp#27;[2m2026-01-18T11:39:27.548+08:00&amp#27;[0;39m &amp#27;[32m INFO&amp#27;[0;39m &amp#27;[35m88348&amp#27;[0;39m &amp#27;[2m---&amp#27;[0;39m &amp#27;[2m[           main]&amp#27;[0;39m &amp#27;[2m&amp#27;[0;39m&amp#27;[36mcom.zaxxer.hikari.HikariDataSource      &amp#27;[0;39m &amp#27;[2m:&amp#27;[0;39m HikariPool-26 - Shutdown initiated...
&amp#27;[2m2026-01-18T11:39:27.549+08:00&amp#27;[0;39m &amp#27;[32m INFO&amp#27;[0;39m &amp#27;[35m88348&amp#27;[0;39m &amp#27;[2m---&amp#27;[0;39m &amp#27;[2m[           main]&amp#27;[0;39m &amp#27;[2m&amp#27;[0;39m&amp#27;[36mcom.zaxxer.hikari.HikariDataSource      &amp#27;[0;39m &amp#27;[2m:&amp#27;[0;39m HikariPool-26 - Shutdown completed.

  .   ____          _            __ _ _
 /\\ / ___'_ __ _ _(_)_ __  __ _ \ \ \ \
( ( )\___ | '_ | '_| | '_ \/ _` | \ \ \ \
 \\/  ___)| |_)| | | | | || (_| |  ) ) ) )
  '  |____| .__|_| |_|_| |_\__, | / / / /
 =========|_|==============|___/=/_/_/_/
&amp#27;[32m :: Spring Boot :: &amp#27;[39m              &amp#27;[2m (v3.2.0)&amp#27;[0;39m

&amp#27;[2m2026-01-18T11:39:27.574+08:00&amp#27;[0;39m &amp#27;[32m INFO&amp#27;[0;39m &amp#27;[35m88348&amp#27;[0;39m &amp#27;[2m---&amp#27;[0;39m &amp#27;[2m[           main]&amp#27;[0;39m &amp#27;[2m&amp#27;[0;39m&amp#27;[36mc.s.b.integration.BOMIntegrationTest    &amp#27;[0;39m &amp#27;[2m:&amp#27;[0;39m Starting BOMIntegrationTest using Java 23.0.2 with PID 88348 (started by qixin in /Users/qixin/Google 云端硬盘/教学/企业级应用软件设计与开发/2026/TraeProjects/solo-coffee/backend)
&amp#27;[2m2026-01-18T11:39:27.574+08:00&amp#27;[0;39m &amp#27;[32mDEBUG&amp#27;[0;39m &amp#27;[35m88348&amp#27;[0;39m &amp#27;[2m---&amp#27;[0;39m &amp#27;[2m[           main]&amp#27;[0;39m &amp#27;[2m&amp#27;[0;39m&amp#27;[36mc.s.b.integration.BOMIntegrationTest    &amp#27;[0;39m &amp#27;[2m:&amp#27;[0;39m Running with Spring Boot v3.2.0, Spring v6.1.1
&amp#27;[2m2026-01-18T11:39:27.574+08:00&amp#27;[0;39m &amp#27;[32m INFO&amp#27;[0;39m &amp#27;[35m88348&amp#27;[0;39m &amp#27;[2m---&amp#27;[0;39m &amp#27;[2m[           main]&amp#27;[0;39m &amp#27;[2m&amp#27;[0;39m&amp#27;[36mc.s.b.integration.BOMIntegrationTest    &amp#27;[0;39m &amp#27;[2m:&amp#27;[0;39m The following 1 profile is active: "test"
&amp#27;[2m2026-01-18T11:39:27.646+08:00&amp#27;[0;39m &amp#27;[32m INFO&amp#27;[0;39m &amp#27;[35m88348&amp#27;[0;39m &amp#27;[2m---&amp#27;[0;39m &amp#27;[2m[           main]&amp#27;[0;39m &amp#27;[2m&amp#27;[0;39m&amp#27;[36m.s.d.r.c.RepositoryConfigurationDelegate&amp#27;[0;39m &amp#27;[2m:&amp#27;[0;39m Bootstrapping Spring Data JPA repositories in DEFAULT mode.
&amp#27;[2m2026-01-18T11:39:27.651+08:00&amp#27;[0;39m &amp#27;[32m INFO&amp#27;[0;39m &amp#27;[35m88348&amp#27;[0;39m &amp#27;[2m---&amp#27;[0;39m &amp#27;[2m[           main]&amp#27;[0;39m &amp#27;[2m&amp#27;[0;39m&amp#27;[36m.s.d.r.c.RepositoryConfigurationDelegate&amp#27;[0;39m &amp#27;[2m:&amp#27;[0;39m Finished Spring Data repository scanning in 4 ms. Found 11 JPA repository interfaces.
&amp#27;[2m2026-01-18T11:39:27.703+08:00&amp#27;[0;39m &amp#27;[32m INFO&amp#27;[0;39m &amp#27;[35m88348&amp#27;[0;39m &amp#27;[2m---&amp#27;[0;39m &amp#27;[2m[           main]&amp#27;[0;39m &amp#27;[2m&amp#27;[0;39m&amp#27;[36mo.s.b.w.embedded.tomcat.TomcatWebServer &amp#27;[0;39m &amp#27;[2m:&amp#27;[0;39m Tomcat initialized with port 0 (http)
&amp#27;[2m2026-01-18T11:39:27.704+08:00&amp#27;[0;39m &amp#27;[32m INFO&amp#27;[0;39m &amp#27;[35m88348&amp#27;[0;39m &amp#27;[2m---&amp#27;[0;39m &amp#27;[2m[           main]&amp#27;[0;39m &amp#27;[2m&amp#27;[0;39m&amp#27;[36mo.apache.catalina.core.StandardService  &amp#27;[0;39m &amp#27;[2m:&amp#27;[0;39m Starting service [Tomcat]
&amp#27;[2m2026-01-18T11:39:27.704+08:00&amp#27;[0;39m &amp#27;[32m INFO&amp#27;[0;39m &amp#27;[35m88348&amp#27;[0;39m &amp#27;[2m---&amp#27;[0;39m &amp#27;[2m[           main]&amp#27;[0;39m &amp#27;[2m&amp#27;[0;39m&amp#27;[36mo.apache.catalina.core.StandardEngine   &amp#27;[0;39m &amp#27;[2m:&amp#27;[0;39m Starting Servlet engine: [Apache Tomcat/10.1.16]
&amp#27;[2m2026-01-18T11:39:27.716+08:00&amp#27;[0;39m &amp#27;[32m INFO&amp#27;[0;39m &amp#27;[35m88348&amp#27;[0;39m &amp#27;[2m---&amp#27;[0;39m &amp#27;[2m[           main]&amp#27;[0;39m &amp#27;[2m&amp#27;[0;39m&amp#27;[36mo.a.c.c.C.[Tomcat].[localhost].[/]      &amp#27;[0;39m &amp#27;[2m:&amp#27;[0;39m Initializing Spring embedded WebApplicationContext
&amp#27;[2m2026-01-18T11:39:27.716+08:00&amp#27;[0;39m &amp#27;[32m INFO&amp#27;[0;39m &amp#27;[35m88348&amp#27;[0;39m &amp#27;[2m---&amp#27;[0;39m &amp#27;[2m[           main]&amp#27;[0;39m &amp#27;[2m&amp#27;[0;39m&amp#27;[36mw.s.c.ServletWebServerApplicationContext&amp#27;[0;39m &amp#27;[2m:&amp#27;[0;39m Root WebApplicationContext: initialization completed in 141 ms
&amp#27;[2m2026-01-18T11:39:27.729+08:00&amp#27;[0;39m &amp#27;[32m INFO&amp#27;[0;39m &amp#27;[35m88348&amp#27;[0;39m &amp#27;[2m---&amp#27;[0;39m &amp#27;[2m[           main]&amp#27;[0;39m &amp#27;[2m&amp#27;[0;39m&amp#27;[36mcom.zaxxer.hikari.HikariDataSource      &amp#27;[0;39m &amp#27;[2m:&amp#27;[0;39m HikariPool-27 - Starting...
&amp#27;[2m2026-01-18T11:39:27.730+08:00&amp#27;[0;39m &amp#27;[32m INFO&amp#27;[0;39m &amp#27;[35m88348&amp#27;[0;39m &amp#27;[2m---&amp#27;[0;39m &amp#27;[2m[           main]&amp#27;[0;39m &amp#27;[2m&amp#27;[0;39m&amp#27;[36mcom.zaxxer.hikari.pool.HikariPool       &amp#27;[0;39m &amp#27;[2m:&amp#27;[0;39m HikariPool-27 - Added connection conn260: url=jdbc:h2:mem:solocoffee user=SA
&amp#27;[2m2026-01-18T11:39:27.730+08:00&amp#27;[0;39m &amp#27;[32m INFO&amp#27;[0;39m &amp#27;[35m88348&amp#27;[0;39m &amp#27;[2m---&amp#27;[0;39m &amp#27;[2m[           main]&amp#27;[0;39m &amp#27;[2m&amp#27;[0;39m&amp#27;[36mcom.zaxxer.hikari.HikariDataSource      &amp#27;[0;39m &amp#27;[2m:&amp#27;[0;39m HikariPool-27 - Start completed.
&amp#27;[2m2026-01-18T11:39:27.730+08:00&amp#27;[0;39m &amp#27;[32m INFO&amp#27;[0;39m &amp#27;[35m88348&amp#27;[0;39m &amp#27;[2m---&amp#27;[0;39m &amp#27;[2m[           main]&amp#27;[0;39m &amp#27;[2m&amp#27;[0;39m&amp#27;[36mo.s.b.a.h2.H2ConsoleAutoConfiguration   &amp#27;[0;39m &amp#27;[2m:&amp#27;[0;39m H2 console available at '/h2-console'. Database available at 'jdbc:h2:mem:solocoffee'
&amp#27;[2m2026-01-18T11:39:27.744+08:00&amp#27;[0;39m &amp#27;[32m INFO&amp#27;[0;39m &amp#27;[35m88348&amp#27;[0;39m &amp#27;[2m---&amp#27;[0;39m &amp#27;[2m[           main]&amp#27;[0;39m &amp#27;[2m&amp#27;[0;39m&amp#27;[36mo.hibernate.jpa.internal.util.LogHelper &amp#27;[0;39m &amp#27;[2m:&amp#27;[0;39m HHH000204: Processing PersistenceUnitInfo [name: default]
&amp#27;[2m2026-01-18T11:39:27.744+08:00&amp#27;[0;39m &amp#27;[32m INFO&amp#27;[0;39m &amp#27;[35m88348&amp#27;[0;39m &amp#27;[2m---&amp#27;[0;39m &amp#27;[2m[           main]&amp#27;[0;39m &amp#27;[2m&amp#27;[0;39m&amp#27;[36mo.h.c.internal.RegionFactoryInitiator   &amp#27;[0;39m &amp#27;[2m:&amp#27;[0;39m HHH000026: Second-level cache disabled
&amp#27;[2m2026-01-18T11:39:27.745+08:00&amp#27;[0;39m &amp#27;[32m INFO&amp#27;[0;39m &amp#27;[35m88348&amp#27;[0;39m &amp#27;[2m---&amp#27;[0;39m &amp#27;[2m[           main]&amp#27;[0;39m &amp#27;[2m&amp#27;[0;39m&amp#27;[36mo.s.o.j.p.SpringPersistenceUnitInfo     &amp#27;[0;39m &amp#27;[2m:&amp#27;[0;39m No LoadTimeWeaver setup: ignoring JPA class transformer
&amp#27;[2m2026-01-18T11:39:27.745+08:00&amp#27;[0;39m &amp#27;[33m WARN&amp#27;[0;39m &amp#27;[35m88348&amp#27;[0;39m &amp#27;[2m---&amp#27;[0;39m &amp#27;[2m[           main]&amp#27;[0;39m &amp#27;[2m&amp#27;[0;39m&amp#27;[36morg.hibernate.orm.deprecation           &amp#27;[0;39m &amp#27;[2m:&amp#27;[0;39m HHH90000025: H2Dialect does not need to be specified explicitly using 'hibernate.dialect' (remove the property setting and it will be selected by default)
&amp#27;[2m2026-01-18T11:39:27.769+08:00&amp#27;[0;39m &amp#27;[32m INFO&amp#27;[0;39m &amp#27;[35m88348&amp#27;[0;39m &amp#27;[2m---&amp#27;[0;39m &amp#27;[2m[           main]&amp#27;[0;39m &amp#27;[2m&amp#27;[0;39m&amp#27;[36mo.h.e.t.j.p.i.JtaPlatformInitiator      &amp#27;[0;39m &amp#27;[2m:&amp#27;[0;39m HHH000489: No JTA platform available (set 'hibernate.transaction.jta.platform' to enable JTA platform integration)
Hibernate: drop table if exists category cascade 
Hibernate: drop table if exists customers cascade 
Hibernate: drop table if exists employee cascade 
Hibernate: drop table if exists inventory cascade 
Hibernate: drop table if exists member_levels cascade 
Hibernate: drop table if exists order_items cascade 
Hibernate: drop table if exists orders cascade 
Hibernate: drop table if exists points_records cascade 
Hibernate: drop table if exists product_bom cascade 
Hibernate: drop table if exists products cascade 
Hibernate: drop table if exists raw_material_inventory cascade 
Hibernate: drop table if exists raw_materials cascade 
Hibernate: drop table if exists stores cascade 
Hibernate: create table category (sort_order integer, created_at timestamp(6) not null, id bigint generated by default as identity, updated_at timestamp(6) not null, category_name varchar(255) not null unique, description varchar(255), primary key (id))
Hibernate: create table customers (points int default 0 not null, created_at timestamp(6) not null, id bigint generated by default as identity, last_visit_at timestamp(6), member_level_id bigint, updated_at timestamp(6) not null, avatar_url varchar(255), email varchar(255), name varchar(255), phone varchar(255) not null unique, wechat_open_id varchar(255) unique, primary key (id))
Hibernate: create table employee (status integer not null, created_at timestamp(6) not null, hire_date timestamp(6) not null, id bigint generated by default as identity, store_id bigint not null, updated_at timestamp(6) not null, email varchar(255), employee_id varchar(255) not null unique, name varchar(255) not null, phone varchar(255) not null, position varchar(255) not null, primary key (id))
Hibernate: create table inventory (quantity numeric(38,2) not null, warning_threshold numeric(38,2) not null, created_at timestamp(6) not null, id bigint generated by default as identity, last_purchase_at timestamp(6), last_stocktaking_at timestamp(6), product_id bigint not null, store_id bigint not null, updated_at timestamp(6) not null, unit varchar(255) not null, primary key (id))
Hibernate: create table member_levels (discount_rate numeric(38,2), min_points integer not null, created_at timestamp(6) not null, id bigint generated by default as identity, updated_at timestamp(6) not null, description varchar(255), name varchar(255) not null, primary key (id))
Hibernate: create table order_items (price numeric(38,2) not null, quantity integer not null, subtotal numeric(38,2) not null, id bigint generated by default as identity, order_id bigint not null, product_id bigint not null, options varchar(255), product_name varchar(255) not null, primary key (id))
Hibernate: create table orders (actual_amount numeric(38,2) not null, order_status integer not null, payment_method integer not null, total_amount numeric(38,2) not null, created_at timestamp(6) not null, customer_id bigint, id bigint generated by default as identity, pickup_time timestamp(6), store_id bigint not null, updated_at timestamp(6) not null, order_no varchar(255) not null unique, remarks varchar(255), primary key (id))
Hibernate: create table points_records (points integer not null, type integer not null, created_at timestamp(6) not null, customer_id bigint not null, id bigint generated by default as identity, related_id bigint, description varchar(255), primary key (id))
Hibernate: create table product_bom (is_main boolean, quantity numeric(38,2) not null, created_at timestamp(6) not null, id bigint generated by default as identity, material_id bigint not null, product_id bigint not null, updated_at timestamp(6) not null, description varchar(255), unit varchar(255) not null, primary key (id))
Hibernate: create table products (price numeric(38,2) not null, status integer not null, category_id bigint not null, created_at timestamp(6) not null, id bigint generated by default as identity, updated_at timestamp(6) not null, description varchar(255), image_url varchar(255), name varchar(255) not null, product_no varchar(255) not null unique, primary key (id))
Hibernate: create table raw_material_inventory (quantity numeric(38,2) not null, warning_threshold numeric(38,2) not null, created_at timestamp(6) not null, id bigint generated by default as identity, last_purchase_at timestamp(6), last_stocktaking_at timestamp(6), material_id bigint not null, store_id bigint not null, updated_at timestamp(6) not null, primary key (id))
Hibernate: create table raw_materials (status integer not null, created_at timestamp(6) not null, id bigint generated by default as identity, supplier_id bigint, updated_at timestamp(6) not null, category varchar(255), description varchar(255), material_no varchar(255) not null unique, name varchar(255) not null, unit varchar(255) not null, primary key (id))
Hibernate: create table stores (status integer not null, created_at timestamp(6) not null, id bigint generated by default as identity, manager_id bigint, updated_at timestamp(6) not null, address varchar(255) not null, business_hours varchar(255) not null, email varchar(255), name varchar(255) not null, phone varchar(255) not null, primary key (id))
Hibernate: alter table if exists order_items add constraint FKbioxgbv59vetrxe0ejfubep1w foreign key (order_id) references orders
&amp#27;[2m2026-01-18T11:39:27.771+08:00&amp#27;[0;39m &amp#27;[32m INFO&amp#27;[0;39m &amp#27;[35m88348&amp#27;[0;39m &amp#27;[2m---&amp#27;[0;39m &amp#27;[2m[           main]&amp#27;[0;39m &amp#27;[2m&amp#27;[0;39m&amp#27;[36mj.LocalContainerEntityManagerFactoryBean&amp#27;[0;39m &amp#27;[2m:&amp#27;[0;39m Initialized JPA EntityManagerFactory for persistence unit 'default'
&amp#27;[2m2026-01-18T11:39:27.830+08:00&amp#27;[0;39m &amp#27;[33m WARN&amp#27;[0;39m &amp#27;[35m88348&amp#27;[0;39m &amp#27;[2m---&amp#27;[0;39m &amp#27;[2m[           main]&amp#27;[0;39m &amp#27;[2m&amp#27;[0;39m&amp#27;[36mJpaBaseConfiguration$JpaWebConfiguration&amp#27;[0;39m &amp#27;[2m:&amp#27;[0;39m spring.jpa.open-in-view is enabled by default. Therefore, database queries may be performed during view rendering. Explicitly configure spring.jpa.open-in-view to disable this warning
&amp#27;[2m2026-01-18T11:39:27.906+08:00&amp#27;[0;39m &amp#27;[32m INFO&amp#27;[0;39m &amp#27;[35m88348&amp#27;[0;39m &amp#27;[2m---&amp#27;[0;39m &amp#27;[2m[           main]&amp#27;[0;39m &amp#27;[2m&amp#27;[0;39m&amp#27;[36mo.s.b.a.e.web.EndpointLinksResolver     &amp#27;[0;39m &amp#27;[2m:&amp#27;[0;39m Exposing 13 endpoint(s) beneath base path '/actuator'
&amp#27;[2m2026-01-18T11:39:27.910+08:00&amp#27;[0;39m &amp#27;[32m INFO&amp#27;[0;39m &amp#27;[35m88348&amp#27;[0;39m &amp#27;[2m---&amp#27;[0;39m &amp#27;[2m[           main]&amp#27;[0;39m &amp#27;[2m&amp#27;[0;39m&amp#27;[36mo.s.s.web.DefaultSecurityFilterChain    &amp#27;[0;39m &amp#27;[2m:&amp#27;[0;39m Will secure any request with [org.springframework.security.web.session.DisableEncodeUrlFilter@1be2b593, org.springframework.security.web.context.request.async.WebAsyncManagerIntegrationFilter@67d8688c, org.springframework.security.web.context.SecurityContextHolderFilter@b1c3d3, org.springframework.security.web.header.HeaderWriterFilter@2ed871c6, org.springframework.web.filter.CorsFilter@e4a4672, org.springframework.security.web.authentication.logout.LogoutFilter@276a10e9, org.springframework.security.web.savedrequest.RequestCacheAwareFilter@58afef8c, org.springframework.security.web.servletapi.SecurityContextHolderAwareRequestFilter@212edefd, org.springframework.security.web.authentication.AnonymousAuthenticationFilter@23328294, org.springframework.security.web.access.ExceptionTranslationFilter@55c71936, org.springframework.security.web.access.intercept.FilterSecurityInterceptor@7d15c276]
&amp#27;[2m2026-01-18T11:39:27.955+08:00&amp#27;[0;39m &amp#27;[32m INFO&amp#27;[0;39m &amp#27;[35m88348&amp#27;[0;39m &amp#27;[2m---&amp#27;[0;39m &amp#27;[2m[           main]&amp#27;[0;39m &amp#27;[2m&amp#27;[0;39m&amp#27;[36mo.s.b.w.embedded.tomcat.TomcatWebServer &amp#27;[0;39m &amp#27;[2m:&amp#27;[0;39m Tomcat started on port 61693 (http) with context path ''
&amp#27;[2m2026-01-18T11:39:27.956+08:00&amp#27;[0;39m &amp#27;[32m INFO&amp#27;[0;39m &amp#27;[35m88348&amp#27;[0;39m &amp#27;[2m---&amp#27;[0;39m &amp#27;[2m[           main]&amp#27;[0;39m &amp#27;[2m&amp#27;[0;39m&amp#27;[36mc.s.b.integration.BOMIntegrationTest    &amp#27;[0;39m &amp#27;[2m:&amp#27;[0;39m Started BOMIntegrationTest in 0.398 seconds (process running for 302.715)
&amp#27;[2m2026-01-18T11:39:27.960+08:00&amp#27;[0;39m &amp#27;[32m INFO&amp#27;[0;39m &amp#27;[35m88348&amp#27;[0;39m &amp#27;[2m---&amp#27;[0;39m &amp#27;[2m[-auto-27-exec-1]&amp#27;[0;39m &amp#27;[2m&amp#27;[0;39m&amp#27;[36mo.a.c.c.C.[Tomcat].[localhost].[/]      &amp#27;[0;39m &amp#27;[2m:&amp#27;[0;39m Initializing Spring DispatcherServlet 'dispatcherServlet'
&amp#27;[2m2026-01-18T11:39:27.960+08:00&amp#27;[0;39m &amp#27;[32m INFO&amp#27;[0;39m &amp#27;[35m88348&amp#27;[0;39m &amp#27;[2m---&amp#27;[0;39m &amp#27;[2m[-auto-27-exec-1]&amp#27;[0;39m &amp#27;[2m&amp#27;[0;39m&amp#27;[36mo.s.web.servlet.DispatcherServlet       &amp#27;[0;39m &amp#27;[2m:&amp#27;[0;39m Initializing Servlet 'dispatcherServlet'
&amp#27;[2m2026-01-18T11:39:27.960+08:00&amp#27;[0;39m &amp#27;[32m INFO&amp#27;[0;39m &amp#27;[35m88348&amp#27;[0;39m &amp#27;[2m---&amp#27;[0;39m &amp#27;[2m[-auto-27-exec-1]&amp#27;[0;39m &amp#27;[2m&amp#27;[0;39m&amp#27;[36mo.s.web.servlet.DispatcherServlet       &amp#27;[0;39m &amp#27;[2m:&amp#27;[0;39m Completed initialization in 0 ms
&amp#27;[2m2026-01-18T11:39:27.960+08:00&amp#27;[0;39m &amp#27;[33m WARN&amp#27;[0;39m &amp#27;[35m88348&amp#27;[0;39m &amp#27;[2m---&amp#27;[0;39m &amp#27;[2m[-auto-27-exec-1]&amp#27;[0;39m &amp#27;[2m&amp#27;[0;39m&amp#27;[36mo.s.w.s.h.HandlerMappingIntrospector    &amp#27;[0;39m &amp#27;[2m:&amp#27;[0;39m Cache miss for REQUEST dispatch to '/api/v1/categories' (previous null). Performing CorsConfiguration lookup. This is logged once only at WARN level, and every time at TRACE.
&amp#27;[2m2026-01-18T11:39:27.961+08:00&amp#27;[0;39m &amp#27;[32mDEBUG&amp#27;[0;39m &amp#27;[35m88348&amp#27;[0;39m &amp#27;[2m---&amp#27;[0;39m &amp#27;[2m[-auto-27-exec-1]&amp#27;[0;39m &amp#27;[2m&amp#27;[0;39m&amp#27;[36mc.s.b.controller.CategoryController     &amp#27;[0;39m &amp#27;[2m:&amp#27;[0;39m 开始创建分类: com.solocoffee.backend.entity.Category@5b22ac5b
&amp#27;[2m2026-01-18T11:39:27.962+08:00&amp#27;[0;39m &amp#27;[32mDEBUG&amp#27;[0;39m &amp#27;[35m88348&amp#27;[0;39m &amp#27;[2m---&amp#27;[0;39m &amp#27;[2m[-auto-27-exec-1]&amp#27;[0;39m &amp#27;[2m&amp#27;[0;39m&amp#27;[36mc.s.backend.service.CategoryService     &amp#27;[0;39m &amp#27;[2m:&amp#27;[0;39m 开始创建分类: com.solocoffee.backend.entity.Category@5b22ac5b
Hibernate: insert into category (category_name,created_at,description,sort_order,updated_at,id) values (?,?,?,?,?,default)
&amp#27;[2m2026-01-18T11:39:27.963+08:00&amp#27;[0;39m &amp#27;[32mDEBUG&amp#27;[0;39m &amp#27;[35m88348&amp#27;[0;39m &amp#27;[2m---&amp#27;[0;39m &amp#27;[2m[-auto-27-exec-1]&amp#27;[0;39m &amp#27;[2m&amp#27;[0;39m&amp#27;[36mc.s.b.controller.CategoryController     &amp#27;[0;39m &amp#27;[2m:&amp#27;[0;39m 分类创建成功: com.solocoffee.backend.entity.Category@5b22ac5b
Hibernate: insert into products (category_id,created_at,description,image_url,name,price,product_no,status,updated_at,id) values (?,?,?,?,?,?,?,?,?,default)
Hibernate: insert into products (category_id,created_at,description,image_url,name,price,product_no,status,updated_at,id) values (?,?,?,?,?,?,?,?,?,default)
Hibernate: insert into customers (avatar_url,created_at,email,last_visit_at,member_level_id,name,phone,points,updated_at,wechat_open_id,id) values (?,?,?,?,?,?,?,?,?,?,default)
&amp#27;[2m2026-01-18T11:39:27.979+08:00&amp#27;[0;39m &amp#27;[32mDEBUG&amp#27;[0;39m &amp#27;[35m88348&amp#27;[0;39m &amp#27;[2m---&amp#27;[0;39m &amp#27;[2m[-auto-27-exec-5]&amp#27;[0;39m &amp#27;[2m&amp#27;[0;39m&amp#27;[36mc.s.backend.controller.StoreController  &amp#27;[0;39m &amp#27;[2m:&amp#27;[0;39m 开始创建门店: Store(id=null, name=Test Store, address=123 Main St, phone=13800138001, email=test@store.com, businessHours=09:00-18:00, managerId=null, status=1, createdAt=null, updatedAt=null)
&amp#27;[2m2026-01-18T11:39:27.979+08:00&amp#27;[0;39m &amp#27;[32mDEBUG&amp#27;[0;39m &amp#27;[35m88348&amp#27;[0;39m &amp#27;[2m---&amp#27;[0;39m &amp#27;[2m[-auto-27-exec-5]&amp#27;[0;39m &amp#27;[2m&amp#27;[0;39m&amp#27;[36mc.s.backend.service.StoreService        &amp#27;[0;39m &amp#27;[2m:&amp#27;[0;39m 开始创建门店: Store(id=null, name=Test Store, address=123 Main St, phone=13800138001, email=test@store.com, businessHours=09:00-18:00, managerId=null, status=1, createdAt=null, updatedAt=null)
Hibernate: insert into stores (address,business_hours,created_at,email,manager_id,name,phone,status,updated_at,id) values (?,?,?,?,?,?,?,?,?,default)
&amp#27;[2m2026-01-18T11:39:27.980+08:00&amp#27;[0;39m &amp#27;[32mDEBUG&amp#27;[0;39m &amp#27;[35m88348&amp#27;[0;39m &amp#27;[2m---&amp#27;[0;39m &amp#27;[2m[-auto-27-exec-5]&amp#27;[0;39m &amp#27;[2m&amp#27;[0;39m&amp#27;[36mc.s.backend.controller.StoreController  &amp#27;[0;39m &amp#27;[2m:&amp#27;[0;39m 门店创建成功: Store(id=1, name=Test Store, address=123 Main St, phone=13800138001, email=test@store.com, businessHours=09:00-18:00, managerId=null, status=1, createdAt=2026-01-18T11:39:27.980210, updatedAt=2026-01-18T11:39:27.980214)
Hibernate: insert into raw_materials (category,created_at,description,material_no,name,status,supplier_id,unit,updated_at,id) values (?,?,?,?,?,?,?,?,?,default)
Hibernate: insert into raw_material_inventory (created_at,last_purchase_at,last_stocktaking_at,material_id,quantity,store_id,updated_at,warning_threshold,id) values (?,?,?,?,?,?,?,?,default)
Hibernate: select rmi1_0.id,rmi1_0.created_at,rmi1_0.last_purchase_at,rmi1_0.last_stocktaking_at,rmi1_0.material_id,rmi1_0.quantity,rmi1_0.store_id,rmi1_0.updated_at,rmi1_0.warning_threshold from raw_material_inventory rmi1_0 where rmi1_0.store_id=? and rmi1_0.material_id=?
Hibernate: select rmi1_0.id,rmi1_0.created_at,rmi1_0.last_purchase_at,rmi1_0.last_stocktaking_at,rmi1_0.material_id,rmi1_0.quantity,rmi1_0.store_id,rmi1_0.updated_at,rmi1_0.warning_threshold from raw_material_inventory rmi1_0 where rmi1_0.store_id=? and rmi1_0.material_id=?
Hibernate: select rmi1_0.id,rmi1_0.created_at,rmi1_0.last_purchase_at,rmi1_0.last_stocktaking_at,rmi1_0.material_id,rmi1_0.quantity,rmi1_0.store_id,rmi1_0.updated_at,rmi1_0.warning_threshold from raw_material_inventory rmi1_0 where rmi1_0.store_id=? and rmi1_0.material_id=?
]]></system-out>
  </testcase>
  <testcase name="testOrderWithBOM" classname="com.solocoffee.backend.integration.BOMIntegrationTest" time="11.613">
    <system-out><![CDATA[&amp#27;[2m2026-01-18T11:39:39.024+08:00&amp#27;[0;39m &amp#27;[33m WARN&amp#27;[0;39m &amp#27;[35m88348&amp#27;[0;39m &amp#27;[2m---&amp#27;[0;39m &amp#27;[2m[           main]&amp#27;[0;39m &amp#27;[2m&amp#27;[0;39m&amp#27;[36morg.apache.tomcat.util.net.Acceptor     &amp#27;[0;39m &amp#27;[2m:&amp#27;[0;39m The acceptor thread [http-nio-auto-27-Acceptor] did not stop cleanly
&amp#27;[2m2026-01-18T11:39:39.025+08:00&amp#27;[0;39m &amp#27;[32m INFO&amp#27;[0;39m &amp#27;[35m88348&amp#27;[0;39m &amp#27;[2m---&amp#27;[0;39m &amp#27;[2m[           main]&amp#27;[0;39m &amp#27;[2m&amp#27;[0;39m&amp#27;[36mj.LocalContainerEntityManagerFactoryBean&amp#27;[0;39m &amp#27;[2m:&amp#27;[0;39m Closing JPA EntityManagerFactory for persistence unit 'default'
Hibernate: drop table if exists category cascade 
Hibernate: drop table if exists customers cascade 
Hibernate: drop table if exists employee cascade 
Hibernate: drop table if exists inventory cascade 
Hibernate: drop table if exists member_levels cascade 
Hibernate: drop table if exists order_items cascade 
Hibernate: drop table if exists orders cascade 
Hibernate: drop table if exists points_records cascade 
Hibernate: drop table if exists product_bom cascade 
Hibernate: drop table if exists products cascade 
Hibernate: drop table if exists raw_material_inventory cascade 
Hibernate: drop table if exists raw_materials cascade 
Hibernate: drop table if exists stores cascade 
&amp#27;[2m2026-01-18T11:39:39.026+08:00&amp#27;[0;39m &amp#27;[32m INFO&amp#27;[0;39m &amp#27;[35m88348&amp#27;[0;39m &amp#27;[2m---&amp#27;[0;39m &amp#27;[2m[           main]&amp#27;[0;39m &amp#27;[2m&amp#27;[0;39m&amp#27;[36mcom.zaxxer.hikari.HikariDataSource      &amp#27;[0;39m &amp#27;[2m:&amp#27;[0;39m HikariPool-27 - Shutdown initiated...
&amp#27;[2m2026-01-18T11:39:39.027+08:00&amp#27;[0;39m &amp#27;[32m INFO&amp#27;[0;39m &amp#27;[35m88348&amp#27;[0;39m &amp#27;[2m---&amp#27;[0;39m &amp#27;[2m[           main]&amp#27;[0;39m &amp#27;[2m&amp#27;[0;39m&amp#27;[36mcom.zaxxer.hikari.HikariDataSource      &amp#27;[0;39m &amp#27;[2m:&amp#27;[0;39m HikariPool-27 - Shutdown completed.

  .   ____          _            __ _ _
 /\\ / ___'_ __ _ _(_)_ __  __ _ \ \ \ \
( ( )\___ | '_ | '_| | '_ \/ _` | \ \ \ \
 \\/  ___)| |_)| | | | | || (_| |  ) ) ) )
  '  |____| .__|_| |_|_| |_\__, | / / / /
 =========|_|==============|___/=/_/_/_/
&amp#27;[32m :: Spring Boot :: &amp#27;[39m              &amp#27;[2m (v3.2.0)&amp#27;[0;39m

&amp#27;[2m2026-01-18T11:39:39.034+08:00&amp#27;[0;39m &amp#27;[32m INFO&amp#27;[0;39m &amp#27;[35m88348&amp#27;[0;39m &amp#27;[2m---&amp#27;[0;39m &amp#27;[2m[           main]&amp#27;[0;39m &amp#27;[2m&amp#27;[0;39m&amp#27;[36mc.s.b.integration.BOMIntegrationTest    &amp#27;[0;39m &amp#27;[2m:&amp#27;[0;39m Starting BOMIntegrationTest using Java 23.0.2 with PID 88348 (started by qixin in /Users/qixin/Google 云端硬盘/教学/企业级应用软件设计与开发/2026/TraeProjects/solo-coffee/backend)
&amp#27;[2m2026-01-18T11:39:39.034+08:00&amp#27;[0;39m &amp#27;[32mDEBUG&amp#27;[0;39m &amp#27;[35m88348&amp#27;[0;39m &amp#27;[2m---&amp#27;[0;39m &amp#27;[2m[           main]&amp#27;[0;39m &amp#27;[2m&amp#27;[0;39m&amp#27;[36mc.s.b.integration.BOMIntegrationTest    &amp#27;[0;39m &amp#27;[2m:&amp#27;[0;39m Running with Spring Boot v3.2.0, Spring v6.1.1
&amp#27;[2m2026-01-18T11:39:39.034+08:00&amp#27;[0;39m &amp#27;[32m INFO&amp#27;[0;39m &amp#27;[35m88348&amp#27;[0;39m &amp#27;[2m---&amp#27;[0;39m &amp#27;[2m[           main]&amp#27;[0;39m &amp#27;[2m&amp#27;[0;39m&amp#27;[36mc.s.b.integration.BOMIntegrationTest    &amp#27;[0;39m &amp#27;[2m:&amp#27;[0;39m The following 1 profile is active: "test"
&amp#27;[2m2026-01-18T11:39:39.084+08:00&amp#27;[0;39m &amp#27;[32m INFO&amp#27;[0;39m &amp#27;[35m88348&amp#27;[0;39m &amp#27;[2m---&amp#27;[0;39m &amp#27;[2m[           main]&amp#27;[0;39m &amp#27;[2m&amp#27;[0;39m&amp#27;[36m.s.d.r.c.RepositoryConfigurationDelegate&amp#27;[0;39m &amp#27;[2m:&amp#27;[0;39m Bootstrapping Spring Data JPA repositories in DEFAULT mode.
&amp#27;[2m2026-01-18T11:39:39.087+08:00&amp#27;[0;39m &amp#27;[32m INFO&amp#27;[0;39m &amp#27;[35m88348&amp#27;[0;39m &amp#27;[2m---&amp#27;[0;39m &amp#27;[2m[           main]&amp#27;[0;39m &amp#27;[2m&amp#27;[0;39m&amp#27;[36m.s.d.r.c.RepositoryConfigurationDelegate&amp#27;[0;39m &amp#27;[2m:&amp#27;[0;39m Finished Spring Data repository scanning in 3 ms. Found 11 JPA repository interfaces.
&amp#27;[2m2026-01-18T11:39:39.116+08:00&amp#27;[0;39m &amp#27;[32m INFO&amp#27;[0;39m &amp#27;[35m88348&amp#27;[0;39m &amp#27;[2m---&amp#27;[0;39m &amp#27;[2m[           main]&amp#27;[0;39m &amp#27;[2m&amp#27;[0;39m&amp#27;[36mo.s.b.w.embedded.tomcat.TomcatWebServer &amp#27;[0;39m &amp#27;[2m:&amp#27;[0;39m Tomcat initialized with port 0 (http)
&amp#27;[2m2026-01-18T11:39:39.117+08:00&amp#27;[0;39m &amp#27;[32m INFO&amp#27;[0;39m &amp#27;[35m88348&amp#27;[0;39m &amp#27;[2m---&amp#27;[0;39m &amp#27;[2m[           main]&amp#27;[0;39m &amp#27;[2m&amp#27;[0;39m&amp#27;[36mo.apache.catalina.core.StandardService  &amp#27;[0;39m &amp#27;[2m:&amp#27;[0;39m Starting service [Tomcat]
&amp#27;[2m2026-01-18T11:39:39.117+08:00&amp#27;[0;39m &amp#27;[32m INFO&amp#27;[0;39m &amp#27;[35m88348&amp#27;[0;39m &amp#27;[2m---&amp#27;[0;39m &amp#27;[2m[           main]&amp#27;[0;39m &amp#27;[2m&amp#27;[0;39m&amp#27;[36mo.apache.catalina.core.StandardEngine   &amp#27;[0;39m &amp#27;[2m:&amp#27;[0;39m Starting Servlet engine: [Apache Tomcat/10.1.16]
&amp#27;[2m2026-01-18T11:39:39.120+08:00&amp#27;[0;39m &amp#27;[32m INFO&amp#27;[0;39m &amp#27;[35m88348&amp#27;[0;39m &amp#27;[2m---&amp#27;[0;39m &amp#27;[2m[           main]&amp#27;[0;39m &amp#27;[2m&amp#27;[0;39m&amp#27;[36mo.a.c.c.C.[Tomcat].[localhost].[/]      &amp#27;[0;39m &amp#27;[2m:&amp#27;[0;39m Initializing Spring embedded WebApplicationContext
&amp#27;[2m2026-01-18T11:39:39.120+08:00&amp#27;[0;39m &amp#27;[32m INFO&amp#27;[0;39m &amp#27;[35m88348&amp#27;[0;39m &amp#27;[2m---&amp#27;[0;39m &amp#27;[2m[           main]&amp#27;[0;39m &amp#27;[2m&amp#27;[0;39m&amp#27;[36mw.s.c.ServletWebServerApplicationContext&amp#27;[0;39m &amp#27;[2m:&amp#27;[0;39m Root WebApplicationContext: initialization completed in 85 ms
&amp#27;[2m2026-01-18T11:39:39.134+08:00&amp#27;[0;39m &amp#27;[32m INFO&amp#27;[0;39m &amp#27;[35m88348&amp#27;[0;39m &amp#27;[2m---&amp#27;[0;39m &amp#27;[2m[           main]&amp#27;[0;39m &amp#27;[2m&amp#27;[0;39m&amp#27;[36mcom.zaxxer.hikari.HikariDataSource      &amp#27;[0;39m &amp#27;[2m:&amp#27;[0;39m HikariPool-28 - Starting...
&amp#27;[2m2026-01-18T11:39:39.135+08:00&amp#27;[0;39m &amp#27;[32m INFO&amp#27;[0;39m &amp#27;[35m88348&amp#27;[0;39m &amp#27;[2m---&amp#27;[0;39m &amp#27;[2m[           main]&amp#27;[0;39m &amp#27;[2m&amp#27;[0;39m&amp#27;[36mcom.zaxxer.hikari.pool.HikariPool       &amp#27;[0;39m &amp#27;[2m:&amp#27;[0;39m HikariPool-28 - Added connection conn270: url=jdbc:h2:mem:solocoffee user=SA
&amp#27;[2m2026-01-18T11:39:39.135+08:00&amp#27;[0;39m &amp#27;[32m INFO&amp#27;[0;39m &amp#27;[35m88348&amp#27;[0;39m &amp#27;[2m---&amp#27;[0;39m &amp#27;[2m[           main]&amp#27;[0;39m &amp#27;[2m&amp#27;[0;39m&amp#27;[36mcom.zaxxer.hikari.HikariDataSource      &amp#27;[0;39m &amp#27;[2m:&amp#27;[0;39m HikariPool-28 - Start completed.
&amp#27;[2m2026-01-18T11:39:39.135+08:00&amp#27;[0;39m &amp#27;[32m INFO&amp#27;[0;39m &amp#27;[35m88348&amp#27;[0;39m &amp#27;[2m---&amp#27;[0;39m &amp#27;[2m[           main]&amp#27;[0;39m &amp#27;[2m&amp#27;[0;39m&amp#27;[36mo.s.b.a.h2.H2ConsoleAutoConfiguration   &amp#27;[0;39m &amp#27;[2m:&amp#27;[0;39m H2 console available at '/h2-console'. Database available at 'jdbc:h2:mem:solocoffee'
&amp#27;[2m2026-01-18T11:39:39.152+08:00&amp#27;[0;39m &amp#27;[32m INFO&amp#27;[0;39m &amp#27;[35m88348&amp#27;[0;39m &amp#27;[2m---&amp#27;[0;39m &amp#27;[2m[           main]&amp#27;[0;39m &amp#27;[2m&amp#27;[0;39m&amp#27;[36mo.hibernate.jpa.internal.util.LogHelper &amp#27;[0;39m &amp#27;[2m:&amp#27;[0;39m HHH000204: Processing PersistenceUnitInfo [name: default]
&amp#27;[2m2026-01-18T11:39:39.153+08:00&amp#27;[0;39m &amp#27;[32m INFO&amp#27;[0;39m &amp#27;[35m88348&amp#27;[0;39m &amp#27;[2m---&amp#27;[0;39m &amp#27;[2m[           main]&amp#27;[0;39m &amp#27;[2m&amp#27;[0;39m&amp#27;[36mo.h.c.internal.RegionFactoryInitiator   &amp#27;[0;39m &amp#27;[2m:&amp#27;[0;39m HHH000026: Second-level cache disabled
&amp#27;[2m2026-01-18T11:39:39.153+08:00&amp#27;[0;39m &amp#27;[32m INFO&amp#27;[0;39m &amp#27;[35m88348&amp#27;[0;39m &amp#27;[2m---&amp#27;[0;39m &amp#27;[2m[           main]&amp#27;[0;39m &amp#27;[2m&amp#27;[0;39m&amp#27;[36mo.s.o.j.p.SpringPersistenceUnitInfo     &amp#27;[0;39m &amp#27;[2m:&amp#27;[0;39m No LoadTimeWeaver setup: ignoring JPA class transformer
&amp#27;[2m2026-01-18T11:39:39.154+08:00&amp#27;[0;39m &amp#27;[33m WARN&amp#27;[0;39m &amp#27;[35m88348&amp#27;[0;39m &amp#27;[2m---&amp#27;[0;39m &amp#27;[2m[           main]&amp#27;[0;39m &amp#27;[2m&amp#27;[0;39m&amp#27;[36morg.hibernate.orm.deprecation           &amp#27;[0;39m &amp#27;[2m:&amp#27;[0;39m HHH90000025: H2Dialect does not need to be specified explicitly using 'hibernate.dialect' (remove the property setting and it will be selected by default)
&amp#27;[2m2026-01-18T11:39:39.191+08:00&amp#27;[0;39m &amp#27;[32m INFO&amp#27;[0;39m &amp#27;[35m88348&amp#27;[0;39m &amp#27;[2m---&amp#27;[0;39m &amp#27;[2m[           main]&amp#27;[0;39m &amp#27;[2m&amp#27;[0;39m&amp#27;[36mo.h.e.t.j.p.i.JtaPlatformInitiator      &amp#27;[0;39m &amp#27;[2m:&amp#27;[0;39m HHH000489: No JTA platform available (set 'hibernate.transaction.jta.platform' to enable JTA platform integration)
Hibernate: drop table if exists category cascade 
Hibernate: drop table if exists customers cascade 
Hibernate: drop table if exists employee cascade 
Hibernate: drop table if exists inventory cascade 
Hibernate: drop table if exists member_levels cascade 
Hibernate: drop table if exists order_items cascade 
Hibernate: drop table if exists orders cascade 
Hibernate: drop table if exists points_records cascade 
Hibernate: drop table if exists product_bom cascade 
Hibernate: drop table if exists products cascade 
Hibernate: drop table if exists raw_material_inventory cascade 
Hibernate: drop table if exists raw_materials cascade 
Hibernate: drop table if exists stores cascade 
Hibernate: create table category (sort_order integer, created_at timestamp(6) not null, id bigint generated by default as identity, updated_at timestamp(6) not null, category_name varchar(255) not null unique, description varchar(255), primary key (id))
Hibernate: create table customers (points int default 0 not null, created_at timestamp(6) not null, id bigint generated by default as identity, last_visit_at timestamp(6), member_level_id bigint, updated_at timestamp(6) not null, avatar_url varchar(255), email varchar(255), name varchar(255), phone varchar(255) not null unique, wechat_open_id varchar(255) unique, primary key (id))
Hibernate: create table employee (status integer not null, created_at timestamp(6) not null, hire_date timestamp(6) not null, id bigint generated by default as identity, store_id bigint not null, updated_at timestamp(6) not null, email varchar(255), employee_id varchar(255) not null unique, name varchar(255) not null, phone varchar(255) not null, position varchar(255) not null, primary key (id))
Hibernate: create table inventory (quantity numeric(38,2) not null, warning_threshold numeric(38,2) not null, created_at timestamp(6) not null, id bigint generated by default as identity, last_purchase_at timestamp(6), last_stocktaking_at timestamp(6), product_id bigint not null, store_id bigint not null, updated_at timestamp(6) not null, unit varchar(255) not null, primary key (id))
Hibernate: create table member_levels (discount_rate numeric(38,2), min_points integer not null, created_at timestamp(6) not null, id bigint generated by default as identity, updated_at timestamp(6) not null, description varchar(255), name varchar(255) not null, primary key (id))
Hibernate: create table order_items (price numeric(38,2) not null, quantity integer not null, subtotal numeric(38,2) not null, id bigint generated by default as identity, order_id bigint not null, product_id bigint not null, options varchar(255), product_name varchar(255) not null, primary key (id))
Hibernate: create table orders (actual_amount numeric(38,2) not null, order_status integer not null, payment_method integer not null, total_amount numeric(38,2) not null, created_at timestamp(6) not null, customer_id bigint, id bigint generated by default as identity, pickup_time timestamp(6), store_id bigint not null, updated_at timestamp(6) not null, order_no varchar(255) not null unique, remarks varchar(255), primary key (id))
Hibernate: create table points_records (points integer not null, type integer not null, created_at timestamp(6) not null, customer_id bigint not null, id bigint generated by default as identity, related_id bigint, description varchar(255), primary key (id))
Hibernate: create table product_bom (is_main boolean, quantity numeric(38,2) not null, created_at timestamp(6) not null, id bigint generated by default as identity, material_id bigint not null, product_id bigint not null, updated_at timestamp(6) not null, description varchar(255), unit varchar(255) not null, primary key (id))
Hibernate: create table products (price numeric(38,2) not null, status integer not null, category_id bigint not null, created_at timestamp(6) not null, id bigint generated by default as identity, updated_at timestamp(6) not null, description varchar(255), image_url varchar(255), name varchar(255) not null, product_no varchar(255) not null unique, primary key (id))
Hibernate: create table raw_material_inventory (quantity numeric(38,2) not null, warning_threshold numeric(38,2) not null, created_at timestamp(6) not null, id bigint generated by default as identity, last_purchase_at timestamp(6), last_stocktaking_at timestamp(6), material_id bigint not null, store_id bigint not null, updated_at timestamp(6) not null, primary key (id))
Hibernate: create table raw_materials (status integer not null, created_at timestamp(6) not null, id bigint generated by default as identity, supplier_id bigint, updated_at timestamp(6) not null, category varchar(255), description varchar(255), material_no varchar(255) not null unique, name varchar(255) not null, unit varchar(255) not null, primary key (id))
Hibernate: create table stores (status integer not null, created_at timestamp(6) not null, id bigint generated by default as identity, manager_id bigint, updated_at timestamp(6) not null, address varchar(255) not null, business_hours varchar(255) not null, email varchar(255), name varchar(255) not null, phone varchar(255) not null, primary key (id))
Hibernate: alter table if exists order_items add constraint FKbioxgbv59vetrxe0ejfubep1w foreign key (order_id) references orders
&amp#27;[2m2026-01-18T11:39:39.194+08:00&amp#27;[0;39m &amp#27;[32m INFO&amp#27;[0;39m &amp#27;[35m88348&amp#27;[0;39m &amp#27;[2m---&amp#27;[0;39m &amp#27;[2m[           main]&amp#27;[0;39m &amp#27;[2m&amp#27;[0;39m&amp#27;[36mj.LocalContainerEntityManagerFactoryBean&amp#27;[0;39m &amp#27;[2m:&amp#27;[0;39m Initialized JPA EntityManagerFactory for persistence unit 'default'
&amp#27;[2m2026-01-18T11:39:39.382+08:00&amp#27;[0;39m &amp#27;[33m WARN&amp#27;[0;39m &amp#27;[35m88348&amp#27;[0;39m &amp#27;[2m---&amp#27;[0;39m &amp#27;[2m[           main]&amp#27;[0;39m &amp#27;[2m&amp#27;[0;39m&amp#27;[36mJpaBaseConfiguration$JpaWebConfiguration&amp#27;[0;39m &amp#27;[2m:&amp#27;[0;39m spring.jpa.open-in-view is enabled by default. Therefore, database queries may be performed during view rendering. Explicitly configure spring.jpa.open-in-view to disable this warning
&amp#27;[2m2026-01-18T11:39:39.486+08:00&amp#27;[0;39m &amp#27;[32m INFO&amp#27;[0;39m &amp#27;[35m88348&amp#27;[0;39m &amp#27;[2m---&amp#27;[0;39m &amp#27;[2m[           main]&amp#27;[0;39m &amp#27;[2m&amp#27;[0;39m&amp#27;[36mo.s.b.a.e.web.EndpointLinksResolver     &amp#27;[0;39m &amp#27;[2m:&amp#27;[0;39m Exposing 13 endpoint(s) beneath base path '/actuator'
&amp#27;[2m2026-01-18T11:39:39.490+08:00&amp#27;[0;39m &amp#27;[32m INFO&amp#27;[0;39m &amp#27;[35m88348&amp#27;[0;39m &amp#27;[2m---&amp#27;[0;39m &amp#27;[2m[           main]&amp#27;[0;39m &amp#27;[2m&amp#27;[0;39m&amp#27;[36mo.s.s.web.DefaultSecurityFilterChain    &amp#27;[0;39m &amp#27;[2m:&amp#27;[0;39m Will secure any request with [org.springframework.security.web.session.DisableEncodeUrlFilter@6ece45a2, org.springframework.security.web.context.request.async.WebAsyncManagerIntegrationFilter@7089c521, org.springframework.security.web.context.SecurityContextHolderFilter@75a48634, org.springframework.security.web.header.HeaderWriterFilter@4e7ae529, org.springframework.web.filter.CorsFilter@1ed985a3, org.springframework.security.web.authentication.logout.LogoutFilter@4cba55aa, org.springframework.security.web.savedrequest.RequestCacheAwareFilter@7fa18cd, org.springframework.security.web.servletapi.SecurityContextHolderAwareRequestFilter@2a707548, org.springframework.security.web.authentication.AnonymousAuthenticationFilter@169dea8f, org.springframework.security.web.access.ExceptionTranslationFilter@2950c318, org.springframework.security.web.access.intercept.FilterSecurityInterceptor@39f99cf9]
&amp#27;[2m2026-01-18T11:39:39.543+08:00&amp#27;[0;39m &amp#27;[32m INFO&amp#27;[0;39m &amp#27;[35m88348&amp#27;[0;39m &amp#27;[2m---&amp#27;[0;39m &amp#27;[2m[           main]&amp#27;[0;39m &amp#27;[2m&amp#27;[0;39m&amp#27;[36mo.s.b.w.embedded.tomcat.TomcatWebServer &amp#27;[0;39m &amp#27;[2m:&amp#27;[0;39m Tomcat started on port 61741 (http) with context path ''
&amp#27;[2m2026-01-18T11:39:39.544+08:00&amp#27;[0;39m &amp#27;[32m INFO&amp#27;[0;39m &amp#27;[35m88348&amp#27;[0;39m &amp#27;[2m---&amp#27;[0;39m &amp#27;[2m[           main]&amp#27;[0;39m &amp#27;[2m&amp#27;[0;39m&amp#27;[36mc.s.b.integration.BOMIntegrationTest    &amp#27;[0;39m &amp#27;[2m:&amp#27;[0;39m Started BOMIntegrationTest in 0.516 seconds (process running for 314.303)
&amp#27;[2m2026-01-18T11:39:39.548+08:00&amp#27;[0;39m &amp#27;[32m INFO&amp#27;[0;39m &amp#27;[35m88348&amp#27;[0;39m &amp#27;[2m---&amp#27;[0;39m &amp#27;[2m[-auto-28-exec-1]&amp#27;[0;39m &amp#27;[2m&amp#27;[0;39m&amp#27;[36mo.a.c.c.C.[Tomcat].[localhost].[/]      &amp#27;[0;39m &amp#27;[2m:&amp#27;[0;39m Initializing Spring DispatcherServlet 'dispatcherServlet'
&amp#27;[2m2026-01-18T11:39:39.548+08:00&amp#27;[0;39m &amp#27;[32m INFO&amp#27;[0;39m &amp#27;[35m88348&amp#27;[0;39m &amp#27;[2m---&amp#27;[0;39m &amp#27;[2m[-auto-28-exec-1]&amp#27;[0;39m &amp#27;[2m&amp#27;[0;39m&amp#27;[36mo.s.web.servlet.DispatcherServlet       &amp#27;[0;39m &amp#27;[2m:&amp#27;[0;39m Initializing Servlet 'dispatcherServlet'
&amp#27;[2m2026-01-18T11:39:39.548+08:00&amp#27;[0;39m &amp#27;[32m INFO&amp#27;[0;39m &amp#27;[35m88348&amp#27;[0;39m &amp#27;[2m---&amp#27;[0;39m &amp#27;[2m[-auto-28-exec-1]&amp#27;[0;39m &amp#27;[2m&amp#27;[0;39m&amp#27;[36mo.s.web.servlet.DispatcherServlet       &amp#27;[0;39m &amp#27;[2m:&amp#27;[0;39m Completed initialization in 0 ms
&amp#27;[2m2026-01-18T11:39:39.549+08:00&amp#27;[0;39m &amp#27;[33m WARN&amp#27;[0;39m &amp#27;[35m88348&amp#27;[0;39m &amp#27;[2m---&amp#27;[0;39m &amp#27;[2m[-auto-28-exec-1]&amp#27;[0;39m &amp#27;[2m&amp#27;[0;39m&amp#27;[36mo.s.w.s.h.HandlerMappingIntrospector    &amp#27;[0;39m &amp#27;[2m:&amp#27;[0;39m Cache miss for REQUEST dispatch to '/api/v1/categories' (previous null). Performing CorsConfiguration lookup. This is logged once only at WARN level, and every time at TRACE.
&amp#27;[2m2026-01-18T11:39:39.550+08:00&amp#27;[0;39m &amp#27;[32mDEBUG&amp#27;[0;39m &amp#27;[35m88348&amp#27;[0;39m &amp#27;[2m---&amp#27;[0;39m &amp#27;[2m[-auto-28-exec-1]&amp#27;[0;39m &amp#27;[2m&amp#27;[0;39m&amp#27;[36mc.s.b.controller.CategoryController     &amp#27;[0;39m &amp#27;[2m:&amp#27;[0;39m 开始创建分类: com.solocoffee.backend.entity.Category@6e5e61a7
&amp#27;[2m2026-01-18T11:39:39.550+08:00&amp#27;[0;39m &amp#27;[32mDEBUG&amp#27;[0;39m &amp#27;[35m88348&amp#27;[0;39m &amp#27;[2m---&amp#27;[0;39m &amp#27;[2m[-auto-28-exec-1]&amp#27;[0;39m &amp#27;[2m&amp#27;[0;39m&amp#27;[36mc.s.backend.service.CategoryService     &amp#27;[0;39m &amp#27;[2m:&amp#27;[0;39m 开始创建分类: com.solocoffee.backend.entity.Category@6e5e61a7
Hibernate: insert into category (category_name,created_at,description,sort_order,updated_at,id) values (?,?,?,?,?,default)
&amp#27;[2m2026-01-18T11:39:39.551+08:00&amp#27;[0;39m &amp#27;[32mDEBUG&amp#27;[0;39m &amp#27;[35m88348&amp#27;[0;39m &amp#27;[2m---&amp#27;[0;39m &amp#27;[2m[-auto-28-exec-1]&amp#27;[0;39m &amp#27;[2m&amp#27;[0;39m&amp#27;[36mc.s.b.controller.CategoryController     &amp#27;[0;39m &amp#27;[2m:&amp#27;[0;39m 分类创建成功: com.solocoffee.backend.entity.Category@6e5e61a7
Hibernate: insert into products (category_id,created_at,description,image_url,name,price,product_no,status,updated_at,id) values (?,?,?,?,?,?,?,?,?,default)
Hibernate: insert into products (category_id,created_at,description,image_url,name,price,product_no,status,updated_at,id) values (?,?,?,?,?,?,?,?,?,default)
Hibernate: insert into customers (avatar_url,created_at,email,last_visit_at,member_level_id,name,phone,points,updated_at,wechat_open_id,id) values (?,?,?,?,?,?,?,?,?,?,default)
&amp#27;[2m2026-01-18T11:39:39.565+08:00&amp#27;[0;39m &amp#27;[32mDEBUG&amp#27;[0;39m &amp#27;[35m88348&amp#27;[0;39m &amp#27;[2m---&amp#27;[0;39m &amp#27;[2m[-auto-28-exec-4]&amp#27;[0;39m &amp#27;[2m&amp#27;[0;39m&amp#27;[36mc.s.backend.controller.StoreController  &amp#27;[0;39m &amp#27;[2m:&amp#27;[0;39m 开始创建门店: Store(id=null, name=Test Store, address=123 Main St, phone=13800138001, email=test@store.com, businessHours=09:00-18:00, managerId=null, status=1, createdAt=null, updatedAt=null)
&amp#27;[2m2026-01-18T11:39:39.565+08:00&amp#27;[0;39m &amp#27;[32mDEBUG&amp#27;[0;39m &amp#27;[35m88348&amp#27;[0;39m &amp#27;[2m---&amp#27;[0;39m &amp#27;[2m[-auto-28-exec-4]&amp#27;[0;39m &amp#27;[2m&amp#27;[0;39m&amp#27;[36mc.s.backend.service.StoreService        &amp#27;[0;39m &amp#27;[2m:&amp#27;[0;39m 开始创建门店: Store(id=null, name=Test Store, address=123 Main St, phone=13800138001, email=test@store.com, businessHours=09:00-18:00, managerId=null, status=1, createdAt=null, updatedAt=null)
Hibernate: insert into stores (address,business_hours,created_at,email,manager_id,name,phone,status,updated_at,id) values (?,?,?,?,?,?,?,?,?,default)
&amp#27;[2m2026-01-18T11:39:39.566+08:00&amp#27;[0;39m &amp#27;[32mDEBUG&amp#27;[0;39m &amp#27;[35m88348&amp#27;[0;39m &amp#27;[2m---&amp#27;[0;39m &amp#27;[2m[-auto-28-exec-4]&amp#27;[0;39m &amp#27;[2m&amp#27;[0;39m&amp#27;[36mc.s.backend.controller.StoreController  &amp#27;[0;39m &amp#27;[2m:&amp#27;[0;39m 门店创建成功: Store(id=1, name=Test Store, address=123 Main St, phone=13800138001, email=test@store.com, businessHours=09:00-18:00, managerId=null, status=1, createdAt=2026-01-18T11:39:39.565645, updatedAt=2026-01-18T11:39:39.565646)
Hibernate: insert into raw_materials (category,created_at,description,material_no,name,status,supplier_id,unit,updated_at,id) values (?,?,?,?,?,?,?,?,?,default)
Hibernate: insert into raw_materials (category,created_at,description,material_no,name,status,supplier_id,unit,updated_at,id) values (?,?,?,?,?,?,?,?,?,default)
Hibernate: insert into raw_material_inventory (created_at,last_purchase_at,last_stocktaking_at,material_id,quantity,store_id,updated_at,warning_threshold,id) values (?,?,?,?,?,?,?,?,default)
Hibernate: insert into raw_material_inventory (created_at,last_purchase_at,last_stocktaking_at,material_id,quantity,store_id,updated_at,warning_threshold,id) values (?,?,?,?,?,?,?,?,default)
Hibernate: insert into product_bom (created_at,description,is_main,material_id,product_id,quantity,unit,updated_at,id) values (?,?,?,?,?,?,?,?,default)
Hibernate: insert into product_bom (created_at,description,is_main,material_id,product_id,quantity,unit,updated_at,id) values (?,?,?,?,?,?,?,?,default)
&amp#27;[2m2026-01-18T11:39:39.587+08:00&amp#27;[0;39m &amp#27;[32mDEBUG&amp#27;[0;39m &amp#27;[35m88348&amp#27;[0;39m &amp#27;[2m---&amp#27;[0;39m &amp#27;[2m[-auto-28-exec-2]&amp#27;[0;39m &amp#27;[2m&amp#27;[0;39m&amp#27;[36mc.s.backend.controller.OrderController  &amp#27;[0;39m &amp#27;[2m:&amp#27;[0;39m 开始创建订单: com.solocoffee.backend.entity.Order@6278d158
&amp#27;[2m2026-01-18T11:39:39.587+08:00&amp#27;[0;39m &amp#27;[32mDEBUG&amp#27;[0;39m &amp#27;[35m88348&amp#27;[0;39m &amp#27;[2m---&amp#27;[0;39m &amp#27;[2m[-auto-28-exec-2]&amp#27;[0;39m &amp#27;[2m&amp#27;[0;39m&amp#27;[36mc.s.backend.service.OrderService        &amp#27;[0;39m &amp#27;[2m:&amp#27;[0;39m 开始创建订单，订单对象: com.solocoffee.backend.entity.Order@6278d158
&amp#27;[2m2026-01-18T11:39:39.587+08:00&amp#27;[0;39m &amp#27;[32mDEBUG&amp#27;[0;39m &amp#27;[35m88348&amp#27;[0;39m &amp#27;[2m---&amp#27;[0;39m &amp#27;[2m[-auto-28-exec-2]&amp#27;[0;39m &amp#27;[2m&amp#27;[0;39m&amp#27;[36mc.s.backend.service.OrderService        &amp#27;[0;39m &amp#27;[2m:&amp#27;[0;39m 生成订单号: ORD1768707579587
&amp#27;[2m2026-01-18T11:39:39.587+08:00&amp#27;[0;39m &amp#27;[32mDEBUG&amp#27;[0;39m &amp#27;[35m88348&amp#27;[0;39m &amp#27;[2m---&amp#27;[0;39m &amp#27;[2m[-auto-28-exec-2]&amp#27;[0;39m &amp#27;[2m&amp#27;[0;39m&amp#27;[36mc.s.backend.service.OrderService        &amp#27;[0;39m &amp#27;[2m:&amp#27;[0;39m 设置初始订单状态为: 1
&amp#27;[2m2026-01-18T11:39:39.587+08:00&amp#27;[0;39m &amp#27;[32mDEBUG&amp#27;[0;39m &amp#27;[35m88348&amp#27;[0;39m &amp#27;[2m---&amp#27;[0;39m &amp#27;[2m[-auto-28-exec-2]&amp#27;[0;39m &amp#27;[2m&amp#27;[0;39m&amp#27;[36mc.s.backend.service.OrderService        &amp#27;[0;39m &amp#27;[2m:&amp#27;[0;39m 设置创建时间: 2026-01-18T11:39:39.587657, 更新时间: 2026-01-18T11:39:39.587657
&amp#27;[2m2026-01-18T11:39:39.587+08:00&amp#27;[0;39m &amp#27;[32mDEBUG&amp#27;[0;39m &amp#27;[35m88348&amp#27;[0;39m &amp#27;[2m---&amp#27;[0;39m &amp#27;[2m[-auto-28-exec-2]&amp#27;[0;39m &amp#27;[2m&amp#27;[0;39m&amp#27;[36mc.s.backend.service.OrderService        &amp#27;[0;39m &amp#27;[2m:&amp#27;[0;39m 开始检查库存，订单商品数量: 1
&amp#27;[2m2026-01-18T11:39:39.587+08:00&amp#27;[0;39m &amp#27;[32mDEBUG&amp#27;[0;39m &amp#27;[35m88348&amp#27;[0;39m &amp#27;[2m---&amp#27;[0;39m &amp#27;[2m[-auto-28-exec-2]&amp#27;[0;39m &amp#27;[2m&amp#27;[0;39m&amp#27;[36mc.s.backend.service.OrderService        &amp#27;[0;39m &amp#27;[2m:&amp#27;[0;39m 检查商品ID: 1 的库存，商品名称: Americano, 请求数量: 2
Hibernate: select pb1_0.id,pb1_0.created_at,pb1_0.description,pb1_0.is_main,pb1_0.material_id,pb1_0.product_id,pb1_0.quantity,pb1_0.unit,pb1_0.updated_at from product_bom pb1_0 where pb1_0.product_id=?
&amp#27;[2m2026-01-18T11:39:39.589+08:00&amp#27;[0;39m &amp#27;[32mDEBUG&amp#27;[0;39m &amp#27;[35m88348&amp#27;[0;39m &amp#27;[2m---&amp#27;[0;39m &amp#27;[2m[-auto-28-exec-2]&amp#27;[0;39m &amp#27;[2m&amp#27;[0;39m&amp#27;[36mc.s.backend.service.OrderService        &amp#27;[0;39m &amp#27;[2m:&amp#27;[0;39m 检查商品ID: 1 的原料ID: 1 库存，所需数量: 30.00
Hibernate: select rmi1_0.id,rmi1_0.created_at,rmi1_0.last_purchase_at,rmi1_0.last_stocktaking_at,rmi1_0.material_id,rmi1_0.quantity,rmi1_0.store_id,rmi1_0.updated_at,rmi1_0.warning_threshold from raw_material_inventory rmi1_0 where rmi1_0.store_id=? and rmi1_0.material_id=?
&amp#27;[2m2026-01-18T11:39:39.589+08:00&amp#27;[0;39m &amp#27;[32mDEBUG&amp#27;[0;39m &amp#27;[35m88348&amp#27;[0;39m &amp#27;[2m---&amp#27;[0;39m &amp#27;[2m[-auto-28-exec-2]&amp#27;[0;39m &amp#27;[2m&amp#27;[0;39m&amp#27;[36mc.s.backend.service.OrderService        &amp#27;[0;39m &amp#27;[2m:&amp#27;[0;39m 检查商品ID: 1 的原料ID: 2 库存，所需数量: 400.00
Hibernate: select rmi1_0.id,rmi1_0.created_at,rmi1_0.last_purchase_at,rmi1_0.last_stocktaking_at,rmi1_0.material_id,rmi1_0.quantity,rmi1_0.store_id,rmi1_0.updated_at,rmi1_0.warning_threshold from raw_material_inventory rmi1_0 where rmi1_0.store_id=? and rmi1_0.material_id=?
&amp#27;[2m2026-01-18T11:39:39.590+08:00&amp#27;[0;39m &amp#27;[32mDEBUG&amp#27;[0;39m &amp#27;[35m88348&amp#27;[0;39m &amp#27;[2m---&amp#27;[0;39m &amp#27;[2m[-auto-28-exec-2]&amp#27;[0;39m &amp#27;[2m&amp#27;[0;39m&amp#27;[36mc.s.backend.service.OrderService        &amp#27;[0;39m &amp#27;[2m:&amp#27;[0;39m 开始计算总金额，订单商品数量: 1
&amp#27;[2m2026-01-18T11:39:39.590+08:00&amp#27;[0;39m &amp#27;[32mDEBUG&amp#27;[0;39m &amp#27;[35m88348&amp#27;[0;39m &amp#27;[2m---&amp#27;[0;39m &amp#27;[2m[-auto-28-exec-2]&amp#27;[0;39m &amp#27;[2m&amp#27;[0;39m&amp#27;[36mc.s.backend.service.OrderService        &amp#27;[0;39m &amp#27;[2m:&amp#27;[0;39m 计算商品ID: 1 的金额，数量: 2, 单价: 3.5, 小计: 7.0
&amp#27;[2m2026-01-18T11:39:39.590+08:00&amp#27;[0;39m &amp#27;[32mDEBUG&amp#27;[0;39m &amp#27;[35m88348&amp#27;[0;39m &amp#27;[2m---&amp#27;[0;39m &amp#27;[2m[-auto-28-exec-2]&amp#27;[0;39m &amp#27;[2m&amp#27;[0;39m&amp#27;[36mc.s.backend.service.OrderService        &amp#27;[0;39m &amp#27;[2m:&amp#27;[0;39m 计算总金额完成，总金额: 7.0, 实际支付金额: 7.0
&amp#27;[2m2026-01-18T11:39:39.590+08:00&amp#27;[0;39m &amp#27;[32mDEBUG&amp#27;[0;39m &amp#27;[35m88348&amp#27;[0;39m &amp#27;[2m---&amp#27;[0;39m &amp#27;[2m[-auto-28-exec-2]&amp#27;[0;39m &amp#27;[2m&amp#27;[0;39m&amp#27;[36mc.s.backend.service.OrderService        &amp#27;[0;39m &amp#27;[2m:&amp#27;[0;39m 开始保存订单到数据库
Hibernate: insert into orders (actual_amount,created_at,customer_id,order_no,order_status,payment_method,pickup_time,remarks,store_id,total_amount,updated_at,id) values (?,?,?,?,?,?,?,?,?,?,?,default)
Hibernate: insert into order_items (options,order_id,price,product_id,product_name,quantity,subtotal,id) values (?,?,?,?,?,?,?,default)
&amp#27;[2m2026-01-18T11:39:39.595+08:00&amp#27;[0;39m &amp#27;[32mDEBUG&amp#27;[0;39m &amp#27;[35m88348&amp#27;[0;39m &amp#27;[2m---&amp#27;[0;39m &amp#27;[2m[-auto-28-exec-2]&amp#27;[0;39m &amp#27;[2m&amp#27;[0;39m&amp#27;[36mc.s.backend.service.OrderService        &amp#27;[0;39m &amp#27;[2m:&amp#27;[0;39m 订单保存成功，订单ID: 1, 订单号: ORD1768707579587
[...]
&amp#27;[2m2026-01-18T11:40:13.788+08:00&amp#27;[0;39m &amp#27;[32m INFO&amp#27;[0;39m &amp#27;[35m88348&amp#27;[0;39m &amp#27;[2m---&amp#27;[0;39m &amp#27;[2m[           main]&amp#27;[0;39m &amp#27;[2m&amp#27;[0;39m&amp#27;[36mo.s.b.w.embedded.tomcat.TomcatWebServer &amp#27;[0;39m &amp#27;[2m:&amp#27;[0;39m Tomcat initialized with port 0 (http)
&amp#27;[2m2026-01-18T11:40:13.788+08:00&amp#27;[0;39m &amp#27;[32m INFO&amp#27;[0;39m &amp#27;[35m88348&amp#27;[0;39m &amp#27;[2m---&amp#27;[0;39m &amp#27;[2m[           main]&amp#27;[0;39m &amp#27;[2m&amp#27;[0;39m&amp#27;[36mo.apache.catalina.core.StandardService  &amp#27;[0;39m &amp#27;[2m:&amp#27;[0;39m Starting service [Tomcat]
&amp#27;[2m2026-01-18T11:40:13.788+08:00&amp#27;[0;39m &amp#27;[32m INFO&amp#27;[0;39m &amp#27;[35m88348&amp#27;[0;39m &amp#27;[2m---&amp#27;[0;39m &amp#27;[2m[           main]&amp#27;[0;39m &amp#27;[2m&amp#27;[0;39m&amp#27;[36mo.apache.catalina.core.StandardEngine   &amp#27;[0;39m &amp#27;[2m:&amp#27;[0;39m Starting Servlet engine: [Apache Tomcat/10.1.16]
&amp#27;[2m2026-01-18T11:40:13.801+08:00&amp#27;[0;39m &amp#27;[32m INFO&amp#27;[0;39m &amp#27;[35m88348&amp#27;[0;39m &amp#27;[2m---&amp#27;[0;39m &amp#27;[2m[           main]&amp#27;[0;39m &amp#27;[2m&amp#27;[0;39m&amp#27;[36mo.a.c.c.C.[Tomcat].[localhost].[/]      &amp#27;[0;39m &amp#27;[2m:&amp#27;[0;39m Initializing Spring embedded WebApplicationContext
&amp#27;[2m2026-01-18T11:40:13.801+08:00&amp#27;[0;39m &amp#27;[32m INFO&amp#27;[0;39m &amp#27;[35m88348&amp#27;[0;39m &amp#27;[2m---&amp#27;[0;39m &amp#27;[2m[           main]&amp#27;[0;39m &amp#27;[2m&amp#27;[0;39m&amp#27;[36mw.s.c.ServletWebServerApplicationContext&amp#27;[0;39m &amp#27;[2m:&amp#27;[0;39m Root WebApplicationContext: initialization completed in 116 ms
&amp#27;[2m2026-01-18T11:40:13.818+08:00&amp#27;[0;39m &amp#27;[32m INFO&amp#27;[0;39m &amp#27;[35m88348&amp#27;[0;39m &amp#27;[2m---&amp#27;[0;39m &amp#27;[2m[           main]&amp#27;[0;39m &amp#27;[2m&amp#27;[0;39m&amp#27;[36mcom.zaxxer.hikari.HikariDataSource      &amp#27;[0;39m &amp#27;[2m:&amp#27;[0;39m HikariPool-31 - Starting...
&amp#27;[2m2026-01-18T11:40:13.818+08:00&amp#27;[0;39m &amp#27;[32m INFO&amp#27;[0;39m &amp#27;[35m88348&amp#27;[0;39m &amp#27;[2m---&amp#27;[0;39m &amp#27;[2m[           main]&amp#27;[0;39m &amp#27;[2m&amp#27;[0;39m&amp#27;[36mcom.zaxxer.hikari.pool.HikariPool       &amp#27;[0;39m &amp#27;[2m:&amp#27;[0;39m HikariPool-31 - Added connection conn300: url=jdbc:h2:mem:solocoffee user=SA
&amp#27;[2m2026-01-18T11:40:13.818+08:00&amp#27;[0;39m &amp#27;[32m INFO&amp#27;[0;39m &amp#27;[35m88348&amp#27;[0;39m &amp#27;[2m---&amp#27;[0;39m &amp#27;[2m[           main]&amp#27;[0;39m &amp#27;[2m&amp#27;[0;39m&amp#27;[36mcom.zaxxer.hikari.HikariDataSource      &amp#27;[0;39m &amp#27;[2m:&amp#27;[0;39m HikariPool-31 - Start completed.
&amp#27;[2m2026-01-18T11:40:13.818+08:00&amp#27;[0;39m &amp#27;[32m INFO&amp#27;[0;39m &amp#27;[35m88348&amp#27;[0;39m &amp#27;[2m---&amp#27;[0;39m &amp#27;[2m[           main]&amp#27;[0;39m &amp#27;[2m&amp#27;[0;39m&amp#27;[36mo.s.b.a.h2.H2ConsoleAutoConfiguration   &amp#27;[0;39m &amp#27;[2m:&amp#27;[0;39m H2 console available at '/h2-console'. Database available at 'jdbc:h2:mem:solocoffee'
&amp#27;[2m2026-01-18T11:40:13.840+08:00&amp#27;[0;39m &amp#27;[32m INFO&amp#27;[0;39m &amp#27;[35m88348&amp#27;[0;39m &amp#27;[2m---&amp#27;[0;39m &amp#27;[2m[           main]&amp#27;[0;39m &amp#27;[2m&amp#27;[0;39m&amp#27;[36mo.hibernate.jpa.internal.util.LogHelper &amp#27;[0;39m &amp#27;[2m:&amp#27;[0;39m HHH000204: Processing PersistenceUnitInfo [name: default]
&amp#27;[2m2026-01-18T11:40:13.840+08:00&amp#27;[0;39m &amp#27;[32m INFO&amp#27;[0;39m &amp#27;[35m88348&amp#27;[0;39m &amp#27;[2m---&amp#27;[0;39m &amp#27;[2m[           main]&amp#27;[0;39m &amp#27;[2m&amp#27;[0;39m&amp#27;[36mo.h.c.internal.RegionFactoryInitiator   &amp#27;[0;39m &amp#27;[2m:&amp#27;[0;39m HHH000026: Second-level cache disabled
&amp#27;[2m2026-01-18T11:40:13.842+08:00&amp#27;[0;39m &amp#27;[32m INFO&amp#27;[0;39m &amp#27;[35m88348&amp#27;[0;39m &amp#27;[2m---&amp#27;[0;39m &amp#27;[2m[           main]&amp#27;[0;39m &amp#27;[2m&amp#27;[0;39m&amp#27;[36mo.s.o.j.p.SpringPersistenceUnitInfo     &amp#27;[0;39m &amp#27;[2m:&amp#27;[0;39m No LoadTimeWeaver setup: ignoring JPA class transformer
&amp#27;[2m2026-01-18T11:40:13.842+08:00&amp#27;[0;39m &amp#27;[33m WARN&amp#27;[0;39m &amp#27;[35m88348&amp#27;[0;39m &amp#27;[2m---&amp#27;[0;39m &amp#27;[2m[           main]&amp#27;[0;39m &amp#27;[2m&amp#27;[0;39m&amp#27;[36morg.hibernate.orm.deprecation           &amp#27;[0;39m &amp#27;[2m:&amp#27;[0;39m HHH90000025: H2Dialect does not need to be specified explicitly using 'hibernate.dialect' (remove the property setting and it will be selected by default)
&amp#27;[2m2026-01-18T11:40:13.872+08:00&amp#27;[0;39m &amp#27;[32m INFO&amp#27;[0;39m &amp#27;[35m88348&amp#27;[0;39m &amp#27;[2m---&amp#27;[0;39m &amp#27;[2m[           main]&amp#27;[0;39m &amp#27;[2m&amp#27;[0;39m&amp#27;[36mo.h.e.t.j.p.i.JtaPlatformInitiator      &amp#27;[0;39m &amp#27;[2m:&amp#27;[0;39m HHH000489: No JTA platform available (set 'hibernate.transaction.jta.platform' to enable JTA platform integration)
Hibernate: drop table if exists category cascade 
Hibernate: drop table if exists customers cascade 
Hibernate: drop table if exists employee cascade 
Hibernate: drop table if exists inventory cascade 
Hibernate: drop table if exists member_levels cascade 
Hibernate: drop table if exists order_items cascade 
Hibernate: drop table if exists orders cascade 
Hibernate: drop table if exists points_records cascade 
Hibernate: drop table if exists product_bom cascade 
Hibernate: drop table if exists products cascade 
Hibernate: drop table if exists raw_material_inventory cascade 
Hibernate: drop table if exists raw_materials cascade 
Hibernate: drop table if exists stores cascade 
Hibernate: create table category (sort_order integer, created_at timestamp(6) not null, id bigint generated by default as identity, updated_at timestamp(6) not null, category_name varchar(255) not null unique, description varchar(255), primary key (id))
Hibernate: create table customers (points int default 0 not null, created_at timestamp(6) not null, id bigint generated by default as identity, last_visit_at timestamp(6), member_level_id bigint, updated_at timestamp(6) not null, avatar_url varchar(255), email varchar(255), name varchar(255), phone varchar(255) not null unique, wechat_open_id varchar(255) unique, primary key (id))
Hibernate: create table employee (status integer not null, created_at timestamp(6) not null, hire_date timestamp(6) not null, id bigint generated by default as identity, store_id bigint not null, updated_at timestamp(6) not null, email varchar(255), employee_id varchar(255) not null unique, name varchar(255) not null, phone varchar(255) not null, position varchar(255) not null, primary key (id))
Hibernate: create table inventory (quantity numeric(38,2) not null, warning_threshold numeric(38,2) not null, created_at timestamp(6) not null, id bigint generated by default as identity, last_purchase_at timestamp(6), last_stocktaking_at timestamp(6), product_id bigint not null, store_id bigint not null, updated_at timestamp(6) not null, unit varchar(255) not null, primary key (id))
Hibernate: create table member_levels (discount_rate numeric(38,2), min_points integer not null, created_at timestamp(6) not null, id bigint generated by default as identity, updated_at timestamp(6) not null, description varchar(255), name varchar(255) not null, primary key (id))
Hibernate: create table order_items (price numeric(38,2) not null, quantity integer not null, subtotal numeric(38,2) not null, id bigint generated by default as identity, order_id bigint not null, product_id bigint not null, options varchar(255), product_name varchar(255) not null, primary key (id))
Hibernate: create table orders (actual_amount numeric(38,2) not null, order_status integer not null, payment_method integer not null, total_amount numeric(38,2) not null, created_at timestamp(6) not null, customer_id bigint, id bigint generated by default as identity, pickup_time timestamp(6), store_id bigint not null, updated_at timestamp(6) not null, order_no varchar(255) not null unique, remarks varchar(255), primary key (id))
Hibernate: create table points_records (points integer not null, type integer not null, created_at timestamp(6) not null, customer_id bigint not null, id bigint generated by default as identity, related_id bigint, description varchar(255), primary key (id))
Hibernate: create table product_bom (is_main boolean, quantity numeric(38,2) not null, created_at timestamp(6) not null, id bigint generated by default as identity, material_id bigint not null, product_id bigint not null, updated_at timestamp(6) not null, description varchar(255), unit varchar(255) not null, primary key (id))
Hibernate: create table products (price numeric(38,2) not null, status integer not null, category_id bigint not null, created_at timestamp(6) not null, id bigint generated by default as identity, updated_at timestamp(6) not null, description varchar(255), image_url varchar(255), name varchar(255) not null, product_no varchar(255) not null unique, primary key (id))
Hibernate: create table raw_material_inventory (quantity numeric(38,2) not null, warning_threshold numeric(38,2) not null, created_at timestamp(6) not null, id bigint generated by default as identity, last_purchase_at timestamp(6), last_stocktaking_at timestamp(6), material_id bigint not null, store_id bigint not null, updated_at timestamp(6) not null, primary key (id))
Hibernate: create table raw_materials (status integer not null, created_at timestamp(6) not null, id bigint generated by default as identity, supplier_id bigint, updated_at timestamp(6) not null, category varchar(255), description varchar(255), material_no varchar(255) not null unique, name varchar(255) not null, unit varchar(255) not null, primary key (id))
Hibernate: create table stores (status integer not null, created_at timestamp(6) not null, id bigint generated by default as identity, manager_id bigint, updated_at timestamp(6) not null, address varchar(255) not null, business_hours varchar(255) not null, email varchar(255), name varchar(255) not null, phone varchar(255) not null, primary key (id))
Hibernate: alter table if exists order_items add constraint FKbioxgbv59vetrxe0ejfubep1w foreign key (order_id) references orders
&amp#27;[2m2026-01-18T11:40:13.874+08:00&amp#27;[0;39m &amp#27;[32m INFO&amp#27;[0;39m &amp#27;[35m88348&amp#27;[0;39m &amp#27;[2m---&amp#27;[0;39m &amp#27;[2m[           main]&amp#27;[0;39m &amp#27;[2m&amp#27;[0;39m&amp#27;[36mj.LocalContainerEntityManagerFactoryBean&amp#27;[0;39m &amp#27;[2m:&amp#27;[0;39m Initialized JPA EntityManagerFactory for persistence unit 'default'
&amp#27;[2m2026-01-18T11:40:13.973+08:00&amp#27;[0;39m &amp#27;[33m WARN&amp#27;[0;39m &amp#27;[35m88348&amp#27;[0;39m &amp#27;[2m---&amp#27;[0;39m &amp#27;[2m[           main]&amp#27;[0;39m &amp#27;[2m&amp#27;[0;39m&amp#27;[36mJpaBaseConfiguration$JpaWebConfiguration&amp#27;[0;39m &amp#27;[2m:&amp#27;[0;39m spring.jpa.open-in-view is enabled by default. Therefore, database queries may be performed during view rendering. Explicitly configure spring.jpa.open-in-view to disable this warning
&amp#27;[2m2026-01-18T11:40:14.047+08:00&amp#27;[0;39m &amp#27;[32m INFO&amp#27;[0;39m &amp#27;[35m88348&amp#27;[0;39m &amp#27;[2m---&amp#27;[0;39m &amp#27;[2m[           main]&amp#27;[0;39m &amp#27;[2m&amp#27;[0;39m&amp#27;[36mo.s.b.a.e.web.EndpointLinksResolver     &amp#27;[0;39m &amp#27;[2m:&amp#27;[0;39m Exposing 13 endpoint(s) beneath base path '/actuator'
&amp#27;[2m2026-01-18T11:40:14.052+08:00&amp#27;[0;39m &amp#27;[32m INFO&amp#27;[0;39m &amp#27;[35m88348&amp#27;[0;39m &amp#27;[2m---&amp#27;[0;39m &amp#27;[2m[           main]&amp#27;[0;39m &amp#27;[2m&amp#27;[0;39m&amp#27;[36mo.s.s.web.DefaultSecurityFilterChain    &amp#27;[0;39m &amp#27;[2m:&amp#27;[0;39m Will secure any request with [org.springframework.security.web.session.DisableEncodeUrlFilter@3949a74a, org.springframework.security.web.context.request.async.WebAsyncManagerIntegrationFilter@4738abbb, org.springframework.security.web.context.SecurityContextHolderFilter@16557f2, org.springframework.security.web.header.HeaderWriterFilter@3715f13a, org.springframework.web.filter.CorsFilter@4a424f9d, org.springframework.security.web.authentication.logout.LogoutFilter@71971cd8, org.springframework.security.web.savedrequest.RequestCacheAwareFilter@5979a7cd, org.springframework.security.web.servletapi.SecurityContextHolderAwareRequestFilter@6ba05d3d, org.springframework.security.web.authentication.AnonymousAuthenticationFilter@5abcb88, org.springframework.security.web.access.ExceptionTranslationFilter@7db8efc7, org.springframework.security.web.access.intercept.FilterSecurityInterceptor@386885a1]
&amp#27;[2m2026-01-18T11:40:14.120+08:00&amp#27;[0;39m &amp#27;[32m INFO&amp#27;[0;39m &amp#27;[35m88348&amp#27;[0;39m &amp#27;[2m---&amp#27;[0;39m &amp#27;[2m[           main]&amp#27;[0;39m &amp#27;[2m&amp#27;[0;39m&amp#27;[36mo.s.b.w.embedded.tomcat.TomcatWebServer &amp#27;[0;39m &amp#27;[2m:&amp#27;[0;39m Tomcat started on port 61879 (http) with context path ''
&amp#27;[2m2026-01-18T11:40:14.122+08:00&amp#27;[0;39m &amp#27;[32m INFO&amp#27;[0;39m &amp#27;[35m88348&amp#27;[0;39m &amp#27;[2m---&amp#27;[0;39m &amp#27;[2m[           main]&amp#27;[0;39m &amp#27;[2m&amp#27;[0;39m&amp#27;[36mc.s.b.integration.BOMIntegrationTest    &amp#27;[0;39m &amp#27;[2m:&amp#27;[0;39m Started BOMIntegrationTest in 0.444 seconds (process running for 348.88)
&amp#27;[2m2026-01-18T11:40:14.126+08:00&amp#27;[0;39m &amp#27;[32m INFO&amp#27;[0;39m &amp#27;[35m88348&amp#27;[0;39m &amp#27;[2m---&amp#27;[0;39m &amp#27;[2m[-auto-31-exec-1]&amp#27;[0;39m &amp#27;[2m&amp#27;[0;39m&amp#27;[36mo.a.c.c.C.[Tomcat].[localhost].[/]      &amp#27;[0;39m &amp#27;[2m:&amp#27;[0;39m Initializing Spring DispatcherServlet 'dispatcherServlet'
&amp#27;[2m2026-01-18T11:40:14.126+08:00&amp#27;[0;39m &amp#27;[32m INFO&amp#27;[0;39m &amp#27;[35m88348&amp#27;[0;39m &amp#27;[2m---&amp#27;[0;39m &amp#27;[2m[-auto-31-exec-1]&amp#27;[0;39m &amp#27;[2m&amp#27;[0;39m&amp#27;[36mo.s.web.servlet.DispatcherServlet       &amp#27;[0;39m &amp#27;[2m:&amp#27;[0;39m Initializing Servlet 'dispatcherServlet'
&amp#27;[2m2026-01-18T11:40:14.127+08:00&amp#27;[0;39m &amp#27;[32m INFO&amp#27;[0;39m &amp#27;[35m88348&amp#27;[0;39m &amp#27;[2m---&amp#27;[0;39m &amp#27;[2m[-auto-31-exec-1]&amp#27;[0;39m &amp#27;[2m&amp#27;[0;39m&amp#27;[36mo.s.web.servlet.DispatcherServlet       &amp#27;[0;39m &amp#27;[2m:&amp#27;[0;39m Completed initialization in 1 ms
&amp#27;[2m2026-01-18T11:40:14.128+08:00&amp#27;[0;39m &amp#27;[33m WARN&amp#27;[0;39m &amp#27;[35m88348&amp#27;[0;39m &amp#27;[2m---&amp#27;[0;39m &amp#27;[2m[-auto-31-exec-1]&amp#27;[0;39m &amp#27;[2m&amp#27;[0;39m&amp#27;[36mo.s.w.s.h.HandlerMappingIntrospector    &amp#27;[0;39m &amp#27;[2m:&amp#27;[0;39m Cache miss for REQUEST dispatch to '/api/v1/categories' (previous null). Performing CorsConfiguration lookup. This is logged once only at WARN level, and every time at TRACE.
&amp#27;[2m2026-01-18T11:40:14.130+08:00&amp#27;[0;39m &amp#27;[32mDEBUG&amp#27;[0;39m &amp#27;[35m88348&amp#27;[0;39m &amp#27;[2m---&amp#27;[0;39m &amp#27;[2m[-auto-31-exec-1]&amp#27;[0;39m &amp#27;[2m&amp#27;[0;39m&amp#27;[36mc.s.b.controller.CategoryController     &amp#27;[0;39m &amp#27;[2m:&amp#27;[0;39m 开始创建分类: com.solocoffee.backend.entity.Category@58ab4f5c
&amp#27;[2m2026-01-18T11:40:14.130+08:00&amp#27;[0;39m &amp#27;[32mDEBUG&amp#27;[0;39m &amp#27;[35m88348&amp#27;[0;39m &amp#27;[2m---&amp#27;[0;39m &amp#27;[2m[-auto-31-exec-1]&amp#27;[0;39m &amp#27;[2m&amp#27;[0;39m&amp#27;[36mc.s.backend.service.CategoryService     &amp#27;[0;39m &amp#27;[2m:&amp#27;[0;39m 开始创建分类: com.solocoffee.backend.entity.Category@58ab4f5c
Hibernate: insert into category (category_name,created_at,description,sort_order,updated_at,id) values (?,?,?,?,?,default)
&amp#27;[2m2026-01-18T11:40:14.131+08:00&amp#27;[0;39m &amp#27;[32mDEBUG&amp#27;[0;39m &amp#27;[35m88348&amp#27;[0;39m &amp#27;[2m---&amp#27;[0;39m &amp#27;[2m[-auto-31-exec-1]&amp#27;[0;39m &amp#27;[2m&amp#27;[0;39m&amp#27;[36mc.s.b.controller.CategoryController     &amp#27;[0;39m &amp#27;[2m:&amp#27;[0;39m 分类创建成功: com.solocoffee.backend.entity.Category@58ab4f5c
Hibernate: insert into products (category_id,created_at,description,image_url,name,price,product_no,status,updated_at,id) values (?,?,?,?,?,?,?,?,?,default)
Hibernate: insert into products (category_id,created_at,description,image_url,name,price,product_no,status,updated_at,id) values (?,?,?,?,?,?,?,?,?,default)
Hibernate: insert into customers (avatar_url,created_at,email,last_visit_at,member_level_id,name,phone,points,updated_at,wechat_open_id,id) values (?,?,?,?,?,?,?,?,?,?,default)
&amp#27;[2m2026-01-18T11:40:14.162+08:00&amp#27;[0;39m &amp#27;[32mDEBUG&amp#27;[0;39m &amp#27;[35m88348&amp#27;[0;39m &amp#27;[2m---&amp#27;[0;39m &amp#27;[2m[-auto-31-exec-5]&amp#27;[0;39m &amp#27;[2m&amp#27;[0;39m&amp#27;[36mc.s.backend.controller.StoreController  &amp#27;[0;39m &amp#27;[2m:&amp#27;[0;39m 开始创建门店: Store(id=null, name=Test Store, address=123 Main St, phone=13800138001, email=test@store.com, businessHours=09:00-18:00, managerId=null, status=1, createdAt=null, updatedAt=null)
&amp#27;[2m2026-01-18T11:40:14.162+08:00&amp#27;[0;39m &amp#27;[32mDEBUG&amp#27;[0;39m &amp#27;[35m88348&amp#27;[0;39m &amp#27;[2m---&amp#27;[0;39m &amp#27;[2m[-auto-31-exec-5]&amp#27;[0;39m &amp#27;[2m&amp#27;[0;39m&amp#27;[36mc.s.backend.service.StoreService        &amp#27;[0;39m &amp#27;[2m:&amp#27;[0;39m 开始创建门店: Store(id=null, name=Test Store, address=123 Main St, phone=13800138001, email=test@store.com, businessHours=09:00-18:00, managerId=null, status=1, createdAt=null, updatedAt=null)
Hibernate: insert into stores (address,business_hours,created_at,email,manager_id,name,phone,status,updated_at,id) values (?,?,?,?,?,?,?,?,?,default)
&amp#27;[2m2026-01-18T11:40:14.163+08:00&amp#27;[0;39m &amp#27;[32mDEBUG&amp#27;[0;39m &amp#27;[35m88348&amp#27;[0;39m &amp#27;[2m---&amp#27;[0;39m &amp#27;[2m[-auto-31-exec-5]&amp#27;[0;39m &amp#27;[2m&amp#27;[0;39m&amp#27;[36mc.s.backend.controller.StoreController  &amp#27;[0;39m &amp#27;[2m:&amp#27;[0;39m 门店创建成功: Store(id=1, name=Test Store, address=123 Main St, phone=13800138001, email=test@store.com, businessHours=09:00-18:00, managerId=null, status=1, createdAt=2026-01-18T11:40:14.162471, updatedAt=2026-01-18T11:40:14.162473)
Hibernate: insert into raw_materials (category,created_at,description,material_no,name,status,supplier_id,unit,updated_at,id) values (?,?,?,?,?,?,?,?,?,default)
Hibernate: insert into raw_materials (category,created_at,description,material_no,name,status,supplier_id,unit,updated_at,id) values (?,?,?,?,?,?,?,?,?,default)
Hibernate: insert into product_bom (created_at,description,is_main,material_id,product_id,quantity,unit,updated_at,id) values (?,?,?,?,?,?,?,?,default)
Hibernate: select pb1_0.id,pb1_0.created_at,pb1_0.description,pb1_0.is_main,pb1_0.material_id,pb1_0.product_id,pb1_0.quantity,pb1_0.unit,pb1_0.updated_at from product_bom pb1_0 where pb1_0.id=?
Hibernate: select pb1_0.id,pb1_0.created_at,pb1_0.description,pb1_0.is_main,pb1_0.material_id,pb1_0.product_id,pb1_0.quantity,pb1_0.unit,pb1_0.updated_at from product_bom pb1_0 where pb1_0.id=?
Hibernate: update product_bom set created_at=?,description=?,is_main=?,material_id=?,product_id=?,quantity=?,unit=?,updated_at=? where id=?
Hibernate: select pb1_0.id,pb1_0.created_at,pb1_0.description,pb1_0.is_main,pb1_0.material_id,pb1_0.product_id,pb1_0.quantity,pb1_0.unit,pb1_0.updated_at from product_bom pb1_0 where pb1_0.product_id=?
]]></system-out>
  </testcase>
</testsuite>