<?xml version="1.0" encoding="UTF-8"?>
<testsuite xmlns:xsi="http://www.w3.org/2001/XMLSchema-instance" xsi:noNamespaceSchemaLocation="https://maven.apache.org/surefire/maven-surefire-plugin/xsd/surefire-test-report-3.0.xsd" version="3.0" name="com.solocoffee.backend.integration.NotificationIntegrationTest" time="57.294" tests="5" errors="0" skipped="0" failures="0">
  <properties>
[...]
</properties>
  <testcase name="testNotificationPermissionValidation" classname="com.solocoffee.backend.integration.NotificationIntegrationTest" time="11.391">
    <system-out><![CDATA[&amp#27;[2m2026-01-18T11:45:00.971+08:00&amp#27;[0;39m &amp#27;[32m INFO&amp#27;[0;39m &amp#27;[35m88348&amp#27;[0;39m &amp#27;[2m---&amp#27;[0;39m &amp#27;[2m[           main]&amp#27;[0;39m &amp#27;[2m&amp#27;[0;39m&amp#27;[36mt.c.s.AnnotationConfigContextLoaderUtils&amp#27;[0;39m &amp#27;[2m:&amp#27;[0;39m Could not detect default configuration classes for test class [com.solocoffee.backend.integration.NotificationIntegrationTest]: NotificationIntegrationTest does not declare any static, non-private, non-final, nested classes annotated with @Configuration.
&amp#27;[2m2026-01-18T11:45:00.972+08:00&amp#27;[0;39m &amp#27;[32m INFO&amp#27;[0;39m &amp#27;[35m88348&amp#27;[0;39m &amp#27;[2m---&amp#27;[0;39m &amp#27;[2m[           main]&amp#27;[0;39m &amp#27;[2m&amp#27;[0;39m&amp#27;[36m.b.t.c.SpringBootTestContextBootstrapper&amp#27;[0;39m &amp#27;[2m:&amp#27;[0;39m Found @SpringBootConfiguration com.solocoffee.backend.BackendApplication for test class com.solocoffee.backend.integration.NotificationIntegrationTest
&amp#27;[2m2026-01-18T11:45:11.977+08:00&amp#27;[0;39m &amp#27;[33m WARN&amp#27;[0;39m &amp#27;[35m88348&amp#27;[0;39m &amp#27;[2m---&amp#27;[0;39m &amp#27;[2m[           main]&amp#27;[0;39m &amp#27;[2m&amp#27;[0;39m&amp#27;[36morg.apache.tomcat.util.net.Acceptor     &amp#27;[0;39m &amp#27;[2m:&amp#27;[0;39m The acceptor thread [http-nio-auto-56-Acceptor] did not stop cleanly
&amp#27;[2m2026-01-18T11:45:11.981+08:00&amp#27;[0;39m &amp#27;[32m INFO&amp#27;[0;39m &amp#27;[35m88348&amp#27;[0;39m &amp#27;[2m---&amp#27;[0;39m &amp#27;[2m[           main]&amp#27;[0;39m &amp#27;[2m&amp#27;[0;39m&amp#27;[36mj.LocalContainerEntityManagerFactoryBean&amp#27;[0;39m &amp#27;[2m:&amp#27;[0;39m Closing JPA EntityManagerFactory for persistence unit 'default'
Hibernate: drop table if exists category cascade 
Hibernate: drop table if exists customers cascade 
Hibernate: drop table if exists employee cascade 
Hibernate: drop table if exists inventory cascade 
Hibernate: drop table if exists member_levels cascade 
Hibernate: drop table if exists order_items cascade 
Hibernate: drop table if exists orders cascade 
Hibernate: drop table if exists points_records cascade 
Hibernate: drop table if exists product_bom cascade 
Hibernate: drop table if exists products cascade 
Hibernate: drop table if exists raw_material_inventory cascade 
Hibernate: drop table if exists raw_materials cascade 
Hibernate: drop table if exists stores cascade 
&amp#27;[2m2026-01-18T11:45:11.983+08:00&amp#27;[0;39m &amp#27;[32m INFO&amp#27;[0;39m &amp#27;[35m88348&amp#27;[0;39m &amp#27;[2m---&amp#27;[0;39m &amp#27;[2m[           main]&amp#27;[0;39m &amp#27;[2m&amp#27;[0;39m&amp#27;[36mcom.zaxxer.hikari.HikariDataSource      &amp#27;[0;39m &amp#27;[2m:&amp#27;[0;39m HikariPool-56 - Shutdown initiated...
&amp#27;[2m2026-01-18T11:45:11.984+08:00&amp#27;[0;39m &amp#27;[32m INFO&amp#27;[0;39m &amp#27;[35m88348&amp#27;[0;39m &amp#27;[2m---&amp#27;[0;39m &amp#27;[2m[           main]&amp#27;[0;39m &amp#27;[2m&amp#27;[0;39m&amp#27;[36mcom.zaxxer.hikari.HikariDataSource      &amp#27;[0;39m &amp#27;[2m:&amp#27;[0;39m HikariPool-56 - Shutdown completed.

  .   ____          _            __ _ _
 /\\ / ___'_ __ _ _(_)_ __  __ _ \ \ \ \
( ( )\___ | '_ | '_| | '_ \/ _` | \ \ \ \
 \\/  ___)| |_)| | | | | || (_| |  ) ) ) )
  '  |____| .__|_| |_|_| |_\__, | / / / /
 =========|_|==============|___/=/_/_/_/
&amp#27;[32m :: Spring Boot :: &amp#27;[39m              &amp#27;[2m (v3.2.0)&amp#27;[0;39m

&amp#27;[2m2026-01-18T11:45:11.998+08:00&amp#27;[0;39m &amp#27;[32m INFO&amp#27;[0;39m &amp#27;[35m88348&amp#27;[0;39m &amp#27;[2m---&amp#27;[0;39m &amp#27;[2m[           main]&amp#27;[0;39m &amp#27;[2m&amp#27;[0;39m&amp#27;[36mc.s.b.i.NotificationIntegrationTest     &amp#27;[0;39m &amp#27;[2m:&amp#27;[0;39m Starting NotificationIntegrationTest using Java 23.0.2 with PID 88348 (started by qixin in /Users/qixin/Google 云端硬盘/教学/企业级应用软件设计与开发/2026/TraeProjects/solo-coffee/backend)
&amp#27;[2m2026-01-18T11:45:11.998+08:00&amp#27;[0;39m &amp#27;[32mDEBUG&amp#27;[0;39m &amp#27;[35m88348&amp#27;[0;39m &amp#27;[2m---&amp#27;[0;39m &amp#27;[2m[           main]&amp#27;[0;39m &amp#27;[2m&amp#27;[0;39m&amp#27;[36mc.s.b.i.NotificationIntegrationTest     &amp#27;[0;39m &amp#27;[2m:&amp#27;[0;39m Running with Spring Boot v3.2.0, Spring v6.1.1
&amp#27;[2m2026-01-18T11:45:11.998+08:00&amp#27;[0;39m &amp#27;[32m INFO&amp#27;[0;39m &amp#27;[35m88348&amp#27;[0;39m &amp#27;[2m---&amp#27;[0;39m &amp#27;[2m[           main]&amp#27;[0;39m &amp#27;[2m&amp#27;[0;39m&amp#27;[36mc.s.b.i.NotificationIntegrationTest     &amp#27;[0;39m &amp#27;[2m:&amp#27;[0;39m The following 1 profile is active: "test"
&amp#27;[2m2026-01-18T11:45:12.075+08:00&amp#27;[0;39m &amp#27;[32m INFO&amp#27;[0;39m &amp#27;[35m88348&amp#27;[0;39m &amp#27;[2m---&amp#27;[0;39m &amp#27;[2m[           main]&amp#27;[0;39m &amp#27;[2m&amp#27;[0;39m&amp#27;[36m.s.d.r.c.RepositoryConfigurationDelegate&amp#27;[0;39m &amp#27;[2m:&amp#27;[0;39m Bootstrapping Spring Data JPA repositories in DEFAULT mode.
&amp#27;[2m2026-01-18T11:45:12.079+08:00&amp#27;[0;39m &amp#27;[32m INFO&amp#27;[0;39m &amp#27;[35m88348&amp#27;[0;39m &amp#27;[2m---&amp#27;[0;39m &amp#27;[2m[           main]&amp#27;[0;39m &amp#27;[2m&amp#27;[0;39m&amp#27;[36m.s.d.r.c.RepositoryConfigurationDelegate&amp#27;[0;39m &amp#27;[2m:&amp#27;[0;39m Finished Spring Data repository scanning in 4 ms. Found 11 JPA repository interfaces.
&amp#27;[2m2026-01-18T11:45:12.109+08:00&amp#27;[0;39m &amp#27;[32m INFO&amp#27;[0;39m &amp#27;[35m88348&amp#27;[0;39m &amp#27;[2m---&amp#27;[0;39m &amp#27;[2m[           main]&amp#27;[0;39m &amp#27;[2m&amp#27;[0;39m&amp#27;[36mo.s.b.w.embedded.tomcat.TomcatWebServer &amp#27;[0;39m &amp#27;[2m:&amp#27;[0;39m Tomcat initialized with port 0 (http)
&amp#27;[2m2026-01-18T11:45:12.109+08:00&amp#27;[0;39m &amp#27;[32m INFO&amp#27;[0;39m &amp#27;[35m88348&amp#27;[0;39m &amp#27;[2m---&amp#27;[0;39m &amp#27;[2m[           main]&amp#27;[0;39m &amp#27;[2m&amp#27;[0;39m&amp#27;[36mo.apache.catalina.core.StandardService  &amp#27;[0;39m &amp#27;[2m:&amp#27;[0;39m Starting service [Tomcat]
&amp#27;[2m2026-01-18T11:45:12.109+08:00&amp#27;[0;39m &amp#27;[32m INFO&amp#27;[0;39m &amp#27;[35m88348&amp#27;[0;39m &amp#27;[2m---&amp#27;[0;39m &amp#27;[2m[           main]&amp#27;[0;39m &amp#27;[2m&amp#27;[0;39m&amp#27;[36mo.apache.catalina.core.StandardEngine   &amp#27;[0;39m &amp#27;[2m:&amp#27;[0;39m Starting Servlet engine: [Apache Tomcat/10.1.16]
&amp#27;[2m2026-01-18T11:45:12.121+08:00&amp#27;[0;39m &amp#27;[32m INFO&amp#27;[0;39m &amp#27;[35m88348&amp#27;[0;39m &amp#27;[2m---&amp#27;[0;39m &amp#27;[2m[           main]&amp#27;[0;39m &amp#27;[2m&amp#27;[0;39m&amp#27;[36mo.a.c.c.C.[Tomcat].[localhost].[/]      &amp#27;[0;39m &amp#27;[2m:&amp#27;[0;39m Initializing Spring embedded WebApplicationContext
&amp#27;[2m2026-01-18T11:45:12.121+08:00&amp#27;[0;39m &amp#27;[32m INFO&amp#27;[0;39m &amp#27;[35m88348&amp#27;[0;39m &amp#27;[2m---&amp#27;[0;39m &amp#27;[2m[           main]&amp#27;[0;39m &amp#27;[2m&amp#27;[0;39m&amp#27;[36mw.s.c.ServletWebServerApplicationContext&amp#27;[0;39m &amp#27;[2m:&amp#27;[0;39m Root WebApplicationContext: initialization completed in 122 ms
&amp#27;[2m2026-01-18T11:45:12.136+08:00&amp#27;[0;39m &amp#27;[32m INFO&amp#27;[0;39m &amp#27;[35m88348&amp#27;[0;39m &amp#27;[2m---&amp#27;[0;39m &amp#27;[2m[           main]&amp#27;[0;39m &amp#27;[2m&amp#27;[0;39m&amp#27;[36mcom.zaxxer.hikari.HikariDataSource      &amp#27;[0;39m &amp#27;[2m:&amp#27;[0;39m HikariPool-57 - Starting...
&amp#27;[2m2026-01-18T11:45:12.137+08:00&amp#27;[0;39m &amp#27;[32m INFO&amp#27;[0;39m &amp#27;[35m88348&amp#27;[0;39m &amp#27;[2m---&amp#27;[0;39m &amp#27;[2m[           main]&amp#27;[0;39m &amp#27;[2m&amp#27;[0;39m&amp#27;[36mcom.zaxxer.hikari.pool.HikariPool       &amp#27;[0;39m &amp#27;[2m:&amp#27;[0;39m HikariPool-57 - Added connection conn560: url=jdbc:h2:mem:solocoffee user=SA
&amp#27;[2m2026-01-18T11:45:12.137+08:00&amp#27;[0;39m &amp#27;[32m INFO&amp#27;[0;39m &amp#27;[35m88348&amp#27;[0;39m &amp#27;[2m---&amp#27;[0;39m &amp#27;[2m[           main]&amp#27;[0;39m &amp#27;[2m&amp#27;[0;39m&amp#27;[36mcom.zaxxer.hikari.HikariDataSource      &amp#27;[0;39m &amp#27;[2m:&amp#27;[0;39m HikariPool-57 - Start completed.
&amp#27;[2m2026-01-18T11:45:12.137+08:00&amp#27;[0;39m &amp#27;[32m INFO&amp#27;[0;39m &amp#27;[35m88348&amp#27;[0;39m &amp#27;[2m---&amp#27;[0;39m &amp#27;[2m[           main]&amp#27;[0;39m &amp#27;[2m&amp#27;[0;39m&amp#27;[36mo.s.b.a.h2.H2ConsoleAutoConfiguration   &amp#27;[0;39m &amp#27;[2m:&amp#27;[0;39m H2 console available at '/h2-console'. Database available at 'jdbc:h2:mem:solocoffee'
&amp#27;[2m2026-01-18T11:45:12.152+08:00&amp#27;[0;39m &amp#27;[32m INFO&amp#27;[0;39m &amp#27;[35m88348&amp#27;[0;39m &amp#27;[2m---&amp#27;[0;39m &amp#27;[2m[           main]&amp#27;[0;39m &amp#27;[2m&amp#27;[0;39m&amp#27;[36mo.hibernate.jpa.internal.util.LogHelper &amp#27;[0;39m &amp#27;[2m:&amp#27;[0;39m HHH000204: Processing PersistenceUnitInfo [name: default]
&amp#27;[2m2026-01-18T11:45:12.152+08:00&amp#27;[0;39m &amp#27;[32m INFO&amp#27;[0;39m &amp#27;[35m88348&amp#27;[0;39m &amp#27;[2m---&amp#27;[0;39m &amp#27;[2m[           main]&amp#27;[0;39m &amp#27;[2m&amp#27;[0;39m&amp#27;[36mo.h.c.internal.RegionFactoryInitiator   &amp#27;[0;39m &amp#27;[2m:&amp#27;[0;39m HHH000026: Second-level cache disabled
&amp#27;[2m2026-01-18T11:45:12.153+08:00&amp#27;[0;39m &amp#27;[32m INFO&amp#27;[0;39m &amp#27;[35m88348&amp#27;[0;39m &amp#27;[2m---&amp#27;[0;39m &amp#27;[2m[           main]&amp#27;[0;39m &amp#27;[2m&amp#27;[0;39m&amp#27;[36mo.s.o.j.p.SpringPersistenceUnitInfo     &amp#27;[0;39m &amp#27;[2m:&amp#27;[0;39m No LoadTimeWeaver setup: ignoring JPA class transformer
&amp#27;[2m2026-01-18T11:45:12.153+08:00&amp#27;[0;39m &amp#27;[33m WARN&amp#27;[0;39m &amp#27;[35m88348&amp#27;[0;39m &amp#27;[2m---&amp#27;[0;39m &amp#27;[2m[           main]&amp#27;[0;39m &amp#27;[2m&amp#27;[0;39m&amp#27;[36morg.hibernate.orm.deprecation           &amp#27;[0;39m &amp#27;[2m:&amp#27;[0;39m HHH90000025: H2Dialect does not need to be specified explicitly using 'hibernate.dialect' (remove the property setting and it will be selected by default)
&amp#27;[2m2026-01-18T11:45:12.174+08:00&amp#27;[0;39m &amp#27;[32m INFO&amp#27;[0;39m &amp#27;[35m88348&amp#27;[0;39m &amp#27;[2m---&amp#27;[0;39m &amp#27;[2m[           main]&amp#27;[0;39m &amp#27;[2m&amp#27;[0;39m&amp#27;[36mo.h.e.t.j.p.i.JtaPlatformInitiator      &amp#27;[0;39m &amp#27;[2m:&amp#27;[0;39m HHH000489: No JTA platform available (set 'hibernate.transaction.jta.platform' to enable JTA platform integration)
Hibernate: drop table if exists category cascade 
Hibernate: drop table if exists customers cascade 
Hibernate: drop table if exists employee cascade 
Hibernate: drop table if exists inventory cascade 
Hibernate: drop table if exists member_levels cascade 
Hibernate: drop table if exists order_items cascade 
Hibernate: drop table if exists orders cascade 
Hibernate: drop table if exists points_records cascade 
Hibernate: drop table if exists product_bom cascade 
Hibernate: drop table if exists products cascade 
Hibernate: drop table if exists raw_material_inventory cascade 
Hibernate: drop table if exists raw_materials cascade 
Hibernate: drop table if exists stores cascade 
Hibernate: create table category (sort_order integer, created_at timestamp(6) not null, id bigint generated by default as identity, updated_at timestamp(6) not null, category_name varchar(255) not null unique, description varchar(255), primary key (id))
Hibernate: create table customers (points int default 0 not null, created_at timestamp(6) not null, id bigint generated by default as identity, last_visit_at timestamp(6), member_level_id bigint, updated_at timestamp(6) not null, avatar_url varchar(255), email varchar(255), name varchar(255), phone varchar(255) not null unique, wechat_open_id varchar(255) unique, primary key (id))
Hibernate: create table employee (status integer not null, created_at timestamp(6) not null, hire_date timestamp(6) not null, id bigint generated by default as identity, store_id bigint not null, updated_at timestamp(6) not null, email varchar(255), employee_id varchar(255) not null unique, name varchar(255) not null, phone varchar(255) not null, position varchar(255) not null, primary key (id))
Hibernate: create table inventory (quantity numeric(38,2) not null, warning_threshold numeric(38,2) not null, created_at timestamp(6) not null, id bigint generated by default as identity, last_purchase_at timestamp(6), last_stocktaking_at timestamp(6), product_id bigint not null, store_id bigint not null, updated_at timestamp(6) not null, unit varchar(255) not null, primary key (id))
Hibernate: create table member_levels (discount_rate numeric(38,2), min_points integer not null, created_at timestamp(6) not null, id bigint generated by default as identity, updated_at timestamp(6) not null, description varchar(255), name varchar(255) not null, primary key (id))
Hibernate: create table order_items (price numeric(38,2) not null, quantity integer not null, subtotal numeric(38,2) not null, id bigint generated by default as identity, order_id bigint not null, product_id bigint not null, options varchar(255), product_name varchar(255) not null, primary key (id))
Hibernate: create table orders (actual_amount numeric(38,2) not null, order_status integer not null, payment_method integer not null, total_amount numeric(38,2) not null, created_at timestamp(6) not null, customer_id bigint, id bigint generated by default as identity, pickup_time timestamp(6), store_id bigint not null, updated_at timestamp(6) not null, order_no varchar(255) not null unique, remarks varchar(255), primary key (id))
Hibernate: create table points_records (points integer not null, type integer not null, created_at timestamp(6) not null, customer_id bigint not null, id bigint generated by default as identity, related_id bigint, description varchar(255), primary key (id))
Hibernate: create table product_bom (is_main boolean, quantity numeric(38,2) not null, created_at timestamp(6) not null, id bigint generated by default as identity, material_id bigint not null, product_id bigint not null, updated_at timestamp(6) not null, description varchar(255), unit varchar(255) not null, primary key (id))
Hibernate: create table products (price numeric(38,2) not null, status integer not null, category_id bigint not null, created_at timestamp(6) not null, id bigint generated by default as identity, updated_at timestamp(6) not null, description varchar(255), image_url varchar(255), name varchar(255) not null, product_no varchar(255) not null unique, primary key (id))
Hibernate: create table raw_material_inventory (quantity numeric(38,2) not null, warning_threshold numeric(38,2) not null, created_at timestamp(6) not null, id bigint generated by default as identity, last_purchase_at timestamp(6), last_stocktaking_at timestamp(6), material_id bigint not null, store_id bigint not null, updated_at timestamp(6) not null, primary key (id))
Hibernate: create table raw_materials (status integer not null, created_at timestamp(6) not null, id bigint generated by default as identity, supplier_id bigint, updated_at timestamp(6) not null, category varchar(255), description varchar(255), material_no varchar(255) not null unique, name varchar(255) not null, unit varchar(255) not null, primary key (id))
Hibernate: create table stores (status integer not null, created_at timestamp(6) not null, id bigint generated by default as identity, manager_id bigint, updated_at timestamp(6) not null, address varchar(255) not null, business_hours varchar(255) not null, email varchar(255), name varchar(255) not null, phone varchar(255) not null, primary key (id))
Hibernate: alter table if exists order_items add constraint FKbioxgbv59vetrxe0ejfubep1w foreign key (order_id) references orders
&amp#27;[2m2026-01-18T11:45:12.175+08:00&amp#27;[0;39m &amp#27;[32m INFO&amp#27;[0;39m &amp#27;[35m88348&amp#27;[0;39m &amp#27;[2m---&amp#27;[0;39m &amp#27;[2m[           main]&amp#27;[0;39m &amp#27;[2m&amp#27;[0;39m&amp#27;[36mj.LocalContainerEntityManagerFactoryBean&amp#27;[0;39m &amp#27;[2m:&amp#27;[0;39m Initialized JPA EntityManagerFactory for persistence unit 'default'
&amp#27;[2m2026-01-18T11:45:12.245+08:00&amp#27;[0;39m &amp#27;[33m WARN&amp#27;[0;39m &amp#27;[35m88348&amp#27;[0;39m &amp#27;[2m---&amp#27;[0;39m &amp#27;[2m[           main]&amp#27;[0;39m &amp#27;[2m&amp#27;[0;39m&amp#27;[36mJpaBaseConfiguration$JpaWebConfiguration&amp#27;[0;39m &amp#27;[2m:&amp#27;[0;39m spring.jpa.open-in-view is enabled by default. Therefore, database queries may be performed during view rendering. Explicitly configure spring.jpa.open-in-view to disable this warning
&amp#27;[2m2026-01-18T11:45:12.305+08:00&amp#27;[0;39m &amp#27;[32m INFO&amp#27;[0;39m &amp#27;[35m88348&amp#27;[0;39m &amp#27;[2m---&amp#27;[0;39m &amp#27;[2m[           main]&amp#27;[0;39m &amp#27;[2m&amp#27;[0;39m&amp#27;[36mo.s.b.a.e.web.EndpointLinksResolver     &amp#27;[0;39m &amp#27;[2m:&amp#27;[0;39m Exposing 13 endpoint(s) beneath base path '/actuator'
&amp#27;[2m2026-01-18T11:45:12.309+08:00&amp#27;[0;39m &amp#27;[32m INFO&amp#27;[0;39m &amp#27;[35m88348&amp#27;[0;39m &amp#27;[2m---&amp#27;[0;39m &amp#27;[2m[           main]&amp#27;[0;39m &amp#27;[2m&amp#27;[0;39m&amp#27;[36mo.s.s.web.DefaultSecurityFilterChain    &amp#27;[0;39m &amp#27;[2m:&amp#27;[0;39m Will secure any request with [org.springframework.security.web.session.DisableEncodeUrlFilter@42d593b2, org.springframework.security.web.context.request.async.WebAsyncManagerIntegrationFilter@70108747, org.springframework.security.web.context.SecurityContextHolderFilter@52985aab, org.springframework.security.web.header.HeaderWriterFilter@2b388fb6, org.springframework.web.filter.CorsFilter@7fcd58d0, org.springframework.security.web.authentication.logout.LogoutFilter@d1a34e0, org.springframework.security.web.savedrequest.RequestCacheAwareFilter@608ac56a, org.springframework.security.web.servletapi.SecurityContextHolderAwareRequestFilter@44b90889, org.springframework.security.web.authentication.AnonymousAuthenticationFilter@50535b93, org.springframework.security.web.access.ExceptionTranslationFilter@7f156819, org.springframework.security.web.access.intercept.FilterSecurityInterceptor@2697a591]
&amp#27;[2m2026-01-18T11:45:12.353+08:00&amp#27;[0;39m &amp#27;[32m INFO&amp#27;[0;39m &amp#27;[35m88348&amp#27;[0;39m &amp#27;[2m---&amp#27;[0;39m &amp#27;[2m[           main]&amp#27;[0;39m &amp#27;[2m&amp#27;[0;39m&amp#27;[36mo.s.b.w.embedded.tomcat.TomcatWebServer &amp#27;[0;39m &amp#27;[2m:&amp#27;[0;39m Tomcat started on port 63302 (http) with context path ''
&amp#27;[2m2026-01-18T11:45:12.354+08:00&amp#27;[0;39m &amp#27;[32m INFO&amp#27;[0;39m &amp#27;[35m88348&amp#27;[0;39m &amp#27;[2m---&amp#27;[0;39m &amp#27;[2m[           main]&amp#27;[0;39m &amp#27;[2m&amp#27;[0;39m&amp#27;[36mc.s.b.i.NotificationIntegrationTest     &amp#27;[0;39m &amp#27;[2m:&amp#27;[0;39m Started NotificationIntegrationTest in 0.365 seconds (process running for 647.112)
&amp#27;[2m2026-01-18T11:45:12.357+08:00&amp#27;[0;39m &amp#27;[32m INFO&amp#27;[0;39m &amp#27;[35m88348&amp#27;[0;39m &amp#27;[2m---&amp#27;[0;39m &amp#27;[2m[-auto-57-exec-1]&amp#27;[0;39m &amp#27;[2m&amp#27;[0;39m&amp#27;[36mo.a.c.c.C.[Tomcat].[localhost].[/]      &amp#27;[0;39m &amp#27;[2m:&amp#27;[0;39m Initializing Spring DispatcherServlet 'dispatcherServlet'
&amp#27;[2m2026-01-18T11:45:12.357+08:00&amp#27;[0;39m &amp#27;[32m INFO&amp#27;[0;39m &amp#27;[35m88348&amp#27;[0;39m &amp#27;[2m---&amp#27;[0;39m &amp#27;[2m[-auto-57-exec-1]&amp#27;[0;39m &amp#27;[2m&amp#27;[0;39m&amp#27;[36mo.s.web.servlet.DispatcherServlet       &amp#27;[0;39m &amp#27;[2m:&amp#27;[0;39m Initializing Servlet 'dispatcherServlet'
&amp#27;[2m2026-01-18T11:45:12.357+08:00&amp#27;[0;39m &amp#27;[32m INFO&amp#27;[0;39m &amp#27;[35m88348&amp#27;[0;39m &amp#27;[2m---&amp#27;[0;39m &amp#27;[2m[-auto-57-exec-1]&amp#27;[0;39m &amp#27;[2m&amp#27;[0;39m&amp#27;[36mo.s.web.servlet.DispatcherServlet       &amp#27;[0;39m &amp#27;[2m:&amp#27;[0;39m Completed initialization in 0 ms
&amp#27;[2m2026-01-18T11:45:12.357+08:00&amp#27;[0;39m &amp#27;[33m WARN&amp#27;[0;39m &amp#27;[35m88348&amp#27;[0;39m &amp#27;[2m---&amp#27;[0;39m &amp#27;[2m[-auto-57-exec-1]&amp#27;[0;39m &amp#27;[2m&amp#27;[0;39m&amp#27;[36mo.s.w.s.h.HandlerMappingIntrospector    &amp#27;[0;39m &amp#27;[2m:&amp#27;[0;39m Cache miss for REQUEST dispatch to '/api/v1/members' (previous null). Performing CorsConfiguration lookup. This is logged once only at WARN level, and every time at TRACE.
&amp#27;[2m2026-01-18T11:45:12.358+08:00&amp#27;[0;39m &amp#27;[32mDEBUG&amp#27;[0;39m &amp#27;[35m88348&amp#27;[0;39m &amp#27;[2m---&amp#27;[0;39m &amp#27;[2m[-auto-57-exec-1]&amp#27;[0;39m &amp#27;[2m&amp#27;[0;39m&amp#27;[36mc.s.backend.service.MemberService       &amp#27;[0;39m &amp#27;[2m:&amp#27;[0;39m 会员注册: name=Test Customer, phone=13800138000, email=customer@example.com
Hibernate: select c1_0.id,c1_0.avatar_url,c1_0.created_at,c1_0.email,c1_0.last_visit_at,c1_0.member_level_id,c1_0.name,c1_0.phone,c1_0.points,c1_0.updated_at,c1_0.wechat_open_id from customers c1_0
Hibernate: insert into customers (avatar_url,created_at,email,last_visit_at,member_level_id,name,phone,points,updated_at,wechat_open_id,id) values (?,?,?,?,?,?,?,?,?,?,default)
&amp#27;[2m2026-01-18T11:45:12.359+08:00&amp#27;[0;39m &amp#27;[32m INFO&amp#27;[0;39m &amp#27;[35m88348&amp#27;[0;39m &amp#27;[2m---&amp#27;[0;39m &amp#27;[2m[-auto-57-exec-1]&amp#27;[0;39m &amp#27;[2m&amp#27;[0;39m&amp#27;[36mc.s.backend.service.MemberService       &amp#27;[0;39m &amp#27;[2m:&amp#27;[0;39m 会员注册成功: id=1, phone=13800138000
&amp#27;[2m2026-01-18T11:45:12.362+08:00&amp#27;[0;39m &amp#27;[32m INFO&amp#27;[0;39m &amp#27;[35m88348&amp#27;[0;39m &amp#27;[2m---&amp#27;[0;39m &amp#27;[2m[-auto-57-exec-2]&amp#27;[0;39m &amp#27;[2m&amp#27;[0;39m&amp#27;[36mc.s.b.controller.NotificationController &amp#27;[0;39m &amp#27;[2m:&amp#27;[0;39m 获取通知列表请求，客户ID: 1, 页码: 1, 每页大小: 10, 状态: 0
&amp#27;[2m2026-01-18T11:45:12.362+08:00&amp#27;[0;39m &amp#27;[32mDEBUG&amp#27;[0;39m &amp#27;[35m88348&amp#27;[0;39m &amp#27;[2m---&amp#27;[0;39m &amp#27;[2m[-auto-57-exec-2]&amp#27;[0;39m &amp#27;[2m&amp#27;[0;39m&amp#27;[36mc.s.backend.service.NotificationService &amp#27;[0;39m &amp#27;[2m:&amp#27;[0;39m 获取通知列表，客户ID: 1, 页码: 1, 每页大小: 10, 状态: 0
&amp#27;[2m2026-01-18T11:45:12.362+08:00&amp#27;[0;39m &amp#27;[32m INFO&amp#27;[0;39m &amp#27;[35m88348&amp#27;[0;39m &amp#27;[2m---&amp#27;[0;39m &amp#27;[2m[-auto-57-exec-2]&amp#27;[0;39m &amp#27;[2m&amp#27;[0;39m&amp#27;[36mc.s.backend.service.NotificationService &amp#27;[0;39m &amp#27;[2m:&amp#27;[0;39m 获取通知列表完成，总数: 0, 当前页: 1, 每页大小: 10
]]></system-out>
  </testcase>
  <testcase name="testGetNotifications" classname="com.solocoffee.backend.integration.NotificationIntegrationTest" time="11.436">
    <system-out><![CDATA[&amp#27;[2m2026-01-18T11:45:23.368+08:00&amp#27;[0;39m &amp#27;[33m WARN&amp#27;[0;39m &amp#27;[35m88348&amp#27;[0;39m &amp#27;[2m---&amp#27;[0;39m &amp#27;[2m[           main]&amp#27;[0;39m &amp#27;[2m&amp#27;[0;39m&amp#27;[36morg.apache.tomcat.util.net.Acceptor     &amp#27;[0;39m &amp#27;[2m:&amp#27;[0;39m The acceptor thread [http-nio-auto-57-Acceptor] did not stop cleanly
&amp#27;[2m2026-01-18T11:45:23.369+08:00&amp#27;[0;39m &amp#27;[32m INFO&amp#27;[0;39m &amp#27;[35m88348&amp#27;[0;39m &amp#27;[2m---&amp#27;[0;39m &amp#27;[2m[           main]&amp#27;[0;39m &amp#27;[2m&amp#27;[0;39m&amp#27;[36mj.LocalContainerEntityManagerFactoryBean&amp#27;[0;39m &amp#27;[2m:&amp#27;[0;39m Closing JPA EntityManagerFactory for persistence unit 'default'
Hibernate: drop table if exists category cascade 
Hibernate: drop table if exists customers cascade 
Hibernate: drop table if exists employee cascade 
Hibernate: drop table if exists inventory cascade 
Hibernate: drop table if exists member_levels cascade 
Hibernate: drop table if exists order_items cascade 
Hibernate: drop table if exists orders cascade 
Hibernate: drop table if exists points_records cascade 
Hibernate: drop table if exists product_bom cascade 
Hibernate: drop table if exists products cascade 
Hibernate: drop table if exists raw_material_inventory cascade 
Hibernate: drop table if exists raw_materials cascade 
Hibernate: drop table if exists stores cascade 
&amp#27;[2m2026-01-18T11:45:23.370+08:00&amp#27;[0;39m &amp#27;[32m INFO&amp#27;[0;39m &amp#27;[35m88348&amp#27;[0;39m &amp#27;[2m---&amp#27;[0;39m &amp#27;[2m[           main]&amp#27;[0;39m &amp#27;[2m&amp#27;[0;39m&amp#27;[36mcom.zaxxer.hikari.HikariDataSource      &amp#27;[0;39m &amp#27;[2m:&amp#27;[0;39m HikariPool-57 - Shutdown initiated...
&amp#27;[2m2026-01-18T11:45:23.370+08:00&amp#27;[0;39m &amp#27;[32m INFO&amp#27;[0;39m &amp#27;[35m88348&amp#27;[0;39m &amp#27;[2m---&amp#27;[0;39m &amp#27;[2m[           main]&amp#27;[0;39m &amp#27;[2m&amp#27;[0;39m&amp#27;[36mcom.zaxxer.hikari.HikariDataSource      &amp#27;[0;39m &amp#27;[2m:&amp#27;[0;39m HikariPool-57 - Shutdown completed.

  .   ____          _            __ _ _
 /\\ / ___'_ __ _ _(_)_ __  __ _ \ \ \ \
( ( )\___ | '_ | '_| | '_ \/ _` | \ \ \ \
 \\/  ___)| |_)| | | | | || (_| |  ) ) ) )
  '  |____| .__|_| |_|_| |_\__, | / / / /
 =========|_|==============|___/=/_/_/_/
&amp#27;[32m :: Spring Boot :: &amp#27;[39m              &amp#27;[2m (v3.2.0)&amp#27;[0;39m

&amp#27;[2m2026-01-18T11:45:23.376+08:00&amp#27;[0;39m &amp#27;[32m INFO&amp#27;[0;39m &amp#27;[35m88348&amp#27;[0;39m &amp#27;[2m---&amp#27;[0;39m &amp#27;[2m[           main]&amp#27;[0;39m &amp#27;[2m&amp#27;[0;39m&amp#27;[36mc.s.b.i.NotificationIntegrationTest     &amp#27;[0;39m &amp#27;[2m:&amp#27;[0;39m Starting NotificationIntegrationTest using Java 23.0.2 with PID 88348 (started by qixin in /Users/qixin/Google 云端硬盘/教学/企业级应用软件设计与开发/2026/TraeProjects/solo-coffee/backend)
&amp#27;[2m2026-01-18T11:45:23.376+08:00&amp#27;[0;39m &amp#27;[32mDEBUG&amp#27;[0;39m &amp#27;[35m88348&amp#27;[0;39m &amp#27;[2m---&amp#27;[0;39m &amp#27;[2m[           main]&amp#27;[0;39m &amp#27;[2m&amp#27;[0;39m&amp#27;[36mc.s.b.i.NotificationIntegrationTest     &amp#27;[0;39m &amp#27;[2m:&amp#27;[0;39m Running with Spring Boot v3.2.0, Spring v6.1.1
&amp#27;[2m2026-01-18T11:45:23.376+08:00&amp#27;[0;39m &amp#27;[32m INFO&amp#27;[0;39m &amp#27;[35m88348&amp#27;[0;39m &amp#27;[2m---&amp#27;[0;39m &amp#27;[2m[           main]&amp#27;[0;39m &amp#27;[2m&amp#27;[0;39m&amp#27;[36mc.s.b.i.NotificationIntegrationTest     &amp#27;[0;39m &amp#27;[2m:&amp#27;[0;39m The following 1 profile is active: "test"
&amp#27;[2m2026-01-18T11:45:23.428+08:00&amp#27;[0;39m &amp#27;[32m INFO&amp#27;[0;39m &amp#27;[35m88348&amp#27;[0;39m &amp#27;[2m---&amp#27;[0;39m &amp#27;[2m[           main]&amp#27;[0;39m &amp#27;[2m&amp#27;[0;39m&amp#27;[36m.s.d.r.c.RepositoryConfigurationDelegate&amp#27;[0;39m &amp#27;[2m:&amp#27;[0;39m Bootstrapping Spring Data JPA repositories in DEFAULT mode.
&amp#27;[2m2026-01-18T11:45:23.432+08:00&amp#27;[0;39m &amp#27;[32m INFO&amp#27;[0;39m &amp#27;[35m88348&amp#27;[0;39m &amp#27;[2m---&amp#27;[0;39m &amp#27;[2m[           main]&amp#27;[0;39m &amp#27;[2m&amp#27;[0;39m&amp#27;[36m.s.d.r.c.RepositoryConfigurationDelegate&amp#27;[0;39m &amp#27;[2m:&amp#27;[0;39m Finished Spring Data repository scanning in 3 ms. Found 11 JPA repository interfaces.
&amp#27;[2m2026-01-18T11:45:23.458+08:00&amp#27;[0;39m &amp#27;[32m INFO&amp#27;[0;39m &amp#27;[35m88348&amp#27;[0;39m &amp#27;[2m---&amp#27;[0;39m &amp#27;[2m[           main]&amp#27;[0;39m &amp#27;[2m&amp#27;[0;39m&amp#27;[36mo.s.b.w.embedded.tomcat.TomcatWebServer &amp#27;[0;39m &amp#27;[2m:&amp#27;[0;39m Tomcat initialized with port 0 (http)
&amp#27;[2m2026-01-18T11:45:23.458+08:00&amp#27;[0;39m &amp#27;[32m INFO&amp#27;[0;39m &amp#27;[35m88348&amp#27;[0;39m &amp#27;[2m---&amp#27;[0;39m &amp#27;[2m[           main]&amp#27;[0;39m &amp#27;[2m&amp#27;[0;39m&amp#27;[36mo.apache.catalina.core.StandardService  &amp#27;[0;39m &amp#27;[2m:&amp#27;[0;39m Starting service [Tomcat]
&amp#27;[2m2026-01-18T11:45:23.459+08:00&amp#27;[0;39m &amp#27;[32m INFO&amp#27;[0;39m &amp#27;[35m88348&amp#27;[0;39m &amp#27;[2m---&amp#27;[0;39m &amp#27;[2m[           main]&amp#27;[0;39m &amp#27;[2m&amp#27;[0;39m&amp#27;[36mo.apache.catalina.core.StandardEngine   &amp#27;[0;39m &amp#27;[2m:&amp#27;[0;39m Starting Servlet engine: [Apache Tomcat/10.1.16]
&amp#27;[2m2026-01-18T11:45:23.470+08:00&amp#27;[0;39m &amp#27;[32m INFO&amp#27;[0;39m &amp#27;[35m88348&amp#27;[0;39m &amp#27;[2m---&amp#27;[0;39m &amp#27;[2m[           main]&amp#27;[0;39m &amp#27;[2m&amp#27;[0;39m&amp#27;[36mo.a.c.c.C.[Tomcat].[localhost].[/]      &amp#27;[0;39m &amp#27;[2m:&amp#27;[0;39m Initializing Spring embedded WebApplicationContext
&amp#27;[2m2026-01-18T11:45:23.470+08:00&amp#27;[0;39m &amp#27;[32m INFO&amp#27;[0;39m &amp#27;[35m88348&amp#27;[0;39m &amp#27;[2m---&amp#27;[0;39m &amp#27;[2m[           main]&amp#27;[0;39m &amp#27;[2m&amp#27;[0;39m&amp#27;[36mw.s.c.ServletWebServerApplicationContext&amp#27;[0;39m &amp#27;[2m:&amp#27;[0;39m Root WebApplicationContext: initialization completed in 94 ms
&amp#27;[2m2026-01-18T11:45:23.486+08:00&amp#27;[0;39m &amp#27;[32m INFO&amp#27;[0;39m &amp#27;[35m88348&amp#27;[0;39m &amp#27;[2m---&amp#27;[0;39m &amp#27;[2m[           main]&amp#27;[0;39m &amp#27;[2m&amp#27;[0;39m&amp#27;[36mcom.zaxxer.hikari.HikariDataSource      &amp#27;[0;39m &amp#27;[2m:&amp#27;[0;39m HikariPool-58 - Starting...
&amp#27;[2m2026-01-18T11:45:23.486+08:00&amp#27;[0;39m &amp#27;[32m INFO&amp#27;[0;39m &amp#27;[35m88348&amp#27;[0;39m &amp#27;[2m---&amp#27;[0;39m &amp#27;[2m[           main]&amp#27;[0;39m &amp#27;[2m&amp#27;[0;39m&amp#27;[36mcom.zaxxer.hikari.pool.HikariPool       &amp#27;[0;39m &amp#27;[2m:&amp#27;[0;39m HikariPool-58 - Added connection conn570: url=jdbc:h2:mem:solocoffee user=SA
&amp#27;[2m2026-01-18T11:45:23.486+08:00&amp#27;[0;39m &amp#27;[32m INFO&amp#27;[0;39m &amp#27;[35m88348&amp#27;[0;39m &amp#27;[2m---&amp#27;[0;39m &amp#27;[2m[           main]&amp#27;[0;39m &amp#27;[2m&amp#27;[0;39m&amp#27;[36mcom.zaxxer.hikari.HikariDataSource      &amp#27;[0;39m &amp#27;[2m:&amp#27;[0;39m HikariPool-58 - Start completed.
&amp#27;[2m2026-01-18T11:45:23.486+08:00&amp#27;[0;39m &amp#27;[32m INFO&amp#27;[0;39m &amp#27;[35m88348&amp#27;[0;39m &amp#27;[2m---&amp#27;[0;39m &amp#27;[2m[           main]&amp#27;[0;39m &amp#27;[2m&amp#27;[0;39m&amp#27;[36mo.s.b.a.h2.H2ConsoleAutoConfiguration   &amp#27;[0;39m &amp#27;[2m:&amp#27;[0;39m H2 console available at '/h2-console'. Database available at 'jdbc:h2:mem:solocoffee'
&amp#27;[2m2026-01-18T11:45:23.502+08:00&amp#27;[0;39m &amp#27;[32m INFO&amp#27;[0;39m &amp#27;[35m88348&amp#27;[0;39m &amp#27;[2m---&amp#27;[0;39m &amp#27;[2m[           main]&amp#27;[0;39m &amp#27;[2m&amp#27;[0;39m&amp#27;[36mo.hibernate.jpa.internal.util.LogHelper &amp#27;[0;39m &amp#27;[2m:&amp#27;[0;39m HHH000204: Processing PersistenceUnitInfo [name: default]
&amp#27;[2m2026-01-18T11:45:23.502+08:00&amp#27;[0;39m &amp#27;[32m INFO&amp#27;[0;39m &amp#27;[35m88348&amp#27;[0;39m &amp#27;[2m---&amp#27;[0;39m &amp#27;[2m[           main]&amp#27;[0;39m &amp#27;[2m&amp#27;[0;39m&amp#27;[36mo.h.c.internal.RegionFactoryInitiator   &amp#27;[0;39m &amp#27;[2m:&amp#27;[0;39m HHH000026: Second-level cache disabled
&amp#27;[2m2026-01-18T11:45:23.503+08:00&amp#27;[0;39m &amp#27;[32m INFO&amp#27;[0;39m &amp#27;[35m88348&amp#27;[0;39m &amp#27;[2m---&amp#27;[0;39m &amp#27;[2m[           main]&amp#27;[0;39m &amp#27;[2m&amp#27;[0;39m&amp#27;[36mo.s.o.j.p.SpringPersistenceUnitInfo     &amp#27;[0;39m &amp#27;[2m:&amp#27;[0;39m No LoadTimeWeaver setup: ignoring JPA class transformer
&amp#27;[2m2026-01-18T11:45:23.503+08:00&amp#27;[0;39m &amp#27;[33m WARN&amp#27;[0;39m &amp#27;[35m88348&amp#27;[0;39m &amp#27;[2m---&amp#27;[0;39m &amp#27;[2m[           main]&amp#27;[0;39m &amp#27;[2m&amp#27;[0;39m&amp#27;[36morg.hibernate.orm.deprecation           &amp#27;[0;39m &amp#27;[2m:&amp#27;[0;39m HHH90000025: H2Dialect does not need to be specified explicitly using 'hibernate.dialect' (remove the property setting and it will be selected by default)
&amp#27;[2m2026-01-18T11:45:23.524+08:00&amp#27;[0;39m &amp#27;[32m INFO&amp#27;[0;39m &amp#27;[35m88348&amp#27;[0;39m &amp#27;[2m---&amp#27;[0;39m &amp#27;[2m[           main]&amp#27;[0;39m &amp#27;[2m&amp#27;[0;39m&amp#27;[36mo.h.e.t.j.p.i.JtaPlatformInitiator      &amp#27;[0;39m &amp#27;[2m:&amp#27;[0;39m HHH000489: No JTA platform available (set 'hibernate.transaction.jta.platform' to enable JTA platform integration)
Hibernate: drop table if exists category cascade 
Hibernate: drop table if exists customers cascade 
Hibernate: drop table if exists employee cascade 
Hibernate: drop table if exists inventory cascade 
Hibernate: drop table if exists member_levels cascade 
Hibernate: drop table if exists order_items cascade 
Hibernate: drop table if exists orders cascade 
Hibernate: drop table if exists points_records cascade 
Hibernate: drop table if exists product_bom cascade 
Hibernate: drop table if exists products cascade 
Hibernate: drop table if exists raw_material_inventory cascade 
Hibernate: drop table if exists raw_materials cascade 
Hibernate: drop table if exists stores cascade 
Hibernate: create table category (sort_order integer, created_at timestamp(6) not null, id bigint generated by default as identity, updated_at timestamp(6) not null, category_name varchar(255) not null unique, description varchar(255), primary key (id))
Hibernate: create table customers (points int default 0 not null, created_at timestamp(6) not null, id bigint generated by default as identity, last_visit_at timestamp(6), member_level_id bigint, updated_at timestamp(6) not null, avatar_url varchar(255), email varchar(255), name varchar(255), phone varchar(255) not null unique, wechat_open_id varchar(255) unique, primary key (id))
Hibernate: create table employee (status integer not null, created_at timestamp(6) not null, hire_date timestamp(6) not null, id bigint generated by default as identity, store_id bigint not null, updated_at timestamp(6) not null, email varchar(255), employee_id varchar(255) not null unique, name varchar(255) not null, phone varchar(255) not null, position varchar(255) not null, primary key (id))
Hibernate: create table inventory (quantity numeric(38,2) not null, warning_threshold numeric(38,2) not null, created_at timestamp(6) not null, id bigint generated by default as identity, last_purchase_at timestamp(6), last_stocktaking_at timestamp(6), product_id bigint not null, store_id bigint not null, updated_at timestamp(6) not null, unit varchar(255) not null, primary key (id))
Hibernate: create table member_levels (discount_rate numeric(38,2), min_points integer not null, created_at timestamp(6) not null, id bigint generated by default as identity, updated_at timestamp(6) not null, description varchar(255), name varchar(255) not null, primary key (id))
Hibernate: create table order_items (price numeric(38,2) not null, quantity integer not null, subtotal numeric(38,2) not null, id bigint generated by default as identity, order_id bigint not null, product_id bigint not null, options varchar(255), product_name varchar(255) not null, primary key (id))
Hibernate: create table orders (actual_amount numeric(38,2) not null, order_status integer not null, payment_method integer not null, total_amount numeric(38,2) not null, created_at timestamp(6) not null, customer_id bigint, id bigint generated by default as identity, pickup_time timestamp(6), store_id bigint not null, updated_at timestamp(6) not null, order_no varchar(255) not null unique, remarks varchar(255), primary key (id))
Hibernate: create table points_records (points integer not null, type integer not null, created_at timestamp(6) not null, customer_id bigint not null, id bigint generated by default as identity, related_id bigint, description varchar(255), primary key (id))
Hibernate: create table product_bom (is_main boolean, quantity numeric(38,2) not null, created_at timestamp(6) not null, id bigint generated by default as identity, material_id bigint not null, product_id bigint not null, updated_at timestamp(6) not null, description varchar(255), unit varchar(255) not null, primary key (id))
Hibernate: create table products (price numeric(38,2) not null, status integer not null, category_id bigint not null, created_at timestamp(6) not null, id bigint generated by default as identity, updated_at timestamp(6) not null, description varchar(255), image_url varchar(255), name varchar(255) not null, product_no varchar(255) not null unique, primary key (id))
Hibernate: create table raw_material_inventory (quantity numeric(38,2) not null, warning_threshold numeric(38,2) not null, created_at timestamp(6) not null, id bigint generated by default as identity, last_purchase_at timestamp(6), last_stocktaking_at timestamp(6), material_id bigint not null, store_id bigint not null, updated_at timestamp(6) not null, primary key (id))
Hibernate: create table raw_materials (status integer not null, created_at timestamp(6) not null, id bigint generated by default as identity, supplier_id bigint, updated_at timestamp(6) not null, category varchar(255), description varchar(255), material_no varchar(255) not null unique, name varchar(255) not null, unit varchar(255) not null, primary key (id))
Hibernate: create table stores (status integer not null, created_at timestamp(6) not null, id bigint generated by default as identity, manager_id bigint, updated_at timestamp(6) not null, address varchar(255) not null, business_hours varchar(255) not null, email varchar(255), name varchar(255) not null, phone varchar(255) not null, primary key (id))
Hibernate: alter table if exists order_items add constraint FKbioxgbv59vetrxe0ejfubep1w foreign key (order_id) references orders
&amp#27;[2m2026-01-18T11:45:23.526+08:00&amp#27;[0;39m &amp#27;[32m INFO&amp#27;[0;39m &amp#27;[35m88348&amp#27;[0;39m &amp#27;[2m---&amp#27;[0;39m &amp#27;[2m[           main]&amp#27;[0;39m &amp#27;[2m&amp#27;[0;39m&amp#27;[36mj.LocalContainerEntityManagerFactoryBean&amp#27;[0;39m &amp#27;[2m:&amp#27;[0;39m Initialized JPA EntityManagerFactory for persistence unit 'default'
&amp#27;[2m2026-01-18T11:45:23.684+08:00&amp#27;[0;39m &amp#27;[33m WARN&amp#27;[0;39m &amp#27;[35m88348&amp#27;[0;39m &amp#27;[2m---&amp#27;[0;39m &amp#27;[2m[           main]&amp#27;[0;39m &amp#27;[2m&amp#27;[0;39m&amp#27;[36mJpaBaseConfiguration$JpaWebConfiguration&amp#27;[0;39m &amp#27;[2m:&amp#27;[0;39m spring.jpa.open-in-view is enabled by default. Therefore, database queries may be performed during view rendering. Explicitly configure spring.jpa.open-in-view to disable this warning
&amp#27;[2m2026-01-18T11:45:23.743+08:00&amp#27;[0;39m &amp#27;[32m INFO&amp#27;[0;39m &amp#27;[35m88348&amp#27;[0;39m &amp#27;[2m---&amp#27;[0;39m &amp#27;[2m[           main]&amp#27;[0;39m &amp#27;[2m&amp#27;[0;39m&amp#27;[36mo.s.b.a.e.web.EndpointLinksResolver     &amp#27;[0;39m &amp#27;[2m:&amp#27;[0;39m Exposing 13 endpoint(s) beneath base path '/actuator'
&amp#27;[2m2026-01-18T11:45:23.747+08:00&amp#27;[0;39m &amp#27;[32m INFO&amp#27;[0;39m &amp#27;[35m88348&amp#27;[0;39m &amp#27;[2m---&amp#27;[0;39m &amp#27;[2m[           main]&amp#27;[0;39m &amp#27;[2m&amp#27;[0;39m&amp#27;[36mo.s.s.web.DefaultSecurityFilterChain    &amp#27;[0;39m &amp#27;[2m:&amp#27;[0;39m Will secure any request with [org.springframework.security.web.session.DisableEncodeUrlFilter@734b5b6, org.springframework.security.web.context.request.async.WebAsyncManagerIntegrationFilter@48b2b744, org.springframework.security.web.context.SecurityContextHolderFilter@3f919be5, org.springframework.security.web.header.HeaderWriterFilter@6dad4710, org.springframework.web.filter.CorsFilter@1b86f157, org.springframework.security.web.authentication.logout.LogoutFilter@5b7a65ef, org.springframework.security.web.savedrequest.RequestCacheAwareFilter@200bde18, org.springframework.security.web.servletapi.SecurityContextHolderAwareRequestFilter@2fb785e, org.springframework.security.web.authentication.AnonymousAuthenticationFilter@d548926, org.springframework.security.web.access.ExceptionTranslationFilter@4d74ae62, org.springframework.security.web.access.intercept.FilterSecurityInterceptor@4ed8e43e]
&amp#27;[2m2026-01-18T11:45:23.791+08:00&amp#27;[0;39m &amp#27;[32m INFO&amp#27;[0;39m &amp#27;[35m88348&amp#27;[0;39m &amp#27;[2m---&amp#27;[0;39m &amp#27;[2m[           main]&amp#27;[0;39m &amp#27;[2m&amp#27;[0;39m&amp#27;[36mo.s.b.w.embedded.tomcat.TomcatWebServer &amp#27;[0;39m &amp#27;[2m:&amp#27;[0;39m Tomcat started on port 63343 (http) with context path ''
&amp#27;[2m2026-01-18T11:45:23.792+08:00&amp#27;[0;39m &amp#27;[32m INFO&amp#27;[0;39m &amp#27;[35m88348&amp#27;[0;39m &amp#27;[2m---&amp#27;[0;39m &amp#27;[2m[           main]&amp#27;[0;39m &amp#27;[2m&amp#27;[0;39m&amp#27;[36mc.s.b.i.NotificationIntegrationTest     &amp#27;[0;39m &amp#27;[2m:&amp#27;[0;39m Started NotificationIntegrationTest in 0.42 seconds (process running for 658.55)
&amp#27;[2m2026-01-18T11:45:23.794+08:00&amp#27;[0;39m &amp#27;[32m INFO&amp#27;[0;39m &amp#27;[35m88348&amp#27;[0;39m &amp#27;[2m---&amp#27;[0;39m &amp#27;[2m[-auto-58-exec-1]&amp#27;[0;39m &amp#27;[2m&amp#27;[0;39m&amp#27;[36mo.a.c.c.C.[Tomcat].[localhost].[/]      &amp#27;[0;39m &amp#27;[2m:&amp#27;[0;39m Initializing Spring DispatcherServlet 'dispatcherServlet'
&amp#27;[2m2026-01-18T11:45:23.794+08:00&amp#27;[0;39m &amp#27;[32m INFO&amp#27;[0;39m &amp#27;[35m88348&amp#27;[0;39m &amp#27;[2m---&amp#27;[0;39m &amp#27;[2m[-auto-58-exec-1]&amp#27;[0;39m &amp#27;[2m&amp#27;[0;39m&amp#27;[36mo.s.web.servlet.DispatcherServlet       &amp#27;[0;39m &amp#27;[2m:&amp#27;[0;39m Initializing Servlet 'dispatcherServlet'
&amp#27;[2m2026-01-18T11:45:23.795+08:00&amp#27;[0;39m &amp#27;[32m INFO&amp#27;[0;39m &amp#27;[35m88348&amp#27;[0;39m &amp#27;[2m---&amp#27;[0;39m &amp#27;[2m[-auto-58-exec-1]&amp#27;[0;39m &amp#27;[2m&amp#27;[0;39m&amp#27;[36mo.s.web.servlet.DispatcherServlet       &amp#27;[0;39m &amp#27;[2m:&amp#27;[0;39m Completed initialization in 1 ms
&amp#27;[2m2026-01-18T11:45:23.795+08:00&amp#27;[0;39m &amp#27;[33m WARN&amp#27;[0;39m &amp#27;[35m88348&amp#27;[0;39m &amp#27;[2m---&amp#27;[0;39m &amp#27;[2m[-auto-58-exec-1]&amp#27;[0;39m &amp#27;[2m&amp#27;[0;39m&amp#27;[36mo.s.w.s.h.HandlerMappingIntrospector    &amp#27;[0;39m &amp#27;[2m:&amp#27;[0;39m Cache miss for REQUEST dispatch to '/api/v1/members' (previous null). Performing CorsConfiguration lookup. This is logged once only at WARN level, and every time at TRACE.
&amp#27;[2m2026-01-18T11:45:23.795+08:00&amp#27;[0;39m &amp#27;[32mDEBUG&amp#27;[0;39m &amp#27;[35m88348&amp#27;[0;39m &amp#27;[2m---&amp#27;[0;39m &amp#27;[2m[-auto-58-exec-1]&amp#27;[0;39m &amp#27;[2m&amp#27;[0;39m&amp#27;[36mc.s.backend.service.MemberService       &amp#27;[0;39m &amp#27;[2m:&amp#27;[0;39m 会员注册: name=Test Customer, phone=13800138000, email=customer@example.com
Hibernate: select c1_0.id,c1_0.avatar_url,c1_0.created_at,c1_0.email,c1_0.last_visit_at,c1_0.member_level_id,c1_0.name,c1_0.phone,c1_0.points,c1_0.updated_at,c1_0.wechat_open_id from customers c1_0
Hibernate: insert into customers (avatar_url,created_at,email,last_visit_at,member_level_id,name,phone,points,updated_at,wechat_open_id,id) values (?,?,?,?,?,?,?,?,?,?,default)
&amp#27;[2m2026-01-18T11:45:23.797+08:00&amp#27;[0;39m &amp#27;[32m INFO&amp#27;[0;39m &amp#27;[35m88348&amp#27;[0;39m &amp#27;[2m---&amp#27;[0;39m &amp#27;[2m[-auto-58-exec-1]&amp#27;[0;39m &amp#27;[2m&amp#27;[0;39m&amp#27;[36mc.s.backend.service.MemberService       &amp#27;[0;39m &amp#27;[2m:&amp#27;[0;39m 会员注册成功: id=1, phone=13800138000
&amp#27;[2m2026-01-18T11:45:23.798+08:00&amp#27;[0;39m &amp#27;[32m INFO&amp#27;[0;39m &amp#27;[35m88348&amp#27;[0;39m &amp#27;[2m---&amp#27;[0;39m &amp#27;[2m[-auto-58-exec-2]&amp#27;[0;39m &amp#27;[2m&amp#27;[0;39m&amp#27;[36mc.s.b.controller.NotificationController &amp#27;[0;39m &amp#27;[2m:&amp#27;[0;39m 获取通知列表请求，客户ID: 1, 页码: 1, 每页大小: 10, 状态: 0
&amp#27;[2m2026-01-18T11:45:23.799+08:00&amp#27;[0;39m &amp#27;[32mDEBUG&amp#27;[0;39m &amp#27;[35m88348&amp#27;[0;39m &amp#27;[2m---&amp#27;[0;39m &amp#27;[2m[-auto-58-exec-2]&amp#27;[0;39m &amp#27;[2m&amp#27;[0;39m&amp#27;[36mc.s.backend.service.NotificationService &amp#27;[0;39m &amp#27;[2m:&amp#27;[0;39m 获取通知列表，客户ID: 1, 页码: 1, 每页大小: 10, 状态: 0
&amp#27;[2m2026-01-18T11:45:23.799+08:00&amp#27;[0;39m &amp#27;[32m INFO&amp#27;[0;39m &amp#27;[35m88348&amp#27;[0;39m &amp#27;[2m---&amp#27;[0;39m &amp#27;[2m[-auto-58-exec-2]&amp#27;[0;39m &amp#27;[2m&amp#27;[0;39m&amp#27;[36mc.s.backend.service.NotificationService &amp#27;[0;39m &amp#27;[2m:&amp#27;[0;39m 获取通知列表完成，总数: 0, 当前页: 1, 每页大小: 10
]]></system-out>
  </testcase>
  <testcase name="testMarkAsRead" classname="com.solocoffee.backend.integration.NotificationIntegrationTest" time="11.419">
    <system-out><![CDATA[&amp#27;[2m2026-01-18T11:45:34.805+08:00&amp#27;[0;39m &amp#27;[33m WARN&amp#27;[0;39m &amp#27;[35m88348&amp#27;[0;39m &amp#27;[2m---&amp#27;[0;39m &amp#27;[2m[           main]&amp#27;[0;39m &amp#27;[2m&amp#27;[0;39m&amp#27;[36morg.apache.tomcat.util.net.Acceptor     &amp#27;[0;39m &amp#27;[2m:&amp#27;[0;39m The acceptor thread [http-nio-auto-58-Acceptor] did not stop cleanly
&amp#27;[2m2026-01-18T11:45:34.808+08:00&amp#27;[0;39m &amp#27;[32m INFO&amp#27;[0;39m &amp#27;[35m88348&amp#27;[0;39m &amp#27;[2m---&amp#27;[0;39m &amp#27;[2m[           main]&amp#27;[0;39m &amp#27;[2m&amp#27;[0;39m&amp#27;[36mj.LocalContainerEntityManagerFactoryBean&amp#27;[0;39m &amp#27;[2m:&amp#27;[0;39m Closing JPA EntityManagerFactory for persistence unit 'default'
Hibernate: drop table if exists category cascade 
Hibernate: drop table if exists customers cascade 
Hibernate: drop table if exists employee cascade 
Hibernate: drop table if exists inventory cascade 
Hibernate: drop table if exists member_levels cascade 
Hibernate: drop table if exists order_items cascade 
Hibernate: drop table if exists orders cascade 
Hibernate: drop table if exists points_records cascade 
Hibernate: drop table if exists product_bom cascade 
Hibernate: drop table if exists products cascade 
Hibernate: drop table if exists raw_material_inventory cascade 
Hibernate: drop table if exists raw_materials cascade 
Hibernate: drop table if exists stores cascade 
&amp#27;[2m2026-01-18T11:45:34.810+08:00&amp#27;[0;39m &amp#27;[32m INFO&amp#27;[0;39m &amp#27;[35m88348&amp#27;[0;39m &amp#27;[2m---&amp#27;[0;39m &amp#27;[2m[           main]&amp#27;[0;39m &amp#27;[2m&amp#27;[0;39m&amp#27;[36mcom.zaxxer.hikari.HikariDataSource      &amp#27;[0;39m &amp#27;[2m:&amp#27;[0;39m HikariPool-58 - Shutdown initiated...
&amp#27;[2m2026-01-18T11:45:34.811+08:00&amp#27;[0;39m &amp#27;[32m INFO&amp#27;[0;39m &amp#27;[35m88348&amp#27;[0;39m &amp#27;[2m---&amp#27;[0;39m &amp#27;[2m[           main]&amp#27;[0;39m &amp#27;[2m&amp#27;[0;39m&amp#27;[36mcom.zaxxer.hikari.HikariDataSource      &amp#27;[0;39m &amp#27;[2m:&amp#27;[0;39m HikariPool-58 - Shutdown completed.

  .   ____          _            __ _ _
 /\\ / ___'_ __ _ _(_)_ __  __ _ \ \ \ \
( ( )\___ | '_ | '_| | '_ \/ _` | \ \ \ \
 \\/  ___)| |_)| | | | | || (_| |  ) ) ) )
  '  |____| .__|_| |_|_| |_\__, | / / / /
 =========|_|==============|___/=/_/_/_/
&amp#27;[32m :: Spring Boot :: &amp#27;[39m              &amp#27;[2m (v3.2.0)&amp#27;[0;39m

&amp#27;[2m2026-01-18T11:45:34.828+08:00&amp#27;[0;39m &amp#27;[32m INFO&amp#27;[0;39m &amp#27;[35m88348&amp#27;[0;39m &amp#27;[2m---&amp#27;[0;39m &amp#27;[2m[           main]&amp#27;[0;39m &amp#27;[2m&amp#27;[0;39m&amp#27;[36mc.s.b.i.NotificationIntegrationTest     &amp#27;[0;39m &amp#27;[2m:&amp#27;[0;39m Starting NotificationIntegrationTest using Java 23.0.2 with PID 88348 (started by qixin in /Users/qixin/Google 云端硬盘/教学/企业级应用软件设计与开发/2026/TraeProjects/solo-coffee/backend)
&amp#27;[2m2026-01-18T11:45:34.828+08:00&amp#27;[0;39m &amp#27;[32mDEBUG&amp#27;[0;39m &amp#27;[35m88348&amp#27;[0;39m &amp#27;[2m---&amp#27;[0;39m &amp#27;[2m[           main]&amp#27;[0;39m &amp#27;[2m&amp#27;[0;39m&amp#27;[36mc.s.b.i.NotificationIntegrationTest     &amp#27;[0;39m &amp#27;[2m:&amp#27;[0;39m Running with Spring Boot v3.2.0, Spring v6.1.1
&amp#27;[2m2026-01-18T11:45:34.828+08:00&amp#27;[0;39m &amp#27;[32m INFO&amp#27;[0;39m &amp#27;[35m88348&amp#27;[0;39m &amp#27;[2m---&amp#27;[0;39m &amp#27;[2m[           main]&amp#27;[0;39m &amp#27;[2m&amp#27;[0;39m&amp#27;[36mc.s.b.i.NotificationIntegrationTest     &amp#27;[0;39m &amp#27;[2m:&amp#27;[0;39m The following 1 profile is active: "test"
&amp#27;[2m2026-01-18T11:45:34.887+08:00&amp#27;[0;39m &amp#27;[32m INFO&amp#27;[0;39m &amp#27;[35m88348&amp#27;[0;39m &amp#27;[2m---&amp#27;[0;39m &amp#27;[2m[           main]&amp#27;[0;39m &amp#27;[2m&amp#27;[0;39m&amp#27;[36m.s.d.r.c.RepositoryConfigurationDelegate&amp#27;[0;39m &amp#27;[2m:&amp#27;[0;39m Bootstrapping Spring Data JPA repositories in DEFAULT mode.
&amp#27;[2m2026-01-18T11:45:34.891+08:00&amp#27;[0;39m &amp#27;[32m INFO&amp#27;[0;39m &amp#27;[35m88348&amp#27;[0;39m &amp#27;[2m---&amp#27;[0;39m &amp#27;[2m[           main]&amp#27;[0;39m &amp#27;[2m&amp#27;[0;39m&amp#27;[36m.s.d.r.c.RepositoryConfigurationDelegate&amp#27;[0;39m &amp#27;[2m:&amp#27;[0;39m Finished Spring Data repository scanning in 3 ms. Found 11 JPA repository interfaces.
&amp#27;[2m2026-01-18T11:45:34.918+08:00&amp#27;[0;39m &amp#27;[32m INFO&amp#27;[0;39m &amp#27;[35m88348&amp#27;[0;39m &amp#27;[2m---&amp#27;[0;39m &amp#27;[2m[           main]&amp#27;[0;39m &amp#27;[2m&amp#27;[0;39m&amp#27;[36mo.s.b.w.embedded.tomcat.TomcatWebServer &amp#27;[0;39m &amp#27;[2m:&amp#27;[0;39m Tomcat initialized with port 0 (http)
&amp#27;[2m2026-01-18T11:45:34.918+08:00&amp#27;[0;39m &amp#27;[32m INFO&amp#27;[0;39m &amp#27;[35m88348&amp#27;[0;39m &amp#27;[2m---&amp#27;[0;39m &amp#27;[2m[           main]&amp#27;[0;39m &amp#27;[2m&amp#27;[0;39m&amp#27;[36mo.apache.catalina.core.StandardService  &amp#27;[0;39m &amp#27;[2m:&amp#27;[0;39m Starting service [Tomcat]
&amp#27;[2m2026-01-18T11:45:34.918+08:00&amp#27;[0;39m &amp#27;[32m INFO&amp#27;[0;39m &amp#27;[35m88348&amp#27;[0;39m &amp#27;[2m---&amp#27;[0;39m &amp#27;[2m[           main]&amp#27;[0;39m &amp#27;[2m&amp#27;[0;39m&amp#27;[36mo.apache.catalina.core.StandardEngine   &amp#27;[0;39m &amp#27;[2m:&amp#27;[0;39m Starting Servlet engine: [Apache Tomcat/10.1.16]
&amp#27;[2m2026-01-18T11:45:34.929+08:00&amp#27;[0;39m &amp#27;[32m INFO&amp#27;[0;39m &amp#27;[35m88348&amp#27;[0;39m &amp#27;[2m---&amp#27;[0;39m &amp#27;[2m[           main]&amp#27;[0;39m &amp#27;[2m&amp#27;[0;39m&amp#27;[36mo.a.c.c.C.[Tomcat].[localhost].[/]      &amp#27;[0;39m &amp#27;[2m:&amp#27;[0;39m Initializing Spring embedded WebApplicationContext
&amp#27;[2m2026-01-18T11:45:34.929+08:00&amp#27;[0;39m &amp#27;[32m INFO&amp#27;[0;39m &amp#27;[35m88348&amp#27;[0;39m &amp#27;[2m---&amp#27;[0;39m &amp#27;[2m[           main]&amp#27;[0;39m &amp#27;[2m&amp#27;[0;39m&amp#27;[36mw.s.c.ServletWebServerApplicationContext&amp#27;[0;39m &amp#27;[2m:&amp#27;[0;39m Root WebApplicationContext: initialization completed in 100 ms
&amp#27;[2m2026-01-18T11:45:34.953+08:00&amp#27;[0;39m &amp#27;[32m INFO&amp#27;[0;39m &amp#27;[35m88348&amp#27;[0;39m &amp#27;[2m---&amp#27;[0;39m &amp#27;[2m[           main]&amp#27;[0;39m &amp#27;[2m&amp#27;[0;39m&amp#27;[36mcom.zaxxer.hikari.HikariDataSource      &amp#27;[0;39m &amp#27;[2m:&amp#27;[0;39m HikariPool-59 - Starting...
&amp#27;[2m2026-01-18T11:45:34.953+08:00&amp#27;[0;39m &amp#27;[32m INFO&amp#27;[0;39m &amp#27;[35m88348&amp#27;[0;39m &amp#27;[2m---&amp#27;[0;39m &amp#27;[2m[           main]&amp#27;[0;39m &amp#27;[2m&amp#27;[0;39m&amp#27;[36mcom.zaxxer.hikari.pool.HikariPool       &amp#27;[0;39m &amp#27;[2m:&amp#27;[0;39m HikariPool-59 - Added connection conn580: url=jdbc:h2:mem:solocoffee user=SA
&amp#27;[2m2026-01-18T11:45:34.953+08:00&amp#27;[0;39m &amp#27;[32m INFO&amp#27;[0;39m &amp#27;[35m88348&amp#27;[0;39m &amp#27;[2m---&amp#27;[0;39m &amp#27;[2m[           main]&amp#27;[0;39m &amp#27;[2m&amp#27;[0;39m&amp#27;[36mcom.zaxxer.hikari.HikariDataSource      &amp#27;[0;39m &amp#27;[2m:&amp#27;[0;39m HikariPool-59 - Start completed.
&amp#27;[2m2026-01-18T11:45:34.953+08:00&amp#27;[0;39m &amp#27;[32m INFO&amp#27;[0;39m &amp#27;[35m88348&amp#27;[0;39m &amp#27;[2m---&amp#27;[0;39m &amp#27;[2m[           main]&amp#27;[0;39m &amp#27;[2m&amp#27;[0;39m&amp#27;[36mo.s.b.a.h2.H2ConsoleAutoConfiguration   &amp#27;[0;39m &amp#27;[2m:&amp#27;[0;39m H2 console available at '/h2-console'. Database available at 'jdbc:h2:mem:solocoffee'
&amp#27;[2m2026-01-18T11:45:34.972+08:00&amp#27;[0;39m &amp#27;[32m INFO&amp#27;[0;39m &amp#27;[35m88348&amp#27;[0;39m &amp#27;[2m---&amp#27;[0;39m &amp#27;[2m[           main]&amp#27;[0;39m &amp#27;[2m&amp#27;[0;39m&amp#27;[36mo.hibernate.jpa.internal.util.LogHelper &amp#27;[0;39m &amp#27;[2m:&amp#27;[0;39m HHH000204: Processing PersistenceUnitInfo [name: default]
&amp#27;[2m2026-01-18T11:45:34.973+08:00&amp#27;[0;39m &amp#27;[32m INFO&amp#27;[0;39m &amp#27;[35m88348&amp#27;[0;39m &amp#27;[2m---&amp#27;[0;39m &amp#27;[2m[           main]&amp#27;[0;39m &amp#27;[2m&amp#27;[0;39m&amp#27;[36mo.h.c.internal.RegionFactoryInitiator   &amp#27;[0;39m &amp#27;[2m:&amp#27;[0;39m HHH000026: Second-level cache disabled
&amp#27;[2m2026-01-18T11:45:34.973+08:00&amp#27;[0;39m &amp#27;[32m INFO&amp#27;[0;39m &amp#27;[35m88348&amp#27;[0;39m &amp#27;[2m---&amp#27;[0;39m &amp#27;[2m[           main]&amp#27;[0;39m &amp#27;[2m&amp#27;[0;39m&amp#27;[36mo.s.o.j.p.SpringPersistenceUnitInfo     &amp#27;[0;39m &amp#27;[2m:&amp#27;[0;39m No LoadTimeWeaver setup: ignoring JPA class transformer
&amp#27;[2m2026-01-18T11:45:34.974+08:00&amp#27;[0;39m &amp#27;[33m WARN&amp#27;[0;39m &amp#27;[35m88348&amp#27;[0;39m &amp#27;[2m---&amp#27;[0;39m &amp#27;[2m[           main]&amp#27;[0;39m &amp#27;[2m&amp#27;[0;39m&amp#27;[36morg.hibernate.orm.deprecation           &amp#27;[0;39m &amp#27;[2m:&amp#27;[0;39m HHH90000025: H2Dialect does not need to be specified explicitly using 'hibernate.dialect' (remove the property setting and it will be selected by default)
&amp#27;[2m2026-01-18T11:45:34.994+08:00&amp#27;[0;39m &amp#27;[32m INFO&amp#27;[0;39m &amp#27;[35m88348&amp#27;[0;39m &amp#27;[2m---&amp#27;[0;39m &amp#27;[2m[           main]&amp#27;[0;39m &amp#27;[2m&amp#27;[0;39m&amp#27;[36mo.h.e.t.j.p.i.JtaPlatformInitiator      &amp#27;[0;39m &amp#27;[2m:&amp#27;[0;39m HHH000489: No JTA platform available (set 'hibernate.transaction.jta.platform' to enable JTA platform integration)
Hibernate: drop table if exists category cascade 
Hibernate: drop table if exists customers cascade 
Hibernate: drop table if exists employee cascade 
Hibernate: drop table if exists inventory cascade 
Hibernate: drop table if exists member_levels cascade 
Hibernate: drop table if exists order_items cascade 
Hibernate: drop table if exists orders cascade 
Hibernate: drop table if exists points_records cascade 
Hibernate: drop table if exists product_bom cascade 
Hibernate: drop table if exists products cascade 
Hibernate: drop table if exists raw_material_inventory cascade 
Hibernate: drop table if exists raw_materials cascade 
Hibernate: drop table if exists stores cascade 
Hibernate: create table category (sort_order integer, created_at timestamp(6) not null, id bigint generated by default as identity, updated_at timestamp(6) not null, category_name varchar(255) not null unique, description varchar(255), primary key (id))
Hibernate: create table customers (points int default 0 not null, created_at timestamp(6) not null, id bigint generated by default as identity, last_visit_at timestamp(6), member_level_id bigint, updated_at timestamp(6) not null, avatar_url varchar(255), email varchar(255), name varchar(255), phone varchar(255) not null unique, wechat_open_id varchar(255) unique, primary key (id))
Hibernate: create table employee (status integer not null, created_at timestamp(6) not null, hire_date timestamp(6) not null, id bigint generated by default as identity, store_id bigint not null, updated_at timestamp(6) not null, email varchar(255), employee_id varchar(255) not null unique, name varchar(255) not null, phone varchar(255) not null, position varchar(255) not null, primary key (id))
Hibernate: create table inventory (quantity numeric(38,2) not null, warning_threshold numeric(38,2) not null, created_at timestamp(6) not null, id bigint generated by default as identity, last_purchase_at timestamp(6), last_stocktaking_at timestamp(6), product_id bigint not null, store_id bigint not null, updated_at timestamp(6) not null, unit varchar(255) not null, primary key (id))
Hibernate: create table member_levels (discount_rate numeric(38,2), min_points integer not null, created_at timestamp(6) not null, id bigint generated by default as identity, updated_at timestamp(6) not null, description varchar(255), name varchar(255) not null, primary key (id))
Hibernate: create table order_items (price numeric(38,2) not null, quantity integer not null, subtotal numeric(38,2) not null, id bigint generated by default as identity, order_id bigint not null, product_id bigint not null, options varchar(255), product_name varchar(255) not null, primary key (id))
Hibernate: create table orders (actual_amount numeric(38,2) not null, order_status integer not null, payment_method integer not null, total_amount numeric(38,2) not null, created_at timestamp(6) not null, customer_id bigint, id bigint generated by default as identity, pickup_time timestamp(6), store_id bigint not null, updated_at timestamp(6) not null, order_no varchar(255) not null unique, remarks varchar(255), primary key (id))
Hibernate: create table points_records (points integer not null, type integer not null, created_at timestamp(6) not null, customer_id bigint not null, id bigint generated by default as identity, related_id bigint, description varchar(255), primary key (id))
Hibernate: create table product_bom (is_main boolean, quantity numeric(38,2) not null, created_at timestamp(6) not null, id bigint generated by default as identity, material_id bigint not null, product_id bigint not null, updated_at timestamp(6) not null, description varchar(255), unit varchar(255) not null, primary key (id))
Hibernate: create table products (price numeric(38,2) not null, status integer not null, category_id bigint not null, created_at timestamp(6) not null, id bigint generated by default as identity, updated_at timestamp(6) not null, description varchar(255), image_url varchar(255), name varchar(255) not null, product_no varchar(255) not null unique, primary key (id))
Hibernate: create table raw_material_inventory (quantity numeric(38,2) not null, warning_threshold numeric(38,2) not null, created_at timestamp(6) not null, id bigint generated by default as identity, last_purchase_at timestamp(6), last_stocktaking_at timestamp(6), material_id bigint not null, store_id bigint not null, updated_at timestamp(6) not null, primary key (id))
Hibernate: create table raw_materials (status integer not null, created_at timestamp(6) not null, id bigint generated by default as identity, supplier_id bigint, updated_at timestamp(6) not null, category varchar(255), description varchar(255), material_no varchar(255) not null unique, name varchar(255) not null, unit varchar(255) not null, primary key (id))
Hibernate: create table stores (status integer not null, created_at timestamp(6) not null, id bigint generated by default as identity, manager_id bigint, updated_at timestamp(6) not null, address varchar(255) not null, business_hours varchar(255) not null, email varchar(255), name varchar(255) not null, phone varchar(255) not null, primary key (id))
Hibernate: alter table if exists order_items add constraint FKbioxgbv59vetrxe0ejfubep1w foreign key (order_id) references orders
&amp#27;[2m2026-01-18T11:45:34.996+08:00&amp#27;[0;39m &amp#27;[32m INFO&amp#27;[0;39m &amp#27;[35m88348&amp#27;[0;39m &amp#27;[2m---&amp#27;[0;39m &amp#27;[2m[           main]&amp#27;[0;39m &amp#27;[2m&amp#27;[0;39m&amp#27;[36mj.LocalContainerEntityManagerFactoryBean&amp#27;[0;39m &amp#27;[2m:&amp#27;[0;39m Initialized JPA EntityManagerFactory for persistence unit 'default'
&amp#27;[2m2026-01-18T11:45:35.069+08:00&amp#27;[0;39m &amp#27;[33m WARN&amp#27;[0;39m &amp#27;[35m88348&amp#27;[0;39m &amp#27;[2m---&amp#27;[0;39m &amp#27;[2m[           main]&amp#27;[0;39m &amp#27;[2m&amp#27;[0;39m&amp#27;[36mJpaBaseConfiguration$JpaWebConfiguration&amp#27;[0;39m &amp#27;[2m:&amp#27;[0;39m spring.jpa.open-in-view is enabled by default. Therefore, database queries may be performed during view rendering. Explicitly configure spring.jpa.open-in-view to disable this warning
&amp#27;[2m2026-01-18T11:45:35.137+08:00&amp#27;[0;39m &amp#27;[32m INFO&amp#27;[0;39m &amp#27;[35m88348&amp#27;[0;39m &amp#27;[2m---&amp#27;[0;39m &amp#27;[2m[           main]&amp#27;[0;39m &amp#27;[2m&amp#27;[0;39m&amp#27;[36mo.s.b.a.e.web.EndpointLinksResolver     &amp#27;[0;39m &amp#27;[2m:&amp#27;[0;39m Exposing 13 endpoint(s) beneath base path '/actuator'
&amp#27;[2m2026-01-18T11:45:35.141+08:00&amp#27;[0;39m &amp#27;[32m INFO&amp#27;[0;39m &amp#27;[35m88348&amp#27;[0;39m &amp#27;[2m---&amp#27;[0;39m &amp#27;[2m[           main]&amp#27;[0;39m &amp#27;[2m&amp#27;[0;39m&amp#27;[36mo.s.s.web.DefaultSecurityFilterChain    &amp#27;[0;39m &amp#27;[2m:&amp#27;[0;39m Will secure any request with [org.springframework.security.web.session.DisableEncodeUrlFilter@7d0b2962, org.springframework.security.web.context.request.async.WebAsyncManagerIntegrationFilter@63a586c3, org.springframework.security.web.context.SecurityContextHolderFilter@1be784d3, org.springframework.security.web.header.HeaderWriterFilter@6953b8f3, org.springframework.web.filter.CorsFilter@2bef2590, org.springframework.security.web.authentication.logout.LogoutFilter@52c6caf9, org.springframework.security.web.savedrequest.RequestCacheAwareFilter@37762c15, org.springframework.security.web.servletapi.SecurityContextHolderAwareRequestFilter@259097ec, org.springframework.security.web.authentication.AnonymousAuthenticationFilter@760086f1, org.springframework.security.web.access.ExceptionTranslationFilter@7218f741, org.springframework.security.web.access.intercept.FilterSecurityInterceptor@52afe9b3]
&amp#27;[2m2026-01-18T11:45:35.208+08:00&amp#27;[0;39m &amp#27;[32m INFO&amp#27;[0;39m &amp#27;[35m88348&amp#27;[0;39m &amp#27;[2m---&amp#27;[0;39m &amp#27;[2m[           main]&amp#27;[0;39m &amp#27;[2m&amp#27;[0;39m&amp#27;[36mo.s.b.w.embedded.tomcat.TomcatWebServer &amp#27;[0;39m &amp#27;[2m:&amp#27;[0;39m Tomcat started on port 63400 (http) with context path ''
&amp#27;[2m2026-01-18T11:45:35.209+08:00&amp#27;[0;39m &amp#27;[32m INFO&amp#27;[0;39m &amp#27;[35m88348&amp#27;[0;39m &amp#27;[2m---&amp#27;[0;39m &amp#27;[2m[           main]&amp#27;[0;39m &amp#27;[2m&amp#27;[0;39m&amp#27;[36mc.s.b.i.NotificationIntegrationTest     &amp#27;[0;39m &amp#27;[2m:&amp#27;[0;39m Started NotificationIntegrationTest in 0.391 seconds (process running for 669.967)
&amp#27;[2m2026-01-18T11:45:35.212+08:00&amp#27;[0;39m &amp#27;[32m INFO&amp#27;[0;39m &amp#27;[35m88348&amp#27;[0;39m &amp#27;[2m---&amp#27;[0;39m &amp#27;[2m[-auto-59-exec-1]&amp#27;[0;39m &amp#27;[2m&amp#27;[0;39m&amp#27;[36mo.a.c.c.C.[Tomcat].[localhost].[/]      &amp#27;[0;39m &amp#27;[2m:&amp#27;[0;39m Initializing Spring DispatcherServlet 'dispatcherServlet'
&amp#27;[2m2026-01-18T11:45:35.212+08:00&amp#27;[0;39m &amp#27;[32m INFO&amp#27;[0;39m &amp#27;[35m88348&amp#27;[0;39m &amp#27;[2m---&amp#27;[0;39m &amp#27;[2m[-auto-59-exec-1]&amp#27;[0;39m &amp#27;[2m&amp#27;[0;39m&amp#27;[36mo.s.web.servlet.DispatcherServlet       &amp#27;[0;39m &amp#27;[2m:&amp#27;[0;39m Initializing Servlet 'dispatcherServlet'
&amp#27;[2m2026-01-18T11:45:35.213+08:00&amp#27;[0;39m &amp#27;[32m INFO&amp#27;[0;39m &amp#27;[35m88348&amp#27;[0;39m &amp#27;[2m---&amp#27;[0;39m &amp#27;[2m[-auto-59-exec-1]&amp#27;[0;39m &amp#27;[2m&amp#27;[0;39m&amp#27;[36mo.s.web.servlet.DispatcherServlet       &amp#27;[0;39m &amp#27;[2m:&amp#27;[0;39m Completed initialization in 1 ms
&amp#27;[2m2026-01-18T11:45:35.213+08:00&amp#27;[0;39m &amp#27;[33m WARN&amp#27;[0;39m &amp#27;[35m88348&amp#27;[0;39m &amp#27;[2m---&amp#27;[0;39m &amp#27;[2m[-auto-59-exec-1]&amp#27;[0;39m &amp#27;[2m&amp#27;[0;39m&amp#27;[36mo.s.w.s.h.HandlerMappingIntrospector    &amp#27;[0;39m &amp#27;[2m:&amp#27;[0;39m Cache miss for REQUEST dispatch to '/api/v1/members' (previous null). Performing CorsConfiguration lookup. This is logged once only at WARN level, and every time at TRACE.
&amp#27;[2m2026-01-18T11:45:35.214+08:00&amp#27;[0;39m &amp#27;[32mDEBUG&amp#27;[0;39m &amp#27;[35m88348&amp#27;[0;39m &amp#27;[2m---&amp#27;[0;39m &amp#27;[2m[-auto-59-exec-1]&amp#27;[0;39m &amp#27;[2m&amp#27;[0;39m&amp#27;[36mc.s.backend.service.MemberService       &amp#27;[0;39m &amp#27;[2m:&amp#27;[0;39m 会员注册: name=Test Customer, phone=13800138000, email=customer@example.com
Hibernate: select c1_0.id,c1_0.avatar_url,c1_0.created_at,c1_0.email,c1_0.last_visit_at,c1_0.member_level_id,c1_0.name,c1_0.phone,c1_0.points,c1_0.updated_at,c1_0.wechat_open_id from customers c1_0
Hibernate: insert into customers (avatar_url,created_at,email,last_visit_at,member_level_id,name,phone,points,updated_at,wechat_open_id,id) values (?,?,?,?,?,?,?,?,?,?,default)
&amp#27;[2m2026-01-18T11:45:35.215+08:00&amp#27;[0;39m &amp#27;[32m INFO&amp#27;[0;39m &amp#27;[35m88348&amp#27;[0;39m &amp#27;[2m---&amp#27;[0;39m &amp#27;[2m[-auto-59-exec-1]&amp#27;[0;39m &amp#27;[2m&amp#27;[0;39m&amp#27;[36mc.s.backend.service.MemberService       &amp#27;[0;39m &amp#27;[2m:&amp#27;[0;39m 会员注册成功: id=1, phone=13800138000
&amp#27;[2m2026-01-18T11:45:35.218+08:00&amp#27;[0;39m &amp#27;[32m INFO&amp#27;[0;39m &amp#27;[35m88348&amp#27;[0;39m &amp#27;[2m---&amp#27;[0;39m &amp#27;[2m[-auto-59-exec-2]&amp#27;[0;39m &amp#27;[2m&amp#27;[0;39m&amp#27;[36mc.s.b.controller.NotificationController &amp#27;[0;39m &amp#27;[2m:&amp#27;[0;39m 获取通知列表请求，客户ID: 1, 页码: 1, 每页大小: 10, 状态: 0
&amp#27;[2m2026-01-18T11:45:35.218+08:00&amp#27;[0;39m &amp#27;[32mDEBUG&amp#27;[0;39m &amp#27;[35m88348&amp#27;[0;39m &amp#27;[2m---&amp#27;[0;39m &amp#27;[2m[-auto-59-exec-2]&amp#27;[0;39m &amp#27;[2m&amp#27;[0;39m&amp#27;[36mc.s.backend.service.NotificationService &amp#27;[0;39m &amp#27;[2m:&amp#27;[0;39m 获取通知列表，客户ID: 1, 页码: 1, 每页大小: 10, 状态: 0
&amp#27;[2m2026-01-18T11:45:35.218+08:00&amp#27;[0;39m &amp#27;[32m INFO&amp#27;[0;39m &amp#27;[35m88348&amp#27;[0;39m &amp#27;[2m---&amp#27;[0;39m &amp#27;[2m[-auto-59-exec-2]&amp#27;[0;39m &amp#27;[2m&amp#27;[0;39m&amp#27;[36mc.s.backend.service.NotificationService &amp#27;[0;39m &amp#27;[2m:&amp#27;[0;39m 获取通知列表完成，总数: 0, 当前页: 1, 每页大小: 10
]]></system-out>
  </testcase>
  <testcase name="testBatchMarkAsRead" classname="com.solocoffee.backend.integration.NotificationIntegrationTest" time="11.578">
    <system-out><![CDATA[&amp#27;[2m2026-01-18T11:45:46.224+08:00&amp#27;[0;39m &amp#27;[33m WARN&amp#27;[0;39m &amp#27;[35m88348&amp#27;[0;39m &amp#27;[2m---&amp#27;[0;39m &amp#27;[2m[           main]&amp#27;[0;39m &amp#27;[2m&amp#27;[0;39m&amp#27;[36morg.apache.tomcat.util.net.Acceptor     &amp#27;[0;39m &amp#27;[2m:&amp#27;[0;39m The acceptor thread [http-nio-auto-59-Acceptor] did not stop cleanly
&amp#27;[2m2026-01-18T11:45:46.235+08:00&amp#27;[0;39m &amp#27;[32m INFO&amp#27;[0;39m &amp#27;[35m88348&amp#27;[0;39m &amp#27;[2m---&amp#27;[0;39m &amp#27;[2m[           main]&amp#27;[0;39m &amp#27;[2m&amp#27;[0;39m&amp#27;[36mj.LocalContainerEntityManagerFactoryBean&amp#27;[0;39m &amp#27;[2m:&amp#27;[0;39m Closing JPA EntityManagerFactory for persistence unit 'default'
Hibernate: drop table if exists category cascade 
Hibernate: drop table if exists customers cascade 
Hibernate: drop table if exists employee cascade 
Hibernate: drop table if exists inventory cascade 
Hibernate: drop table if exists member_levels cascade 
Hibernate: drop table if exists order_items cascade 
Hibernate: drop table if exists orders cascade 
Hibernate: drop table if exists points_records cascade 
Hibernate: drop table if exists product_bom cascade 
Hibernate: drop table if exists products cascade 
Hibernate: drop table if exists raw_material_inventory cascade 
Hibernate: drop table if exists raw_materials cascade 
Hibernate: drop table if exists stores cascade 
&amp#27;[2m2026-01-18T11:45:46.241+08:00&amp#27;[0;39m &amp#27;[32m INFO&amp#27;[0;39m &amp#27;[35m88348&amp#27;[0;39m &amp#27;[2m---&amp#27;[0;39m &amp#27;[2m[           main]&amp#27;[0;39m &amp#27;[2m&amp#27;[0;39m&amp#27;[36mcom.zaxxer.hikari.HikariDataSource      &amp#27;[0;39m &amp#27;[2m:&amp#27;[0;39m HikariPool-59 - Shutdown initiated...
&amp#27;[2m2026-01-18T11:45:46.242+08:00&amp#27;[0;39m &amp#27;[32m INFO&amp#27;[0;39m &amp#27;[35m88348&amp#27;[0;39m &amp#27;[2m---&amp#27;[0;39m &amp#27;[2m[           main]&amp#27;[0;39m &amp#27;[2m&amp#27;[0;39m&amp#27;[36mcom.zaxxer.hikari.HikariDataSource      &amp#27;[0;39m &amp#27;[2m:&amp#27;[0;39m HikariPool-59 - Shutdown completed.

  .   ____          _            __ _ _
 /\\ / ___'_ __ _ _(_)_ __  __ _ \ \ \ \
( ( )\___ | '_ | '_| | '_ \/ _` | \ \ \ \
 \\/  ___)| |_)| | | | | || (_| |  ) ) ) )
  '  |____| .__|_| |_|_| |_\__, | / / / /
 =========|_|==============|___/=/_/_/_/
&amp#27;[32m :: Spring Boot :: &amp#27;[39m              &amp#27;[2m (v3.2.0)&amp#27;[0;39m

&amp#27;[2m2026-01-18T11:45:46.267+08:00&amp#27;[0;39m &amp#27;[32m INFO&amp#27;[0;39m &amp#27;[35m88348&amp#27;[0;39m &amp#27;[2m---&amp#27;[0;39m &amp#27;[2m[           main]&amp#27;[0;39m &amp#27;[2m&amp#27;[0;39m&amp#27;[36mc.s.b.i.NotificationIntegrationTest     &amp#27;[0;39m &amp#27;[2m:&amp#27;[0;39m Starting NotificationIntegrationTest using Java 23.0.2 with PID 88348 (started by qixin in /Users/qixin/Google 云端硬盘/教学/企业级应用软件设计与开发/2026/TraeProjects/solo-coffee/backend)
&amp#27;[2m2026-01-18T11:45:46.267+08:00&amp#27;[0;39m &amp#27;[32mDEBUG&amp#27;[0;39m &amp#27;[35m88348&amp#27;[0;39m &amp#27;[2m---&amp#27;[0;39m &amp#27;[2m[           main]&amp#27;[0;39m &amp#27;[2m&amp#27;[0;39m&amp#27;[36mc.s.b.i.NotificationIntegrationTest     &amp#27;[0;39m &amp#27;[2m:&amp#27;[0;39m Running with Spring Boot v3.2.0, Spring v6.1.1
&amp#27;[2m2026-01-18T11:45:46.267+08:00&amp#27;[0;39m &amp#27;[32m INFO&amp#27;[0;39m &amp#27;[35m88348&amp#27;[0;39m &amp#27;[2m---&amp#27;[0;39m &amp#27;[2m[           main]&amp#27;[0;39m &amp#27;[2m&amp#27;[0;39m&amp#27;[36mc.s.b.i.NotificationIntegrationTest     &amp#27;[0;39m &amp#27;[2m:&amp#27;[0;39m The following 1 profile is active: "test"
&amp#27;[2m2026-01-18T11:45:46.369+08:00&amp#27;[0;39m &amp#27;[32m INFO&amp#27;[0;39m &amp#27;[35m88348&amp#27;[0;39m &amp#27;[2m---&amp#27;[0;39m &amp#27;[2m[           main]&amp#27;[0;39m &amp#27;[2m&amp#27;[0;39m&amp#27;[36m.s.d.r.c.RepositoryConfigurationDelegate&amp#27;[0;39m &amp#27;[2m:&amp#27;[0;39m Bootstrapping Spring Data JPA repositories in DEFAULT mode.
&amp#27;[2m2026-01-18T11:45:46.380+08:00&amp#27;[0;39m &amp#27;[32m INFO&amp#27;[0;39m &amp#27;[35m88348&amp#27;[0;39m &amp#27;[2m---&amp#27;[0;39m &amp#27;[2m[           main]&amp#27;[0;39m &amp#27;[2m&amp#27;[0;39m&amp#27;[36m.s.d.r.c.RepositoryConfigurationDelegate&amp#27;[0;39m &amp#27;[2m:&amp#27;[0;39m Finished Spring Data repository scanning in 11 ms. Found 11 JPA repository interfaces.
&amp#27;[2m2026-01-18T11:45:46.427+08:00&amp#27;[0;39m &amp#27;[32m INFO&amp#27;[0;39m &amp#27;[35m88348&amp#27;[0;39m &amp#27;[2m---&amp#27;[0;39m &amp#27;[2m[           main]&amp#27;[0;39m &amp#27;[2m&amp#27;[0;39m&amp#27;[36mo.s.b.w.embedded.tomcat.TomcatWebServer &amp#27;[0;39m &amp#27;[2m:&amp#27;[0;39m Tomcat initialized with port 0 (http)
&amp#27;[2m2026-01-18T11:45:46.428+08:00&amp#27;[0;39m &amp#27;[32m INFO&amp#27;[0;39m &amp#27;[35m88348&amp#27;[0;39m &amp#27;[2m---&amp#27;[0;39m &amp#27;[2m[           main]&amp#27;[0;39m &amp#27;[2m&amp#27;[0;39m&amp#27;[36mo.apache.catalina.core.StandardService  &amp#27;[0;39m &amp#27;[2m:&amp#27;[0;39m Starting service [Tomcat]
&amp#27;[2m2026-01-18T11:45:46.428+08:00&amp#27;[0;39m &amp#27;[32m INFO&amp#27;[0;39m &amp#27;[35m88348&amp#27;[0;39m &amp#27;[2m---&amp#27;[0;39m &amp#27;[2m[           main]&amp#27;[0;39m &amp#27;[2m&amp#27;[0;39m&amp#27;[36mo.apache.catalina.core.StandardEngine   &amp#27;[0;39m &amp#27;[2m:&amp#27;[0;39m Starting Servlet engine: [Apache Tomcat/10.1.16]
&amp#27;[2m2026-01-18T11:45:46.450+08:00&amp#27;[0;39m &amp#27;[32m INFO&amp#27;[0;39m &amp#27;[35m88348&amp#27;[0;39m &amp#27;[2m---&amp#27;[0;39m &amp#27;[2m[           main]&amp#27;[0;39m &amp#27;[2m&amp#27;[0;39m&amp#27;[36mo.a.c.c.C.[Tomcat].[localhost].[/]      &amp#27;[0;39m &amp#27;[2m:&amp#27;[0;39m Initializing Spring embedded WebApplicationContext
&amp#27;[2m2026-01-18T11:45:46.450+08:00&amp#27;[0;39m &amp#27;[32m INFO&amp#27;[0;39m &amp#27;[35m88348&amp#27;[0;39m &amp#27;[2m---&amp#27;[0;39m &amp#27;[2m[           main]&amp#27;[0;39m &amp#27;[2m&amp#27;[0;39m&amp#27;[36mw.s.c.ServletWebServerApplicationContext&amp#27;[0;39m &amp#27;[2m:&amp#27;[0;39m Root WebApplicationContext: initialization completed in 181 ms
&amp#27;[2m2026-01-18T11:45:46.468+08:00&amp#27;[0;39m &amp#27;[32m INFO&amp#27;[0;39m &amp#27;[35m88348&amp#27;[0;39m &amp#27;[2m---&amp#27;[0;39m &amp#27;[2m[           main]&amp#27;[0;39m &amp#27;[2m&amp#27;[0;39m&amp#27;[36mcom.zaxxer.hikari.HikariDataSource      &amp#27;[0;39m &amp#27;[2m:&amp#27;[0;39m HikariPool-60 - Starting...
&amp#27;[2m2026-01-18T11:45:46.469+08:00&amp#27;[0;39m &amp#27;[32m INFO&amp#27;[0;39m &amp#27;[35m88348&amp#27;[0;39m &amp#27;[2m---&amp#27;[0;39m &amp#27;[2m[           main]&amp#27;[0;39m &amp#27;[2m&amp#27;[0;39m&amp#27;[36mcom.zaxxer.hikari.pool.HikariPool       &amp#27;[0;39m &amp#27;[2m:&amp#27;[0;39m HikariPool-60 - Added connection conn590: url=jdbc:h2:mem:solocoffee user=SA
&amp#27;[2m2026-01-18T11:45:46.469+08:00&amp#27;[0;39m &amp#27;[32m INFO&amp#27;[0;39m &amp#27;[35m88348&amp#27;[0;39m &amp#27;[2m---&amp#27;[0;39m &amp#27;[2m[           main]&amp#27;[0;39m &amp#27;[2m&amp#27;[0;39m&amp#27;[36mcom.zaxxer.hikari.HikariDataSource      &amp#27;[0;39m &amp#27;[2m:&amp#27;[0;39m HikariPool-60 - Start completed.
&amp#27;[2m2026-01-18T11:45:46.469+08:00&amp#27;[0;39m &amp#27;[32m INFO&amp#27;[0;39m &amp#27;[35m88348&amp#27;[0;39m &amp#27;[2m---&amp#27;[0;39m &amp#27;[2m[           main]&amp#27;[0;39m &amp#27;[2m&amp#27;[0;39m&amp#27;[36mo.s.b.a.h2.H2ConsoleAutoConfiguration   &amp#27;[0;39m &amp#27;[2m:&amp#27;[0;39m H2 console available at '/h2-console'. Database available at 'jdbc:h2:mem:solocoffee'
&amp#27;[2m2026-01-18T11:45:46.490+08:00&amp#27;[0;39m &amp#27;[32m INFO&amp#27;[0;39m &amp#27;[35m88348&amp#27;[0;39m &amp#27;[2m---&amp#27;[0;39m &amp#27;[2m[           main]&amp#27;[0;39m &amp#27;[2m&amp#27;[0;39m&amp#27;[36mo.hibernate.jpa.internal.util.LogHelper &amp#27;[0;39m &amp#27;[2m:&amp#27;[0;39m HHH000204: Processing PersistenceUnitInfo [name: default]
&amp#27;[2m2026-01-18T11:45:46.491+08:00&amp#27;[0;39m &amp#27;[32m INFO&amp#27;[0;39m &amp#27;[35m88348&amp#27;[0;39m &amp#27;[2m---&amp#27;[0;39m &amp#27;[2m[           main]&amp#27;[0;39m &amp#27;[2m&amp#27;[0;39m&amp#27;[36mo.h.c.internal.RegionFactoryInitiator   &amp#27;[0;39m &amp#27;[2m:&amp#27;[0;39m HHH000026: Second-level cache disabled
&amp#27;[2m2026-01-18T11:45:46.492+08:00&amp#27;[0;39m &amp#27;[32m INFO&amp#27;[0;39m &amp#27;[35m88348&amp#27;[0;39m &amp#27;[2m---&amp#27;[0;39m &amp#27;[2m[           main]&amp#27;[0;39m &amp#27;[2m&amp#27;[0;39m&amp#27;[36mo.s.o.j.p.SpringPersistenceUnitInfo     &amp#27;[0;39m &amp#27;[2m:&amp#27;[0;39m No LoadTimeWeaver setup: ignoring JPA class transformer
&amp#27;[2m2026-01-18T11:45:46.492+08:00&amp#27;[0;39m &amp#27;[33m WARN&amp#27;[0;39m &amp#27;[35m88348&amp#27;[0;39m &amp#27;[2m---&amp#27;[0;39m &amp#27;[2m[           main]&amp#27;[0;39m &amp#27;[2m&amp#27;[0;39m&amp#27;[36morg.hibernate.orm.deprecation           &amp#27;[0;39m &amp#27;[2m:&amp#27;[0;39m HHH90000025: H2Dialect does not need to be specified explicitly using 'hibernate.dialect' (remove the property setting and it will be selected by default)
&amp#27;[2m2026-01-18T11:45:46.561+08:00&amp#27;[0;39m &amp#27;[32m INFO&amp#27;[0;39m &amp#27;[35m88348&amp#27;[0;39m &amp#27;[2m---&amp#27;[0;39m &amp#27;[2m[           main]&amp#27;[0;39m &amp#27;[2m&amp#27;[0;39m&amp#27;[36mo.h.e.t.j.p.i.JtaPlatformInitiator      &amp#27;[0;39m &amp#27;[2m:&amp#27;[0;39m HHH000489: No JTA platform available (set 'hibernate.transaction.jta.platform' to enable JTA platform integration)
Hibernate: drop table if exists category cascade 
Hibernate: drop table if exists customers cascade 
Hibernate: drop table if exists employee cascade 
Hibernate: drop table if exists inventory cascade 
Hibernate: drop table if exists member_levels cascade 
Hibernate: drop table if exists order_items cascade 
Hibernate: drop table if exists orders cascade 
Hibernate: drop table if exists points_records cascade 
Hibernate: drop table if exists product_bom cascade 
Hibernate: drop table if exists products cascade 
Hibernate: drop table if exists raw_material_inventory cascade 
Hibernate: drop table if exists raw_materials cascade 
Hibernate: drop table if exists stores cascade 
Hibernate: create table category (sort_order integer, created_at timestamp(6) not null, id bigint generated by default as identity, updated_at timestamp(6) not null, category_name varchar(255) not null unique, description varchar(255), primary key (id))
Hibernate: create table customers (points int default 0 not null, created_at timestamp(6) not null, id bigint generated by default as identity, last_visit_at timestamp(6), member_level_id bigint, updated_at timestamp(6) not null, avatar_url varchar(255), email varchar(255), name varchar(255), phone varchar(255) not null unique, wechat_open_id varchar(255) unique, primary key (id))
Hibernate: create table employee (status integer not null, created_at timestamp(6) not null, hire_date timestamp(6) not null, id bigint generated by default as identity, store_id bigint not null, updated_at timestamp(6) not null, email varchar(255), employee_id varchar(255) not null unique, name varchar(255) not null, phone varchar(255) not null, position varchar(255) not null, primary key (id))
Hibernate: create table inventory (quantity numeric(38,2) not null, warning_threshold numeric(38,2) not null, created_at timestamp(6) not null, id bigint generated by default as identity, last_purchase_at timestamp(6), last_stocktaking_at timestamp(6), product_id bigint not null, store_id bigint not null, updated_at timestamp(6) not null, unit varchar(255) not null, primary key (id))
Hibernate: create table member_levels (discount_rate numeric(38,2), min_points integer not null, created_at timestamp(6) not null, id bigint generated by default as identity, updated_at timestamp(6) not null, description varchar(255), name varchar(255) not null, primary key (id))
Hibernate: create table order_items (price numeric(38,2) not null, quantity integer not null, subtotal numeric(38,2) not null, id bigint generated by default as identity, order_id bigint not null, product_id bigint not null, options varchar(255), product_name varchar(255) not null, primary key (id))
[...]

  .   ____          _            __ _ _
 /\\ / ___'_ __ _ _(_)_ __  __ _ \ \ \ \
( ( )\___ | '_ | '_| | '_ \/ _` | \ \ \ \
 \\/  ___)| |_)| | | | | || (_| |  ) ) ) )
  '  |____| .__|_| |_|_| |_\__, | / / / /
 =========|_|==============|___/=/_/_/_/
&amp#27;[32m :: Spring Boot :: &amp#27;[39m              &amp#27;[2m (v3.2.0)&amp#27;[0;39m

&amp#27;[2m2026-01-18T11:45:57.830+08:00&amp#27;[0;39m &amp#27;[32m INFO&amp#27;[0;39m &amp#27;[35m88348&amp#27;[0;39m &amp#27;[2m---&amp#27;[0;39m &amp#27;[2m[           main]&amp#27;[0;39m &amp#27;[2m&amp#27;[0;39m&amp#27;[36mc.s.b.i.NotificationIntegrationTest     &amp#27;[0;39m &amp#27;[2m:&amp#27;[0;39m Starting NotificationIntegrationTest using Java 23.0.2 with PID 88348 (started by qixin in /Users/qixin/Google 云端硬盘/教学/企业级应用软件设计与开发/2026/TraeProjects/solo-coffee/backend)
&amp#27;[2m2026-01-18T11:45:57.830+08:00&amp#27;[0;39m &amp#27;[32mDEBUG&amp#27;[0;39m &amp#27;[35m88348&amp#27;[0;39m &amp#27;[2m---&amp#27;[0;39m &amp#27;[2m[           main]&amp#27;[0;39m &amp#27;[2m&amp#27;[0;39m&amp#27;[36mc.s.b.i.NotificationIntegrationTest     &amp#27;[0;39m &amp#27;[2m:&amp#27;[0;39m Running with Spring Boot v3.2.0, Spring v6.1.1
&amp#27;[2m2026-01-18T11:45:57.830+08:00&amp#27;[0;39m &amp#27;[32m INFO&amp#27;[0;39m &amp#27;[35m88348&amp#27;[0;39m &amp#27;[2m---&amp#27;[0;39m &amp#27;[2m[           main]&amp#27;[0;39m &amp#27;[2m&amp#27;[0;39m&amp#27;[36mc.s.b.i.NotificationIntegrationTest     &amp#27;[0;39m &amp#27;[2m:&amp#27;[0;39m The following 1 profile is active: "test"
&amp#27;[2m2026-01-18T11:45:57.962+08:00&amp#27;[0;39m &amp#27;[32m INFO&amp#27;[0;39m &amp#27;[35m88348&amp#27;[0;39m &amp#27;[2m---&amp#27;[0;39m &amp#27;[2m[           main]&amp#27;[0;39m &amp#27;[2m&amp#27;[0;39m&amp#27;[36m.s.d.r.c.RepositoryConfigurationDelegate&amp#27;[0;39m &amp#27;[2m:&amp#27;[0;39m Bootstrapping Spring Data JPA repositories in DEFAULT mode.
&amp#27;[2m2026-01-18T11:45:57.965+08:00&amp#27;[0;39m &amp#27;[32m INFO&amp#27;[0;39m &amp#27;[35m88348&amp#27;[0;39m &amp#27;[2m---&amp#27;[0;39m &amp#27;[2m[           main]&amp#27;[0;39m &amp#27;[2m&amp#27;[0;39m&amp#27;[36m.s.d.r.c.RepositoryConfigurationDelegate&amp#27;[0;39m &amp#27;[2m:&amp#27;[0;39m Finished Spring Data repository scanning in 3 ms. Found 11 JPA repository interfaces.
&amp#27;[2m2026-01-18T11:45:57.992+08:00&amp#27;[0;39m &amp#27;[32m INFO&amp#27;[0;39m &amp#27;[35m88348&amp#27;[0;39m &amp#27;[2m---&amp#27;[0;39m &amp#27;[2m[           main]&amp#27;[0;39m &amp#27;[2m&amp#27;[0;39m&amp#27;[36mo.s.b.w.embedded.tomcat.TomcatWebServer &amp#27;[0;39m &amp#27;[2m:&amp#27;[0;39m Tomcat initialized with port 0 (http)
&amp#27;[2m2026-01-18T11:45:57.992+08:00&amp#27;[0;39m &amp#27;[32m INFO&amp#27;[0;39m &amp#27;[35m88348&amp#27;[0;39m &amp#27;[2m---&amp#27;[0;39m &amp#27;[2m[           main]&amp#27;[0;39m &amp#27;[2m&amp#27;[0;39m&amp#27;[36mo.apache.catalina.core.StandardService  &amp#27;[0;39m &amp#27;[2m:&amp#27;[0;39m Starting service [Tomcat]
&amp#27;[2m2026-01-18T11:45:57.992+08:00&amp#27;[0;39m &amp#27;[32m INFO&amp#27;[0;39m &amp#27;[35m88348&amp#27;[0;39m &amp#27;[2m---&amp#27;[0;39m &amp#27;[2m[           main]&amp#27;[0;39m &amp#27;[2m&amp#27;[0;39m&amp#27;[36mo.apache.catalina.core.StandardEngine   &amp#27;[0;39m &amp#27;[2m:&amp#27;[0;39m Starting Servlet engine: [Apache Tomcat/10.1.16]
&amp#27;[2m2026-01-18T11:45:58.012+08:00&amp#27;[0;39m &amp#27;[32m INFO&amp#27;[0;39m &amp#27;[35m88348&amp#27;[0;39m &amp#27;[2m---&amp#27;[0;39m &amp#27;[2m[           main]&amp#27;[0;39m &amp#27;[2m&amp#27;[0;39m&amp#27;[36mo.a.c.c.C.[Tomcat].[localhost].[/]      &amp#27;[0;39m &amp#27;[2m:&amp#27;[0;39m Initializing Spring embedded WebApplicationContext
&amp#27;[2m2026-01-18T11:45:58.012+08:00&amp#27;[0;39m &amp#27;[32m INFO&amp#27;[0;39m &amp#27;[35m88348&amp#27;[0;39m &amp#27;[2m---&amp#27;[0;39m &amp#27;[2m[           main]&amp#27;[0;39m &amp#27;[2m&amp#27;[0;39m&amp#27;[36mw.s.c.ServletWebServerApplicationContext&amp#27;[0;39m &amp#27;[2m:&amp#27;[0;39m Root WebApplicationContext: initialization completed in 181 ms
&amp#27;[2m2026-01-18T11:45:58.026+08:00&amp#27;[0;39m &amp#27;[32m INFO&amp#27;[0;39m &amp#27;[35m88348&amp#27;[0;39m &amp#27;[2m---&amp#27;[0;39m &amp#27;[2m[           main]&amp#27;[0;39m &amp#27;[2m&amp#27;[0;39m&amp#27;[36mcom.zaxxer.hikari.HikariDataSource      &amp#27;[0;39m &amp#27;[2m:&amp#27;[0;39m HikariPool-61 - Starting...
&amp#27;[2m2026-01-18T11:45:58.027+08:00&amp#27;[0;39m &amp#27;[32m INFO&amp#27;[0;39m &amp#27;[35m88348&amp#27;[0;39m &amp#27;[2m---&amp#27;[0;39m &amp#27;[2m[           main]&amp#27;[0;39m &amp#27;[2m&amp#27;[0;39m&amp#27;[36mcom.zaxxer.hikari.pool.HikariPool       &amp#27;[0;39m &amp#27;[2m:&amp#27;[0;39m HikariPool-61 - Added connection conn600: url=jdbc:h2:mem:solocoffee user=SA
&amp#27;[2m2026-01-18T11:45:58.027+08:00&amp#27;[0;39m &amp#27;[32m INFO&amp#27;[0;39m &amp#27;[35m88348&amp#27;[0;39m &amp#27;[2m---&amp#27;[0;39m &amp#27;[2m[           main]&amp#27;[0;39m &amp#27;[2m&amp#27;[0;39m&amp#27;[36mcom.zaxxer.hikari.HikariDataSource      &amp#27;[0;39m &amp#27;[2m:&amp#27;[0;39m HikariPool-61 - Start completed.
&amp#27;[2m2026-01-18T11:45:58.027+08:00&amp#27;[0;39m &amp#27;[32m INFO&amp#27;[0;39m &amp#27;[35m88348&amp#27;[0;39m &amp#27;[2m---&amp#27;[0;39m &amp#27;[2m[           main]&amp#27;[0;39m &amp#27;[2m&amp#27;[0;39m&amp#27;[36mo.s.b.a.h2.H2ConsoleAutoConfiguration   &amp#27;[0;39m &amp#27;[2m:&amp#27;[0;39m H2 console available at '/h2-console'. Database available at 'jdbc:h2:mem:solocoffee'
&amp#27;[2m2026-01-18T11:45:58.042+08:00&amp#27;[0;39m &amp#27;[32m INFO&amp#27;[0;39m &amp#27;[35m88348&amp#27;[0;39m &amp#27;[2m---&amp#27;[0;39m &amp#27;[2m[           main]&amp#27;[0;39m &amp#27;[2m&amp#27;[0;39m&amp#27;[36mo.hibernate.jpa.internal.util.LogHelper &amp#27;[0;39m &amp#27;[2m:&amp#27;[0;39m HHH000204: Processing PersistenceUnitInfo [name: default]
&amp#27;[2m2026-01-18T11:45:58.043+08:00&amp#27;[0;39m &amp#27;[32m INFO&amp#27;[0;39m &amp#27;[35m88348&amp#27;[0;39m &amp#27;[2m---&amp#27;[0;39m &amp#27;[2m[           main]&amp#27;[0;39m &amp#27;[2m&amp#27;[0;39m&amp#27;[36mo.h.c.internal.RegionFactoryInitiator   &amp#27;[0;39m &amp#27;[2m:&amp#27;[0;39m HHH000026: Second-level cache disabled
&amp#27;[2m2026-01-18T11:45:58.043+08:00&amp#27;[0;39m &amp#27;[32m INFO&amp#27;[0;39m &amp#27;[35m88348&amp#27;[0;39m &amp#27;[2m---&amp#27;[0;39m &amp#27;[2m[           main]&amp#27;[0;39m &amp#27;[2m&amp#27;[0;39m&amp#27;[36mo.s.o.j.p.SpringPersistenceUnitInfo     &amp#27;[0;39m &amp#27;[2m:&amp#27;[0;39m No LoadTimeWeaver setup: ignoring JPA class transformer
&amp#27;[2m2026-01-18T11:45:58.044+08:00&amp#27;[0;39m &amp#27;[33m WARN&amp#27;[0;39m &amp#27;[35m88348&amp#27;[0;39m &amp#27;[2m---&amp#27;[0;39m &amp#27;[2m[           main]&amp#27;[0;39m &amp#27;[2m&amp#27;[0;39m&amp#27;[36morg.hibernate.orm.deprecation           &amp#27;[0;39m &amp#27;[2m:&amp#27;[0;39m HHH90000025: H2Dialect does not need to be specified explicitly using 'hibernate.dialect' (remove the property setting and it will be selected by default)
&amp#27;[2m2026-01-18T11:45:58.068+08:00&amp#27;[0;39m &amp#27;[32m INFO&amp#27;[0;39m &amp#27;[35m88348&amp#27;[0;39m &amp#27;[2m---&amp#27;[0;39m &amp#27;[2m[           main]&amp#27;[0;39m &amp#27;[2m&amp#27;[0;39m&amp#27;[36mo.h.e.t.j.p.i.JtaPlatformInitiator      &amp#27;[0;39m &amp#27;[2m:&amp#27;[0;39m HHH000489: No JTA platform available (set 'hibernate.transaction.jta.platform' to enable JTA platform integration)
Hibernate: drop table if exists category cascade 
Hibernate: drop table if exists customers cascade 
Hibernate: drop table if exists employee cascade 
Hibernate: drop table if exists inventory cascade 
Hibernate: drop table if exists member_levels cascade 
Hibernate: drop table if exists order_items cascade 
Hibernate: drop table if exists orders cascade 
Hibernate: drop table if exists points_records cascade 
Hibernate: drop table if exists product_bom cascade 
Hibernate: drop table if exists products cascade 
Hibernate: drop table if exists raw_material_inventory cascade 
Hibernate: drop table if exists raw_materials cascade 
Hibernate: drop table if exists stores cascade 
Hibernate: create table category (sort_order integer, created_at timestamp(6) not null, id bigint generated by default as identity, updated_at timestamp(6) not null, category_name varchar(255) not null unique, description varchar(255), primary key (id))
Hibernate: create table customers (points int default 0 not null, created_at timestamp(6) not null, id bigint generated by default as identity, last_visit_at timestamp(6), member_level_id bigint, updated_at timestamp(6) not null, avatar_url varchar(255), email varchar(255), name varchar(255), phone varchar(255) not null unique, wechat_open_id varchar(255) unique, primary key (id))
Hibernate: create table employee (status integer not null, created_at timestamp(6) not null, hire_date timestamp(6) not null, id bigint generated by default as identity, store_id bigint not null, updated_at timestamp(6) not null, email varchar(255), employee_id varchar(255) not null unique, name varchar(255) not null, phone varchar(255) not null, position varchar(255) not null, primary key (id))
Hibernate: create table inventory (quantity numeric(38,2) not null, warning_threshold numeric(38,2) not null, created_at timestamp(6) not null, id bigint generated by default as identity, last_purchase_at timestamp(6), last_stocktaking_at timestamp(6), product_id bigint not null, store_id bigint not null, updated_at timestamp(6) not null, unit varchar(255) not null, primary key (id))
Hibernate: create table member_levels (discount_rate numeric(38,2), min_points integer not null, created_at timestamp(6) not null, id bigint generated by default as identity, updated_at timestamp(6) not null, description varchar(255), name varchar(255) not null, primary key (id))
Hibernate: create table order_items (price numeric(38,2) not null, quantity integer not null, subtotal numeric(38,2) not null, id bigint generated by default as identity, order_id bigint not null, product_id bigint not null, options varchar(255), product_name varchar(255) not null, primary key (id))
Hibernate: create table orders (actual_amount numeric(38,2) not null, order_status integer not null, payment_method integer not null, total_amount numeric(38,2) not null, created_at timestamp(6) not null, customer_id bigint, id bigint generated by default as identity, pickup_time timestamp(6), store_id bigint not null, updated_at timestamp(6) not null, order_no varchar(255) not null unique, remarks varchar(255), primary key (id))
Hibernate: create table points_records (points integer not null, type integer not null, created_at timestamp(6) not null, customer_id bigint not null, id bigint generated by default as identity, related_id bigint, description varchar(255), primary key (id))
Hibernate: create table product_bom (is_main boolean, quantity numeric(38,2) not null, created_at timestamp(6) not null, id bigint generated by default as identity, material_id bigint not null, product_id bigint not null, updated_at timestamp(6) not null, description varchar(255), unit varchar(255) not null, primary key (id))
Hibernate: create table products (price numeric(38,2) not null, status integer not null, category_id bigint not null, created_at timestamp(6) not null, id bigint generated by default as identity, updated_at timestamp(6) not null, description varchar(255), image_url varchar(255), name varchar(255) not null, product_no varchar(255) not null unique, primary key (id))
Hibernate: create table raw_material_inventory (quantity numeric(38,2) not null, warning_threshold numeric(38,2) not null, created_at timestamp(6) not null, id bigint generated by default as identity, last_purchase_at timestamp(6), last_stocktaking_at timestamp(6), material_id bigint not null, store_id bigint not null, updated_at timestamp(6) not null, primary key (id))
Hibernate: create table raw_materials (status integer not null, created_at timestamp(6) not null, id bigint generated by default as identity, supplier_id bigint, updated_at timestamp(6) not null, category varchar(255), description varchar(255), material_no varchar(255) not null unique, name varchar(255) not null, unit varchar(255) not null, primary key (id))
Hibernate: create table stores (status integer not null, created_at timestamp(6) not null, id bigint generated by default as identity, manager_id bigint, updated_at timestamp(6) not null, address varchar(255) not null, business_hours varchar(255) not null, email varchar(255), name varchar(255) not null, phone varchar(255) not null, primary key (id))
Hibernate: alter table if exists order_items add constraint FKbioxgbv59vetrxe0ejfubep1w foreign key (order_id) references orders
&amp#27;[2m2026-01-18T11:45:58.070+08:00&amp#27;[0;39m &amp#27;[32m INFO&amp#27;[0;39m &amp#27;[35m88348&amp#27;[0;39m &amp#27;[2m---&amp#27;[0;39m &amp#27;[2m[           main]&amp#27;[0;39m &amp#27;[2m&amp#27;[0;39m&amp#27;[36mj.LocalContainerEntityManagerFactoryBean&amp#27;[0;39m &amp#27;[2m:&amp#27;[0;39m Initialized JPA EntityManagerFactory for persistence unit 'default'
&amp#27;[2m2026-01-18T11:45:58.132+08:00&amp#27;[0;39m &amp#27;[33m WARN&amp#27;[0;39m &amp#27;[35m88348&amp#27;[0;39m &amp#27;[2m---&amp#27;[0;39m &amp#27;[2m[           main]&amp#27;[0;39m &amp#27;[2m&amp#27;[0;39m&amp#27;[36mJpaBaseConfiguration$JpaWebConfiguration&amp#27;[0;39m &amp#27;[2m:&amp#27;[0;39m spring.jpa.open-in-view is enabled by default. Therefore, database queries may be performed during view rendering. Explicitly configure spring.jpa.open-in-view to disable this warning
&amp#27;[2m2026-01-18T11:45:58.192+08:00&amp#27;[0;39m &amp#27;[32m INFO&amp#27;[0;39m &amp#27;[35m88348&amp#27;[0;39m &amp#27;[2m---&amp#27;[0;39m &amp#27;[2m[           main]&amp#27;[0;39m &amp#27;[2m&amp#27;[0;39m&amp#27;[36mo.s.b.a.e.web.EndpointLinksResolver     &amp#27;[0;39m &amp#27;[2m:&amp#27;[0;39m Exposing 13 endpoint(s) beneath base path '/actuator'
&amp#27;[2m2026-01-18T11:45:58.195+08:00&amp#27;[0;39m &amp#27;[32m INFO&amp#27;[0;39m &amp#27;[35m88348&amp#27;[0;39m &amp#27;[2m---&amp#27;[0;39m &amp#27;[2m[           main]&amp#27;[0;39m &amp#27;[2m&amp#27;[0;39m&amp#27;[36mo.s.s.web.DefaultSecurityFilterChain    &amp#27;[0;39m &amp#27;[2m:&amp#27;[0;39m Will secure any request with [org.springframework.security.web.session.DisableEncodeUrlFilter@3e739c4f, org.springframework.security.web.context.request.async.WebAsyncManagerIntegrationFilter@2e2a602e, org.springframework.security.web.context.SecurityContextHolderFilter@6f24dfbb, org.springframework.security.web.header.HeaderWriterFilter@42ad37e8, org.springframework.web.filter.CorsFilter@22af1643, org.springframework.security.web.authentication.logout.LogoutFilter@1f9d8a1d, org.springframework.security.web.savedrequest.RequestCacheAwareFilter@5d227b24, org.springframework.security.web.servletapi.SecurityContextHolderAwareRequestFilter@513983a3, org.springframework.security.web.authentication.AnonymousAuthenticationFilter@302c0934, org.springframework.security.web.access.ExceptionTranslationFilter@3d3068cb, org.springframework.security.web.access.intercept.FilterSecurityInterceptor@5d30315b]
&amp#27;[2m2026-01-18T11:45:58.251+08:00&amp#27;[0;39m &amp#27;[32m INFO&amp#27;[0;39m &amp#27;[35m88348&amp#27;[0;39m &amp#27;[2m---&amp#27;[0;39m &amp#27;[2m[           main]&amp#27;[0;39m &amp#27;[2m&amp#27;[0;39m&amp#27;[36mo.s.b.w.embedded.tomcat.TomcatWebServer &amp#27;[0;39m &amp#27;[2m:&amp#27;[0;39m Tomcat started on port 63654 (http) with context path ''
&amp#27;[2m2026-01-18T11:45:58.252+08:00&amp#27;[0;39m &amp#27;[32m INFO&amp#27;[0;39m &amp#27;[35m88348&amp#27;[0;39m &amp#27;[2m---&amp#27;[0;39m &amp#27;[2m[           main]&amp#27;[0;39m &amp#27;[2m&amp#27;[0;39m&amp#27;[36mc.s.b.i.NotificationIntegrationTest     &amp#27;[0;39m &amp#27;[2m:&amp#27;[0;39m Started NotificationIntegrationTest in 0.434 seconds (process running for 693.01)
&amp#27;[2m2026-01-18T11:45:58.257+08:00&amp#27;[0;39m &amp#27;[32m INFO&amp#27;[0;39m &amp#27;[35m88348&amp#27;[0;39m &amp#27;[2m---&amp#27;[0;39m &amp#27;[2m[-auto-61-exec-1]&amp#27;[0;39m &amp#27;[2m&amp#27;[0;39m&amp#27;[36mo.a.c.c.C.[Tomcat].[localhost].[/]      &amp#27;[0;39m &amp#27;[2m:&amp#27;[0;39m Initializing Spring DispatcherServlet 'dispatcherServlet'
&amp#27;[2m2026-01-18T11:45:58.257+08:00&amp#27;[0;39m &amp#27;[32m INFO&amp#27;[0;39m &amp#27;[35m88348&amp#27;[0;39m &amp#27;[2m---&amp#27;[0;39m &amp#27;[2m[-auto-61-exec-1]&amp#27;[0;39m &amp#27;[2m&amp#27;[0;39m&amp#27;[36mo.s.web.servlet.DispatcherServlet       &amp#27;[0;39m &amp#27;[2m:&amp#27;[0;39m Initializing Servlet 'dispatcherServlet'
&amp#27;[2m2026-01-18T11:45:58.257+08:00&amp#27;[0;39m &amp#27;[32m INFO&amp#27;[0;39m &amp#27;[35m88348&amp#27;[0;39m &amp#27;[2m---&amp#27;[0;39m &amp#27;[2m[-auto-61-exec-1]&amp#27;[0;39m &amp#27;[2m&amp#27;[0;39m&amp#27;[36mo.s.web.servlet.DispatcherServlet       &amp#27;[0;39m &amp#27;[2m:&amp#27;[0;39m Completed initialization in 0 ms
&amp#27;[2m2026-01-18T11:45:58.258+08:00&amp#27;[0;39m &amp#27;[33m WARN&amp#27;[0;39m &amp#27;[35m88348&amp#27;[0;39m &amp#27;[2m---&amp#27;[0;39m &amp#27;[2m[-auto-61-exec-1]&amp#27;[0;39m &amp#27;[2m&amp#27;[0;39m&amp#27;[36mo.s.w.s.h.HandlerMappingIntrospector    &amp#27;[0;39m &amp#27;[2m:&amp#27;[0;39m Cache miss for REQUEST dispatch to '/api/v1/members' (previous null). Performing CorsConfiguration lookup. This is logged once only at WARN level, and every time at TRACE.
&amp#27;[2m2026-01-18T11:45:58.259+08:00&amp#27;[0;39m &amp#27;[32mDEBUG&amp#27;[0;39m &amp#27;[35m88348&amp#27;[0;39m &amp#27;[2m---&amp#27;[0;39m &amp#27;[2m[-auto-61-exec-1]&amp#27;[0;39m &amp#27;[2m&amp#27;[0;39m&amp#27;[36mc.s.backend.service.MemberService       &amp#27;[0;39m &amp#27;[2m:&amp#27;[0;39m 会员注册: name=Test Customer, phone=13800138000, email=customer@example.com
Hibernate: select c1_0.id,c1_0.avatar_url,c1_0.created_at,c1_0.email,c1_0.last_visit_at,c1_0.member_level_id,c1_0.name,c1_0.phone,c1_0.points,c1_0.updated_at,c1_0.wechat_open_id from customers c1_0
Hibernate: insert into customers (avatar_url,created_at,email,last_visit_at,member_level_id,name,phone,points,updated_at,wechat_open_id,id) values (?,?,?,?,?,?,?,?,?,?,default)
&amp#27;[2m2026-01-18T11:45:58.261+08:00&amp#27;[0;39m &amp#27;[32m INFO&amp#27;[0;39m &amp#27;[35m88348&amp#27;[0;39m &amp#27;[2m---&amp#27;[0;39m &amp#27;[2m[-auto-61-exec-1]&amp#27;[0;39m &amp#27;[2m&amp#27;[0;39m&amp#27;[36mc.s.backend.service.MemberService       &amp#27;[0;39m &amp#27;[2m:&amp#27;[0;39m 会员注册成功: id=1, phone=13800138000
&amp#27;[2m2026-01-18T11:45:58.263+08:00&amp#27;[0;39m &amp#27;[32m INFO&amp#27;[0;39m &amp#27;[35m88348&amp#27;[0;39m &amp#27;[2m---&amp#27;[0;39m &amp#27;[2m[-auto-61-exec-2]&amp#27;[0;39m &amp#27;[2m&amp#27;[0;39m&amp#27;[36mc.s.b.controller.NotificationController &amp#27;[0;39m &amp#27;[2m:&amp#27;[0;39m 获取未读通知数量请求，客户ID: 1
&amp#27;[2m2026-01-18T11:45:58.264+08:00&amp#27;[0;39m &amp#27;[32mDEBUG&amp#27;[0;39m &amp#27;[35m88348&amp#27;[0;39m &amp#27;[2m---&amp#27;[0;39m &amp#27;[2m[-auto-61-exec-2]&amp#27;[0;39m &amp#27;[2m&amp#27;[0;39m&amp#27;[36mc.s.backend.service.NotificationService &amp#27;[0;39m &amp#27;[2m:&amp#27;[0;39m 获取未读通知数量，客户ID: 1
&amp#27;[2m2026-01-18T11:45:58.264+08:00&amp#27;[0;39m &amp#27;[32m INFO&amp#27;[0;39m &amp#27;[35m88348&amp#27;[0;39m &amp#27;[2m---&amp#27;[0;39m &amp#27;[2m[-auto-61-exec-2]&amp#27;[0;39m &amp#27;[2m&amp#27;[0;39m&amp#27;[36mc.s.backend.service.NotificationService &amp#27;[0;39m &amp#27;[2m:&amp#27;[0;39m 获取未读通知数量完成，数量: 0
]]></system-out>
  </testcase>
</testsuite>